

================================================================
== Vivado HLS Report for 'detectFaceS24ii'
================================================================
* Date:           Mon Feb 26 14:01:07 2018

* Version:        2017.2 (Build 1909853 on Thu Jun 15 18:55:24 MDT 2017)
* Project:        S24FaceDetectII
* Solution:       solution1
* Product family: artix7
* Target device:  xc7a200tfbg676-1


================================================================
== Performance Estimates
================================================================
+ Timing (ns): 
    * Summary: 
    +--------+-------+----------+------------+
    |  Clock | Target| Estimated| Uncertainty|
    +--------+-------+----------+------------+
    |ap_clk  |  10.00|     11.00|        1.25|
    +--------+-------+----------+------------+

+ Latency (clock cycles): 
    * Summary: 
    +------+------+------+------+---------+
    |   Latency   |   Interval  | Pipeline|
    |  min |  max |  min |  max |   Type  |
    +------+------+------+------+---------+
    |  7073|  7073|  7074|  7074|   none  |
    +------+------+------+------+---------+

    + Detail: 
        * Instance: 
        N/A

        * Loop: 
        +---------------+------+------+----------+-----------+-----------+------+----------+
        |               |   Latency   | Iteration|  Initiation Interval  | Trip |          |
        |   Loop Name   |  min |  max |  Latency |  achieved |   target  | Count| Pipelined|
        +---------------+------+------+----------+-----------+-----------+------+----------+
        |- Loop_Buffer  |    92|    92|         4|          -|          -|    23|    no    |
        |- Loop_iiRow   |  1776|  1776|        74|          -|          -|    24|    no    |
        | + Loop_iiCol  |    69|    69|         3|          -|          -|    23|    no    |
        |- Loop_Nodes   |  5200|  5200|        26|          -|          -|   200|    no    |
        +---------------+------+------+----------+-----------+-----------+------+----------+



================================================================
== Utilization Estimates
================================================================
* Summary: 
+-----------------+---------+-------+--------+--------+
|       Name      | BRAM_18K| DSP48E|   FF   |   LUT  |
+-----------------+---------+-------+--------+--------+
|DSP              |        -|      2|       -|       -|
|Expression       |        -|      1|    1732|    1330|
|FIFO             |        -|      -|       -|       -|
|Instance         |        -|      2|     610|     648|
|Memory           |       24|      -|      32|       6|
|Multiplexer      |        -|      -|       -|     569|
|Register         |        -|      -|     702|       -|
+-----------------+---------+-------+--------+--------+
|Total            |       24|      5|    3076|    2553|
+-----------------+---------+-------+--------+--------+
|Available        |      730|    740|  269200|  129000|
+-----------------+---------+-------+--------+--------+
|Utilization (%)  |        3|   ~0  |       1|       1|
+-----------------+---------+-------+--------+--------+

+ Detail: 
    * Instance: 
    +-------------------------+----------------------+---------+-------+-----+-----+
    |         Instance        |        Module        | BRAM_18K| DSP48E|  FF | LUT |
    +-------------------------+----------------------+---------+-------+-----+-----+
    |detectFaceS24ii_fjbC_U0  |detectFaceS24ii_fjbC  |        0|      2|  205|  205|
    |detectFaceS24ii_flbW_U2  |detectFaceS24ii_flbW  |        0|      0|   66|   70|
    |detectFaceS24ii_skbM_U1  |detectFaceS24ii_skbM  |        0|      0|  339|  373|
    +-------------------------+----------------------+---------+-------+-----+-----+
    |Total                    |                      |        0|      2|  610|  648|
    +-------------------------+----------------------+---------+-------+-----+-----+

    * DSP48: 
    +-------------------------+----------------------+---------------------+
    |         Instance        |        Module        |      Expression     |
    +-------------------------+----------------------+---------------------+
    |detectFaceS24ii_amb6_U3  |detectFaceS24ii_amb6  | i0 * (i1 + i2) + i3 |
    |detectFaceS24ii_ancg_U4  |detectFaceS24ii_ancg  | i0 + i1 * (i2 + i3) |
    +-------------------------+----------------------+---------------------+

    * Memory: 
    +------------------------+----------------------+---------+----+----+-------+-----+------+-------------+
    |         Memory         |        Module        | BRAM_18K| FF | LUT| Words | Bits| Banks| W*Bits*Banks|
    +------------------------+----------------------+---------+----+----+-------+-----+------+-------------+
    |colBuffer_U             |detectFaceS24ii_ccud  |        0|  32|   6|     24|   16|     1|          384|
    |ii_U                    |detectFaceS24ii_ii    |        1|   0|   0|    576|   18|     1|        10368|
    |lineBuffer_U            |detectFaceS24ii_lbkb  |       16|   0|   0|  15360|   16|     1|       245760|
    |stage24Nodes_U          |detectFaceS24ii_sdEe  |        2|   0|   0|    600|   32|     1|        19200|
    |stage24RectsExtend_0_U  |detectFaceS24ii_seOg  |        1|   0|   0|    600|    5|     1|         3000|
    |stage24RectsExtend_1_U  |detectFaceS24ii_sfYi  |        1|   0|   0|    600|    5|     1|         3000|
    |stage24RectsExtend_2_U  |detectFaceS24ii_sg8j  |        1|   0|   0|    600|    5|     1|         3000|
    |stage24RectsExtend_3_U  |detectFaceS24ii_shbi  |        1|   0|   0|    600|    5|     1|         3000|
    |stage24RectsExtend_4_U  |detectFaceS24ii_sibs  |        1|   0|   0|    600|    3|     1|         1800|
    +------------------------+----------------------+---------+----+----+-------+-----+------+-------------+
    |Total                   |                      |       24|  32|   6|  19560|  105|     9|       289512|
    +------------------------+----------------------+---------+----+----+-------+-----+------+-------------+

    * FIFO: 
    N/A

    * Expression: 
    +---------------------------------+----------+-------+----+----+------------+------------+
    |          Variable Name          | Operation| DSP48E| FF | LUT| Bitwidth P0| Bitwidth P1|
    +---------------------------------+----------+-------+----+----+------------+------------+
    |tmp_35_2_fu_1596_p2              |     *    |      1|   0|  73|           3|          20|
    |coordDownL_1_fu_1250_p2          |     +    |      0|  38|  16|          11|          11|
    |coordDownL_2_fu_1469_p2          |     +    |      0|  38|  16|          11|          11|
    |coordDownL_fu_1037_p2            |     +    |      0|  38|  16|          11|          11|
    |coordDownR_1_fu_1260_p2          |     +    |      0|  38|  16|          11|          11|
    |coordDownR_2_fu_1479_p2          |     +    |      0|  38|  16|          11|          11|
    |coordDownR_fu_1047_p2            |     +    |      0|  38|  16|          11|          11|
    |coordUpL_1_fu_1164_p2            |     +    |      0|   0|  11|          11|          11|
    |coordUpL_2_fu_1383_p2            |     +    |      0|   0|  11|          11|          11|
    |coordUpL_fu_992_p2               |     +    |      0|   0|  11|          11|          11|
    |coordUpR_1_fu_1215_p2            |     +    |      0|  38|  16|          11|          11|
    |coordUpR_2_fu_1434_p2            |     +    |      0|  38|  16|          11|          11|
    |coordUpR_fu_1002_p2              |     +    |      0|  38|  16|          11|          11|
    |lValue_1_fu_1722_p2              |     +    |      0|  38|  16|          11|          11|
    |nodeIdx_1_fu_863_p2              |     +    |      0|  29|  13|           8|           1|
    |rectsUsed_1_fu_1286_p2           |     +    |      0|  35|  15|           2|          10|
    |row_2_fu_740_p2                  |     +    |      0|  20|  10|           5|           1|
    |tmp26_fu_982_p2                  |     +    |      0|  23|  11|           6|           6|
    |tmp27_fu_1154_p2                 |     +    |      0|  23|  11|           6|           6|
    |tmp28_fu_1373_p2                 |     +    |      0|  23|  11|           6|           6|
    |tmp_10_fu_817_p2                 |     +    |      0|  38|  16|          11|           5|
    |tmp_13_fu_847_p2                 |     +    |      0|   0|  11|          18|          18|
    |tmp_14_fu_802_p2                 |     +    |      0|  38|  16|          11|          11|
    |tmp_16_fu_812_p2                 |     +    |      0|  38|  16|          11|          11|
    |tmp_17_fu_796_p2                 |     +    |      0|  20|  10|           5|           1|
    |tmp_19_fu_606_p2                 |     +    |      0|  50|  20|          14|          15|
    |tmp_20_1_fu_1058_p2              |     +    |      0|  35|  15|           1|          10|
    |tmp_20_2_fu_1271_p2              |     +    |      0|  35|  15|           2|          10|
    |tmp_2_fu_723_p2                  |     +    |      0|   0|  11|          16|          16|
    |tmp_31_fu_644_p2                 |     +    |      0|   0|  11|          15|          15|
    |tmp_33_fu_650_p2                 |     +    |      0|   0|  11|          15|          15|
    |tmp_34_2_fu_1584_p2              |     +    |      0|  65|  25|          20|          20|
    |tmp_3_fu_666_p2                  |     +    |      0|  20|  10|           5|           1|
    |tmp_42_fu_696_p2                 |     +    |      0|   0|  11|          15|          15|
    |tmp_43_fu_702_p2                 |     +    |      0|   0|  11|          15|          15|
    |sumA_1_fu_1308_p2                |     -    |      0|  62|  24|          19|          19|
    |sumA_fu_1089_p2                  |     -    |      0|  62|  24|          19|          19|
    |sumA_s_fu_1557_p2                |     -    |      0|  62|  24|          19|          19|
    |sumB_1_1_fu_1403_p2              |     -    |      0|  62|  24|          19|          19|
    |sumB_1_2_fu_1512_p2              |     -    |      0|  62|  24|          19|          19|
    |sumB_1_fu_1184_p2                |     -    |      0|  62|  24|          19|          19|
    |sumB_3_fu_1502_p2                |     -    |      0|  62|  24|           1|          19|
    |sumB_fu_1174_p2                  |     -    |      0|  62|  24|           1|          19|
    |sumB_s_fu_1393_p2                |     -    |      0|  62|  24|           1|          19|
    |tmp_12_fu_841_p2                 |     -    |      0|   0|  11|          18|          18|
    |tmp_15_fu_827_p2                 |     -    |      0|  59|  23|          18|          18|
    |tmp_1_fu_719_p2                  |     -    |      0|   0|  11|          16|          16|
    |tmp_20_fu_1031_p2                |     -    |      0|  38|  16|          11|          11|
    |tmp_21_1_fu_1148_p2              |     -    |      0|   0|  11|          11|          11|
    |tmp_21_2_fu_1367_p2              |     -    |      0|   0|  11|          11|          11|
    |tmp_23_1_fu_1244_p2              |     -    |      0|  38|  16|          11|          11|
    |tmp_23_2_fu_1463_p2              |     -    |      0|  38|  16|          11|          11|
    |tmp_4_fu_714_p2                  |     -    |      0|  53|  21|          16|          16|
    |tmp_5_fu_770_p2                  |     -    |      0|  38|  16|          11|          11|
    |tmp_8_fu_881_p2                  |     -    |      0|  38|  16|          11|          11|
    |tmp_9_fu_976_p2                  |     -    |      0|   0|  11|          11|          11|
    |sel_tmp10_fu_1530_p2             |    and   |      0|   0|   2|           1|           1|
    |sel_tmp2_fu_1107_p2              |    and   |      0|   0|   2|           1|           1|
    |sel_tmp5_fu_1326_p2              |    and   |      0|   0|   2|           1|           1|
    |tmp_25_fu_932_p2                 |    and   |      0|   0|   2|           1|           1|
    |tmp_36_fu_1702_p2                |    and   |      0|   0|   2|           1|           1|
    |tmp_38_fu_1708_p2                |    and   |      0|   0|   2|           1|           1|
    |exitcond1_fu_857_p2              |   icmp   |      0|   0|   4|           8|           7|
    |exitcond2_fu_790_p2              |   icmp   |      0|   0|   2|           5|           5|
    |exitcond3_fu_734_p2              |   icmp   |      0|   0|   2|           5|           5|
    |exitcond4_fu_660_p2              |   icmp   |      0|   0|   2|           5|           5|
    |grp_fu_571_p2                    |   icmp   |      0|   0|   2|           5|           1|
    |grp_fu_577_p2                    |   icmp   |      0|   0|   2|           5|           1|
    |notlhs1_fu_914_p2                |   icmp   |      0|   0|   4|           8|           2|
    |notlhs2_fu_1684_p2               |   icmp   |      0|   0|   4|           8|           2|
    |notlhs_fu_1666_p2                |   icmp   |      0|   0|   4|           8|           2|
    |notrhs1_fu_920_p2                |   icmp   |      0|   0|  13|          23|           1|
    |notrhs2_fu_1690_p2               |   icmp   |      0|   0|  13|          23|           1|
    |notrhs_fu_1672_p2                |   icmp   |      0|   0|  13|          23|           1|
    |tmp_23_fu_926_p2                 |    or    |      0|   0|   2|           1|           1|
    |tmp_34_fu_1678_p2                |    or    |      0|   0|   2|           1|           1|
    |tmp_35_fu_1696_p2                |    or    |      0|   0|   2|           1|           1|
    |tmp_6_fu_781_p2                  |    or    |      0|   0|  11|          11|           1|
    |lValue_1_v_cast_cast_fu_1714_p3  |  select  |      0|   0|   2|           1|           1|
    |sel_tmp11_fu_1535_p3             |  select  |      0|   0|  19|           1|          19|
    |sel_tmp4_fu_1197_p3              |  select  |      0|   0|  19|           1|          19|
    |sel_tmp6_fu_1416_p3              |  select  |      0|   0|  19|           1|          19|
    |sel_tmp7_fu_1563_p3              |  select  |      0|   0|  19|           1|          19|
    |sel_tmp9_fu_1314_p3              |  select  |      0|   0|  19|           1|          19|
    |sel_tmp_fu_1095_p3               |  select  |      0|   0|  19|           1|          19|
    |sumA_2_1_fu_1331_p3              |  select  |      0|   0|  19|           1|          19|
    |sumA_2_2_fu_1570_p3              |  select  |      0|   0|  19|           1|          19|
    |sumA_2_fu_1112_p3                |  select  |      0|   0|  19|           1|          19|
    |sumB2_1_fu_1409_p3               |  select  |      0|   0|  19|           1|           1|
    |sumB2_2_fu_1518_p3               |  select  |      0|   0|  19|           1|           1|
    |sumB2_fu_1190_p3                 |  select  |      0|   0|  19|           1|           1|
    |sumB_2_1_fu_1423_p3              |  select  |      0|   0|  19|           1|           1|
    |sumB_2_2_fu_1542_p3              |  select  |      0|   0|  19|           1|           1|
    |sumB_2_fu_1204_p3                |  select  |      0|   0|  19|           1|           1|
    |not_s_fu_938_p2                  |    xor   |      0|   0|   2|           1|           2|
    |sel_tmp1_fu_1102_p2              |    xor   |      0|   0|   2|           1|           2|
    |sel_tmp3_fu_1321_p2              |    xor   |      0|   0|   2|           1|           2|
    |sel_tmp8_fu_1525_p2              |    xor   |      0|   0|   2|           1|           2|
    +---------------------------------+----------+-------+----+----+------------+------------+
    |Total                            |          |      1|1732|1330|         792|         927|
    +---------------------------------+----------+-------+----+----+------------+------------+

    * Multiplexer: 
    +-------------------------------+-----+-----------+-----+-----------+
    |              Name             | LUT | Input Size| Bits| Total Bits|
    +-------------------------------+-----+-----------+-----+-----------+
    |ap_NS_fsm                      |  181|         41|    1|         41|
    |colBuffer_address0             |   21|          4|    5|         20|
    |col_reg_511                    |    9|          2|    5|         10|
    |grp_fu_565_p0                  |   15|          3|   32|         96|
    |grp_fu_565_p1                  |   15|          3|   32|         96|
    |ii_address0                    |   53|         12|   10|        120|
    |ii_address1                    |   38|          7|   10|         70|
    |ii_d0                          |   15|          3|   18|         54|
    |lineBuffer_address0            |   33|          6|   14|         84|
    |lineBuffer_d0                  |   15|          3|   16|         48|
    |nodeIdx_reg_522                |    9|          2|    8|         16|
    |rectsUsed_reg_533              |    9|          2|   10|         20|
    |reg_583                        |    9|          2|   18|         36|
    |row_1_reg_500                  |    9|          2|    5|         10|
    |row_reg_489                    |    9|          2|    5|         10|
    |stage24Nodes_address0          |   15|          3|   10|         30|
    |stage24RectsExtend_0_address0  |   21|          4|   10|         40|
    |stage24RectsExtend_1_address0  |   21|          4|   10|         40|
    |stage24RectsExtend_2_address0  |   21|          4|   10|         40|
    |stage24RectsExtend_3_address0  |   21|          4|   10|         40|
    |stage24RectsExtend_4_address0  |   21|          4|   10|         40|
    |stageTmp_reg_545               |    9|          2|   32|         64|
    +-------------------------------+-----+-----------+-----+-----------+
    |Total                          |  569|        119|  281|       1025|
    +-------------------------------+-----+-----------+-----+-----------+

    * Register: 
    +---------------------------------+----+----+-----+-----------+
    |               Name              | FF | LUT| Bits| Const Bits|
    +---------------------------------+----+----+-----+-----------+
    |ap_CS_fsm                        |  40|   0|   40|          0|
    |col_reg_511                      |   5|   0|    5|          0|
    |coordUpL_1_reg_2014              |  11|   0|   11|          0|
    |coordUpL_2_reg_2109              |  11|   0|   11|          0|
    |coordUpL_reg_1929                |  11|   0|   11|          0|
    |coordUpR_1_reg_2039              |  11|   0|   11|          0|
    |coordUpR_2_reg_2134              |  11|   0|   11|          0|
    |coordUpR_reg_1949                |  11|   0|   11|          0|
    |ii_addr_1_reg_1865               |   7|   0|   10|          3|
    |ii_load_12_reg_2149              |  18|   0|   18|          0|
    |lValue_1_reg_2205                |  11|   0|   11|          0|
    |lineBuffer_addr_1_reg_1768       |  14|   0|   14|          0|
    |lineBuffer_addr_2_reg_1784       |  14|   0|   14|          0|
    |lineBuffer_load_reg_1773         |  16|   0|   16|          0|
    |nodeIdx_1_reg_1888               |   8|   0|    8|          0|
    |nodeIdx_reg_522                  |   8|   0|    8|          0|
    |rectsUsed_1_reg_2079             |  10|   0|   10|          0|
    |rectsUsed_reg_533                |  10|   0|   10|          0|
    |reg_583                          |  18|   0|   18|          0|
    |reg_588                          |   5|   0|    5|          0|
    |reg_592                          |   5|   0|    5|          0|
    |reg_596                          |  32|   0|   32|          0|
    |row_1_cast_reg_1817              |   5|   0|   32|         27|
    |row_1_reg_500                    |   5|   0|    5|          0|
    |row_2_reg_1825                   |   5|   0|    5|          0|
    |row_cast_reg_1779                |   5|   0|   32|         27|
    |row_reg_489                      |   5|   0|    5|          0|
    |sel_tmp10_reg_2164               |   1|   0|    1|          0|
    |sel_tmp2_reg_1999                |   1|   0|    1|          0|
    |sel_tmp5_reg_2094                |   1|   0|    1|          0|
    |stage24RectsExtend_4_1_reg_1924  |   3|   0|    3|          0|
    |stage24RectsExtend_4_3_reg_2009  |   3|   0|    3|          0|
    |stage24RectsExtend_4_5_reg_2104  |   3|   0|    3|          0|
    |stageTmp_reg_545                 |  32|   0|   32|          0|
    |sumA_2_1_reg_2099                |  19|   0|   19|          0|
    |sumA_2_reg_2004                  |  19|   0|   19|          0|
    |sumB_2_1_reg_2129                |  19|   0|   19|          0|
    |sumB_2_2_reg_2169                |  19|   0|   19|          0|
    |sumB_2_reg_2034                  |  19|   0|   19|          0|
    |sum_1_2_reg_2184                 |  24|   0|   24|          0|
    |tmp_13_reg_1880                  |  18|   0|   18|          0|
    |tmp_15_reg_1875                  |  18|   0|   18|          0|
    |tmp_16_reg_1860                  |  11|   0|   11|          0|
    |tmp_17_reg_1850                  |   5|   0|    5|          0|
    |tmp_18_reg_2199                  |  32|   0|   32|          0|
    |tmp_21_reg_1936                  |   1|   0|    1|          0|
    |tmp_22_reg_1943                  |   1|   0|    1|          0|
    |tmp_24_1_reg_2021                |   1|   0|    1|          0|
    |tmp_24_2_reg_2116                |   1|   0|    1|          0|
    |tmp_25_1_reg_2028                |   1|   0|    1|          0|
    |tmp_25_2_reg_2123                |   1|   0|    1|          0|
    |tmp_34_2_reg_2174                |  20|   0|   20|          0|
    |tmp_35_2_reg_2179                |  23|   0|   23|          0|
    |tmp_39_reg_1802                  |  16|   0|   16|          0|
    |tmp_3_reg_1792                   |   5|   0|    5|          0|
    |tmp_43_reg_1797                  |  15|   0|   15|          0|
    |tmp_4_reg_1812                   |  16|   0|   16|          0|
    |tmp_5_reg_1830                   |   8|   0|   11|          3|
    |tmp_6_reg_1842                   |   8|   0|   11|          3|
    |tmp_8_reg_1893                   |  11|   0|   11|          0|
    |tmp_reg_1756                     |  15|   0|   15|          0|
    +---------------------------------+----+----+-----+-----------+
    |Total                            | 702|   0|  765|         63|
    +---------------------------------+----+----+-----+-----------+



================================================================
== Interface
================================================================
* Summary: 
+-------------+-----+-----+------------+-----------------+--------------+
|  RTL Ports  | Dir | Bits|  Protocol  |  Source Object  |    C Type    |
+-------------+-----+-----+------------+-----------------+--------------+
|ap_clk       |  in |    1| ap_ctrl_hs | detectFaceS24ii | return value |
|ap_rst       |  in |    1| ap_ctrl_hs | detectFaceS24ii | return value |
|ap_start     |  in |    1| ap_ctrl_hs | detectFaceS24ii | return value |
|ap_done      | out |    1| ap_ctrl_hs | detectFaceS24ii | return value |
|ap_idle      | out |    1| ap_ctrl_hs | detectFaceS24ii | return value |
|ap_ready     | out |    1| ap_ctrl_hs | detectFaceS24ii | return value |
|ap_return    | out |   32| ap_ctrl_hs | detectFaceS24ii | return value |
|newPixel     |  in |   32|   ap_none  |     newPixel    |    scalar    |
|newPixelCol  |  in |   32|   ap_none  |   newPixelCol   |    scalar    |
+-------------+-----+-----+------------+-----------------+--------------+

