

================================================================
== Vivado HLS Report for 'detectFaceS24ii'
================================================================
* Date:           Tue Feb 27 17:09:49 2018

* Version:        2017.2 (Build 1909853 on Thu Jun 15 18:55:24 MDT 2017)
* Project:        S24FaceDetectII
* Solution:       solution1
* Product family: artix7
* Target device:  xc7a200tfbg676-1


================================================================
== Performance Estimates
================================================================
+ Timing (ns): 
    * Summary: 
    +--------+-------+----------+------------+
    |  Clock | Target| Estimated| Uncertainty|
    +--------+-------+----------+------------+
    |ap_clk  |  10.00|      9.77|        1.25|
    +--------+-------+----------+------------+

+ Latency (clock cycles): 
    * Summary: 
    +------+------+------+------+---------+
    |   Latency   |   Interval  | Pipeline|
    |  min |  max |  min |  max |   Type  |
    +------+------+------+------+---------+
    |  3973|  3973|  3974|  3974|   none  |
    +------+------+------+------+---------+

    + Detail: 
        * Instance: 
        N/A

        * Loop: 
        +---------------+------+------+----------+-----------+-----------+------+----------+
        |               |   Latency   | Iteration|  Initiation Interval  | Trip |          |
        |   Loop Name   |  min |  max |  Latency |  achieved |   target  | Count| Pipelined|
        +---------------+------+------+----------+-----------+-----------+------+----------+
        |- Loop_Buffer  |    92|    92|         4|          -|          -|    23|    no    |
        |- Loop_iiRow   |  1776|  1776|        74|          -|          -|    24|    no    |
        | + Loop_iiCol  |    69|    69|         3|          -|          -|    23|    no    |
        |- Loop_Nodes   |  2100|  2100|        42|          -|          -|    50|    no    |
        +---------------+------+------+----------+-----------+-----------+------+----------+



================================================================
== Utilization Estimates
================================================================
* Summary: 
+-----------------+---------+-------+--------+--------+
|       Name      | BRAM_18K| DSP48E|   FF   |   LUT  |
+-----------------+---------+-------+--------+--------+
|DSP              |        -|      4|       -|       -|
|Expression       |        -|      4|    5661|    4628|
|FIFO             |        -|      -|       -|       -|
|Instance         |        -|      2|     610|     648|
|Memory           |       19|      -|      95|     210|
|Multiplexer      |        -|      -|       -|    1215|
|Register         |        -|      -|    1761|       -|
+-----------------+---------+-------+--------+--------+
|Total            |       19|     10|    8127|    6701|
+-----------------+---------+-------+--------+--------+
|Available        |      730|    740|  269200|  129000|
+-----------------+---------+-------+--------+--------+
|Utilization (%)  |        2|      1|       3|       5|
+-----------------+---------+-------+--------+--------+

+ Detail: 
    * Instance: 
    +-------------------------+----------------------+---------+-------+-----+-----+
    |         Instance        |        Module        | BRAM_18K| DSP48E|  FF | LUT |
    +-------------------------+----------------------+---------+-------+-----+-----+
    |detectFaceS24ii_ftde_U0  |detectFaceS24ii_ftde  |        0|      2|  205|  205|
    |detectFaceS24ii_fvdy_U2  |detectFaceS24ii_fvdy  |        0|      0|   66|   70|
    |detectFaceS24ii_sudo_U1  |detectFaceS24ii_sudo  |        0|      0|  339|  373|
    +-------------------------+----------------------+---------+-------+-----+-----+
    |Total                    |                      |        0|      2|  610|  648|
    +-------------------------+----------------------+---------+-------+-----+-----+

    * DSP48: 
    +-------------------------+----------------------+---------------------+
    |         Instance        |        Module        |      Expression     |
    +-------------------------+----------------------+---------------------+
    |detectFaceS24ii_awdI_U3  |detectFaceS24ii_awdI  | i0 + (i1 + i2) * i3 |
    |detectFaceS24ii_awdI_U4  |detectFaceS24ii_awdI  | i0 + (i1 + i2) * i3 |
    |detectFaceS24ii_awdI_U5  |detectFaceS24ii_awdI  | i0 + (i1 + i2) * i3 |
    |detectFaceS24ii_awdI_U6  |detectFaceS24ii_awdI  | i0 + (i1 + i2) * i3 |
    +-------------------------+----------------------+---------------------+

    * Memory: 
    +--------------------------+----------------------+---------+----+----+-------+-----+------+-------------+
    |          Memory          |        Module        | BRAM_18K| FF | LUT| Words | Bits| Banks| W*Bits*Banks|
    +--------------------------+----------------------+---------+----+----+-------+-----+------+-------------+
    |colBuffer_U               |detectFaceS24ii_ccud  |        0|  32|   6|     24|   16|     1|          384|
    |ii_U                      |detectFaceS24ii_ii    |        1|   0|   0|    576|   18|     1|        10368|
    |lineBuffer_U              |detectFaceS24ii_lbkb  |       16|   0|   0|  15360|   16|     1|       245760|
    |stage24Nodes_U            |detectFaceS24ii_sdEe  |        2|   0|   0|    600|   32|     1|        19200|
    |stage24RectsExtend_0_U    |detectFaceS24ii_seOg  |        0|   5|  16|    200|    5|     1|         1000|
    |stage24RectsExtend_0_1_U  |detectFaceS24ii_sfYi  |        0|   5|  16|    200|    5|     1|         1000|
    |stage24RectsExtend_0_2_U  |detectFaceS24ii_sg8j  |        0|   5|  16|    200|    5|     1|         1000|
    |stage24RectsExtend_0_3_U  |detectFaceS24ii_shbi  |        0|   5|  16|    200|    5|     1|         1000|
    |stage24RectsExtend_0_4_U  |detectFaceS24ii_sibs  |        0|   1|   4|    200|    1|     1|          200|
    |stage24RectsExtend_1_U    |detectFaceS24ii_sjbC  |        0|   5|  16|    200|    5|     1|         1000|
    |stage24RectsExtend_1_1_U  |detectFaceS24ii_skbM  |        0|   5|  16|    200|    5|     1|         1000|
    |stage24RectsExtend_1_2_U  |detectFaceS24ii_slbW  |        0|   5|  16|    200|    5|     1|         1000|
    |stage24RectsExtend_1_3_U  |detectFaceS24ii_smb6  |        0|   5|  16|    200|    5|     1|         1000|
    |stage24RectsExtend_1_4_U  |detectFaceS24ii_sncg  |        0|   2|   7|    200|    2|     1|          400|
    |stage24RectsExtend_2_U    |detectFaceS24ii_socq  |        0|   5|  16|    200|    5|     1|         1000|
    |stage24RectsExtend_2_1_U  |detectFaceS24ii_spcA  |        0|   5|  16|    200|    5|     1|         1000|
    |stage24RectsExtend_2_2_U  |detectFaceS24ii_sqcK  |        0|   4|  13|    200|    4|     1|          800|
    |stage24RectsExtend_2_3_U  |detectFaceS24ii_srcU  |        0|   4|  13|    200|    4|     1|          800|
    |stage24RectsExtend_2_4_U  |detectFaceS24ii_ssc4  |        0|   2|   7|    200|    2|     1|          400|
    +--------------------------+----------------------+---------+----+----+-------+-----+------+-------------+
    |Total                     |                      |       19|  95| 210|  19560|  145|    19|       288312|
    +--------------------------+----------------------+---------+----+----+-------+-----+------+-------------+

    * FIFO: 
    N/A

    * Expression: 
    +---------------------------------+----------+-------+----+----+------------+------------+
    |          Variable Name          | Operation| DSP48E| FF | LUT| Bitwidth P0| Bitwidth P1|
    +---------------------------------+----------+-------+----+----+------------+------------+
    |tmp_35_0_1_fu_2473_p2            |     *    |      1|   0|  73|          20|           2|
    |tmp_35_1_1_fu_3193_p2            |     *    |      1|   0|  73|          20|           2|
    |tmp_35_2_1_fu_4026_p2            |     *    |      1|   0|  73|          20|           2|
    |tmp_35_3_1_fu_4784_p2            |     *    |      1|   0|  73|          20|           2|
    |coordDownL_0_1_fu_2101_p2        |     +    |      0|  38|  16|          11|          11|
    |coordDownL_0_2_fu_2293_p2        |     +    |      0|  38|  16|          11|          11|
    |coordDownL_1_1_fu_2789_p2        |     +    |      0|  38|  16|          11|          11|
    |coordDownL_1_2_fu_2981_p2        |     +    |      0|  38|  16|          11|          11|
    |coordDownL_1_fu_2559_p2          |     +    |      0|  38|  16|          11|          11|
    |coordDownL_2_1_fu_3610_p2        |     +    |      0|  38|  16|          11|          11|
    |coordDownL_2_2_fu_3813_p2        |     +    |      0|  38|  16|          11|          11|
    |coordDownL_2_fu_3279_p2          |     +    |      0|  38|  16|          11|          11|
    |coordDownL_3_1_fu_4439_p2        |     +    |      0|  38|  16|          11|          11|
    |coordDownL_3_2_fu_4635_p2        |     +    |      0|  38|  16|          11|          11|
    |coordDownL_3_fu_4112_p2          |     +    |      0|  38|  16|          11|          11|
    |coordDownL_fu_1903_p2            |     +    |      0|  38|  16|          11|          11|
    |coordDownR_0_1_fu_2111_p2        |     +    |      0|  38|  16|          11|          11|
    |coordDownR_0_2_fu_2303_p2        |     +    |      0|  38|  16|          11|          11|
    |coordDownR_1_1_fu_2799_p2        |     +    |      0|  38|  16|          11|          11|
    |coordDownR_1_2_fu_2991_p2        |     +    |      0|  38|  16|          11|          11|
    |coordDownR_1_fu_2569_p2          |     +    |      0|  38|  16|          11|          11|
    |coordDownR_2_1_fu_3620_p2        |     +    |      0|  38|  16|          11|          11|
    |coordDownR_2_2_fu_3823_p2        |     +    |      0|  38|  16|          11|          11|
    |coordDownR_2_fu_3289_p2          |     +    |      0|  38|  16|          11|          11|
    |coordDownR_3_1_fu_4449_p2        |     +    |      0|  38|  16|          11|          11|
    |coordDownR_3_2_fu_4645_p2        |     +    |      0|  38|  16|          11|          11|
    |coordDownR_3_fu_4122_p2          |     +    |      0|  38|  16|          11|          11|
    |coordDownR_fu_1913_p2            |     +    |      0|  38|  16|          11|          11|
    |coordUpL_0_1_fu_2015_p2          |     +    |      0|   0|  11|          11|          11|
    |coordUpL_0_2_fu_2192_p2          |     +    |      0|   0|  11|          11|          11|
    |coordUpL_1_1_fu_2699_p2          |     +    |      0|   0|  11|          11|          11|
    |coordUpL_1_2_fu_2880_p2          |     +    |      0|   0|  11|          11|          11|
    |coordUpL_1_fu_2460_p2            |     +    |      0|   0|  11|          11|          11|
    |coordUpL_2_1_fu_3419_p2          |     +    |      0|   0|  11|          11|          11|
    |coordUpL_2_2_fu_3712_p2          |     +    |      0|   0|  11|          11|          11|
    |coordUpL_2_fu_3148_p2            |     +    |      0|   0|  11|          11|          11|
    |coordUpL_3_1_fu_4252_p2          |     +    |      0|   0|  11|          11|          11|
    |coordUpL_3_2_fu_4534_p2          |     +    |      0|   0|  11|          11|          11|
    |coordUpL_3_fu_3980_p2            |     +    |      0|   0|  11|          11|          11|
    |coordUpL_fu_1858_p2              |     +    |      0|   0|  11|          11|          11|
    |coordUpR_0_1_fu_2066_p2          |     +    |      0|  38|  16|          11|          11|
    |coordUpR_0_2_fu_2254_p2          |     +    |      0|  38|  16|          11|          11|
    |coordUpR_1_1_fu_2754_p2          |     +    |      0|  38|  16|          11|          11|
    |coordUpR_1_2_fu_2942_p2          |     +    |      0|  38|  16|          11|          11|
    |coordUpR_1_fu_2524_p2            |     +    |      0|  38|  16|          11|          11|
    |coordUpR_2_1_fu_3575_p2          |     +    |      0|  38|  16|          11|          11|
    |coordUpR_2_2_fu_3774_p2          |     +    |      0|  38|  16|          11|          11|
    |coordUpR_2_fu_3244_p2            |     +    |      0|  38|  16|          11|          11|
    |coordUpR_3_1_fu_4404_p2          |     +    |      0|  38|  16|          11|          11|
    |coordUpR_3_2_fu_4596_p2          |     +    |      0|  38|  16|          11|          11|
    |coordUpR_3_fu_4077_p2            |     +    |      0|  38|  16|          11|          11|
    |coordUpR_fu_1868_p2              |     +    |      0|  38|  16|          11|          11|
    |indvars_iv_next2_fu_3842_p2      |     +    |      0|  29|  13|           3|           8|
    |indvars_iv_next5_fu_3010_p2      |     +    |      0|  29|  13|           3|           8|
    |indvars_iv_next8_fu_2322_p2      |     +    |      0|  29|  13|           3|           8|
    |indvars_iv_next_fu_1756_p2       |     +    |      0|  29|  13|           3|           8|
    |lValue_1_1_fu_4350_p2            |     +    |      0|  38|  16|          11|          11|
    |lValue_1_3_fu_5100_p2            |     +    |      0|  38|  16|          11|          11|
    |nodeIdx_1_3_fu_5002_p2           |     +    |      0|  29|  13|           3|           8|
    |row_2_fu_1625_p2                 |     +    |      0|  20|  10|           5|           1|
    |sum_1_0_2_fu_2603_p2             |     +    |      0|  74|  28|          23|          23|
    |sum_1_1_2_fu_3323_p2             |     +    |      0|  74|  28|          23|          23|
    |sum_1_2_2_fu_4156_p2             |     +    |      0|  74|  28|          23|          23|
    |sum_1_3_2_fu_4854_p2             |     +    |      0|  74|  28|          23|          23|
    |tmp23_fu_1848_p2                 |     +    |      0|  23|  11|           6|           6|
    |tmp24_fu_2005_p2                 |     +    |      0|  23|  11|           6|           6|
    |tmp25_fu_2182_p2                 |     +    |      0|  23|  11|           6|           6|
    |tmp37_fu_2450_p2                 |     +    |      0|  23|  11|           6|           6|
    |tmp38_fu_2689_p2                 |     +    |      0|  23|  11|           6|           6|
    |tmp39_fu_2870_p2                 |     +    |      0|  23|  11|           6|           6|
    |tmp50_fu_3138_p2                 |     +    |      0|  23|  11|           6|           6|
    |tmp51_fu_3409_p2                 |     +    |      0|  23|  11|           6|           6|
    |tmp52_fu_3702_p2                 |     +    |      0|  23|  11|           6|           6|
    |tmp63_fu_3970_p2                 |     +    |      0|  23|  11|           6|           6|
    |tmp64_fu_4242_p2                 |     +    |      0|  23|  11|           6|           6|
    |tmp65_fu_4524_p2                 |     +    |      0|  23|  11|           6|           6|
    |tmp_11_fu_1732_p2                |     +    |      0|   0|  11|          18|          18|
    |tmp_12_fu_1687_p2                |     +    |      0|  38|  16|          11|          11|
    |tmp_14_fu_1697_p2                |     +    |      0|  38|  16|          11|          11|
    |tmp_15_fu_1681_p2                |     +    |      0|  20|  10|           5|           1|
    |tmp_18_fu_1491_p2                |     +    |      0|  50|  20|          14|          15|
    |tmp_26_fu_2128_p2                |     +    |      0|   0|  11|          20|          20|
    |tmp_2_10_fu_4952_p2              |     +    |      0|  38|  16|           2|          11|
    |tmp_2_fu_1608_p2                 |     +    |      0|   0|  11|          16|          16|
    |tmp_34_0_1_fu_2363_p2            |     +    |      0|  65|  25|          20|          20|
    |tmp_34_1_1_fu_3051_p2            |     +    |      0|  65|  25|          20|          20|
    |tmp_34_1_fu_2816_p2              |     +    |      0|   0|  11|          20|          20|
    |tmp_34_2_1_fu_3883_p2            |     +    |      0|  65|  25|          20|          20|
    |tmp_34_2_fu_3648_p2              |     +    |      0|   0|  11|          20|          20|
    |tmp_34_3_1_fu_4691_p2            |     +    |      0|  65|  25|          20|          20|
    |tmp_34_3_fu_4470_p2              |     +    |      0|   0|  11|          20|          20|
    |tmp_37_fu_1529_p2                |     +    |      0|   0|  11|          15|          15|
    |tmp_38_fu_1535_p2                |     +    |      0|   0|  11|          15|          15|
    |tmp_3_fu_1551_p2                 |     +    |      0|  20|  10|           5|           1|
    |tmp_44_fu_1581_p2                |     +    |      0|   0|  11|          15|          15|
    |tmp_50_fu_1587_p2                |     +    |      0|   0|  11|          15|          15|
    |tmp_s_fu_1702_p2                 |     +    |      0|  38|  16|          11|           5|
    |mt1_fu_2134_p2                   |     -    |      0|   0|  11|           1|          20|
    |mt2_fu_2822_p2                   |     -    |      0|   0|  11|           1|          20|
    |mt3_fu_3654_p2                   |     -    |      0|   0|  11|           1|          20|
    |mt_fu_4476_p2                    |     -    |      0|   0|  11|           1|          20|
    |sumA_0_1_fu_2336_p2              |     -    |      0|  62|  24|          19|          19|
    |sumA_0_2_fu_2385_p2              |     -    |      0|  62|  24|          19|          19|
    |sumA_1_1_fu_3024_p2              |     -    |      0|  62|  24|          19|          19|
    |sumA_1_2_fu_3073_p2              |     -    |      0|  62|  24|          19|          19|
    |sumA_1_fu_2624_p2                |     -    |      0|  62|  24|          19|          19|
    |sumA_221_1_fu_3856_p2            |     -    |      0|  62|  24|          19|          19|
    |sumA_221_2_fu_3905_p2            |     -    |      0|  62|  24|          19|          19|
    |sumA_324_1_fu_4664_p2            |     -    |      0|  62|  24|          19|          19|
    |sumA_324_2_fu_4713_p2            |     -    |      0|  62|  24|          19|          19|
    |sumA_4_fu_4177_p2                |     -    |      0|  62|  24|          19|          19|
    |sumA_fu_1940_p2                  |     -    |      0|  62|  24|          19|          19|
    |sumA_s_fu_3344_p2                |     -    |      0|  62|  24|          19|          19|
    |sumB_0_1_fu_2202_p2              |     -    |      0|  62|  24|           1|          19|
    |sumB_0_2_fu_2483_p2              |     -    |      0|  62|  24|           1|          19|
    |sumB_116_1_fu_2890_p2            |     -    |      0|  62|  24|           1|          19|
    |sumB_116_2_fu_3203_p2            |     -    |      0|  62|  24|           1|          19|
    |sumB_1_0_1_fu_2212_p2            |     -    |      0|  62|  24|          19|          19|
    |sumB_1_0_2_fu_2493_p2            |     -    |      0|  62|  24|          19|          19|
    |sumB_1_1_1_fu_2900_p2            |     -    |      0|  62|  24|          19|          19|
    |sumB_1_1_2_fu_3213_p2            |     -    |      0|  62|  24|          19|          19|
    |sumB_1_1_fu_2723_p2              |     -    |      0|  62|  24|          19|          19|
    |sumB_1_2_1_fu_3732_p2            |     -    |      0|  62|  24|          19|          19|
    |sumB_1_2_2_fu_4046_p2            |     -    |      0|  62|  24|          19|          19|
    |sumB_1_2_fu_3544_p2              |     -    |      0|  62|  24|          19|          19|
    |sumB_1_3_1_fu_4554_p2            |     -    |      0|  62|  24|          19|          19|
    |sumB_1_3_2_fu_4804_p2            |     -    |      0|  62|  24|          19|          19|
    |sumB_1_3_fu_4373_p2              |     -    |      0|  62|  24|          19|          19|
    |sumB_1_fu_2035_p2                |     -    |      0|  62|  24|          19|          19|
    |sumB_220_1_fu_3722_p2            |     -    |      0|  62|  24|           1|          19|
    |sumB_220_2_fu_4036_p2            |     -    |      0|  62|  24|           1|          19|
    |sumB_3_1_fu_4544_p2              |     -    |      0|  62|  24|           1|          19|
    |sumB_3_2_fu_4794_p2              |     -    |      0|  62|  24|           1|          19|
    |sumB_3_fu_4363_p2                |     -    |      0|  62|  24|           1|          19|
    |sumB_4_fu_3534_p2                |     -    |      0|  62|  24|           1|          19|
    |sumB_fu_2025_p2                  |     -    |      0|  62|  24|           1|          19|
    |sumB_s_fu_2713_p2                |     -    |      0|  62|  24|           1|          19|
    |tmp_10_fu_1726_p2                |     -    |      0|   0|  11|          18|          18|
    |tmp_13_fu_1712_p2                |     -    |      0|  59|  23|          18|          18|
    |tmp_16_fu_3166_p2                |     -    |      0|  38|  16|          11|          11|
    |tmp_1_fu_1604_p2                 |     -    |      0|   0|  11|          16|          16|
    |tmp_21_0_1_fu_1999_p2            |     -    |      0|   0|  11|          11|          11|
    |tmp_21_0_2_fu_2176_p2            |     -    |      0|   0|  11|          11|          11|
    |tmp_21_1_1_fu_2683_p2            |     -    |      0|   0|  11|          11|          11|
    |tmp_21_1_2_fu_2864_p2            |     -    |      0|   0|  11|          11|          11|
    |tmp_21_1_fu_2444_p2              |     -    |      0|   0|  11|          11|          11|
    |tmp_21_2_1_fu_3403_p2            |     -    |      0|   0|  11|          11|          11|
    |tmp_21_2_2_fu_3696_p2            |     -    |      0|   0|  11|          11|          11|
    |tmp_21_2_fu_3132_p2              |     -    |      0|   0|  11|          11|          11|
    |tmp_21_3_1_fu_4236_p2            |     -    |      0|   0|  11|          11|          11|
    |tmp_21_3_2_fu_4518_p2            |     -    |      0|   0|  11|          11|          11|
    |tmp_21_3_fu_3964_p2              |     -    |      0|   0|  11|          11|          11|
    |tmp_21_fu_1842_p2                |     -    |      0|   0|  11|          11|          11|
    |tmp_23_0_1_fu_2095_p2            |     -    |      0|  38|  16|          11|          11|
    |tmp_23_0_2_fu_2283_p2            |     -    |      0|  35|  15|          10|          10|
    |tmp_23_1_1_fu_2783_p2            |     -    |      0|  38|  16|          11|          11|
    |tmp_23_1_2_fu_2971_p2            |     -    |      0|  35|  15|          10|          10|
    |tmp_23_1_fu_2553_p2              |     -    |      0|  38|  16|          11|          11|
    |tmp_23_2_1_fu_3604_p2            |     -    |      0|  38|  16|          11|          11|
    |tmp_23_2_2_fu_3803_p2            |     -    |      0|  35|  15|          10|          10|
    |tmp_23_2_fu_3273_p2              |     -    |      0|  38|  16|          11|          11|
    |tmp_23_3_1_fu_4433_p2            |     -    |      0|  38|  16|          11|          11|
    |tmp_23_3_2_fu_4625_p2            |     -    |      0|  35|  15|          10|          10|
    |tmp_23_3_fu_4106_p2              |     -    |      0|  38|  16|          11|          11|
    |tmp_23_fu_1897_p2                |     -    |      0|  38|  16|          11|          11|
    |tmp_4_fu_1599_p2                 |     -    |      0|  53|  21|          16|          16|
    |tmp_5_fu_1655_p2                 |     -    |      0|  38|  16|          11|          11|
    |tmp_8_1_fu_4008_p2               |     -    |      0|  38|  16|          11|          11|
    |tmp_8_2_fu_4766_p2               |     -    |      0|  38|  16|          11|          11|
    |tmp_8_3_fu_4991_p2               |     -    |      0|  38|  16|          11|          11|
    |sel_tmp10_fu_2403_p2             |    and   |      0|   0|   2|           1|           1|
    |sel_tmp14_fu_2642_p2             |    and   |      0|   0|   2|           1|           1|
    |sel_tmp18_fu_2918_p2             |    and   |      0|   0|   2|           1|           1|
    |sel_tmp22_fu_3091_p2             |    and   |      0|   0|   2|           1|           1|
    |sel_tmp26_fu_3362_p2             |    and   |      0|   0|   2|           1|           1|
    |sel_tmp2_fu_1958_p2              |    and   |      0|   0|   2|           1|           1|
    |sel_tmp30_fu_3750_p2             |    and   |      0|   0|   2|           1|           1|
    |sel_tmp34_fu_3923_p2             |    and   |      0|   0|   2|           1|           1|
    |sel_tmp38_fu_4195_p2             |    and   |      0|   0|   2|           1|           1|
    |sel_tmp42_fu_4572_p2             |    and   |      0|   0|   2|           1|           1|
    |sel_tmp46_fu_4731_p2             |    and   |      0|   0|   2|           1|           1|
    |sel_tmp5_fu_2230_p2              |    and   |      0|   0|   2|           1|           1|
    |tmp_22_fu_1798_p2                |    and   |      0|   0|   2|           1|           1|
    |tmp_34_fu_3497_p2                |    and   |      0|   0|   2|           1|           1|
    |tmp_36_fu_3503_p2                |    and   |      0|   0|   2|           1|           1|
    |tmp_47_fu_4330_p2                |    and   |      0|   0|   2|           1|           1|
    |tmp_49_fu_4336_p2                |    and   |      0|   0|   2|           1|           1|
    |tmp_60_fu_4931_p2                |    and   |      0|   0|   2|           1|           1|
    |tmp_62_fu_4937_p2                |    and   |      0|   0|   2|           1|           1|
    |tmp_70_fu_5080_p2                |    and   |      0|   0|   2|           1|           1|
    |tmp_72_fu_5086_p2                |    and   |      0|   0|   2|           1|           1|
    |exitcond1_fu_1742_p2             |   icmp   |      0|   0|   4|           8|           7|
    |exitcond2_fu_1675_p2             |   icmp   |      0|   0|   2|           5|           5|
    |exitcond3_fu_1619_p2             |   icmp   |      0|   0|   2|           5|           5|
    |exitcond4_fu_1545_p2             |   icmp   |      0|   0|   2|           5|           5|
    |grp_fu_1381_p2                   |   icmp   |      0|   0|   2|           5|           1|
    |grp_fu_1387_p2                   |   icmp   |      0|   0|   2|           5|           1|
    |grp_fu_1393_p2                   |   icmp   |      0|   0|   2|           5|           1|
    |grp_fu_1399_p2                   |   icmp   |      0|   0|   2|           5|           1|
    |grp_fu_1475_p2                   |   icmp   |      0|   0|   2|           5|           1|
    |grp_fu_1481_p2                   |   icmp   |      0|   0|   2|           5|           1|
    |notlhs1_fu_1780_p2               |   icmp   |      0|   0|   4|           8|           2|
    |notlhs2_fu_3479_p2               |   icmp   |      0|   0|   4|           8|           2|
    |notlhs3_fu_4294_p2               |   icmp   |      0|   0|   4|           8|           2|
    |notlhs4_fu_4312_p2               |   icmp   |      0|   0|   4|           8|           2|
    |notlhs5_fu_4895_p2               |   icmp   |      0|   0|   4|           8|           2|
    |notlhs6_fu_4913_p2               |   icmp   |      0|   0|   4|           8|           2|
    |notlhs7_fu_5044_p2               |   icmp   |      0|   0|   4|           8|           2|
    |notlhs8_fu_5062_p2               |   icmp   |      0|   0|   4|           8|           2|
    |notlhs_fu_3461_p2                |   icmp   |      0|   0|   4|           8|           2|
    |notrhs1_fu_1786_p2               |   icmp   |      0|   0|  13|          23|           1|
    |notrhs2_fu_3485_p2               |   icmp   |      0|   0|  13|          23|           1|
    |notrhs3_fu_4300_p2               |   icmp   |      0|   0|  13|          23|           1|
    |notrhs4_fu_4318_p2               |   icmp   |      0|   0|  13|          23|           1|
    |notrhs5_fu_4901_p2               |   icmp   |      0|   0|  13|          23|           1|
    |notrhs6_fu_4919_p2               |   icmp   |      0|   0|  13|          23|           1|
    |notrhs7_fu_5050_p2               |   icmp   |      0|   0|  13|          23|           1|
    |notrhs8_fu_5068_p2               |   icmp   |      0|   0|  13|          23|           1|
    |notrhs_fu_3467_p2                |   icmp   |      0|   0|  13|          23|           1|
    |nodeIdx_1_1_fu_4744_p2           |    or    |      0|   0|   8|           8|           2|
    |nodeIdx_1_2_fu_4969_p2           |    or    |      0|   0|   8|           8|           2|
    |nodeIdx_1_s_fu_3986_p2           |    or    |      0|   0|   8|           8|           1|
    |tmp_19_fu_1792_p2                |    or    |      0|   0|   2|           1|           1|
    |tmp_32_fu_3473_p2                |    or    |      0|   0|   2|           1|           1|
    |tmp_33_fu_3491_p2                |    or    |      0|   0|   2|           1|           1|
    |tmp_45_fu_4306_p2                |    or    |      0|   0|   2|           1|           1|
    |tmp_46_fu_4324_p2                |    or    |      0|   0|   2|           1|           1|
    |tmp_58_fu_4907_p2                |    or    |      0|   0|   2|           1|           1|
    |tmp_59_fu_4925_p2                |    or    |      0|   0|   2|           1|           1|
    |tmp_63_fu_3520_p2                |    or    |      0|   0|   2|           2|           2|
    |tmp_68_fu_5056_p2                |    or    |      0|   0|   2|           1|           1|
    |tmp_69_fu_5074_p2                |    or    |      0|   0|   2|           1|           1|
    |tmp_6_fu_1666_p2                 |    or    |      0|   0|  11|          11|           1|
    |tmp_9_2_fu_4947_p2               |    or    |      0|   0|  32|          32|           1|
    |lValue_1_1_v_cast_ca_fu_4342_p3  |  select  |      0|   0|   2|           1|           1|
    |lValue_1_2_fu_4961_p3            |  select  |      0|   0|  32|           1|          32|
    |lValue_1_3_v_cast_ca_fu_5092_p3  |  select  |      0|   0|   2|           1|           1|
    |lValue_1_v_cast_fu_3509_p3       |  select  |      0|   0|   3|           1|           1|
    |sel_tmp11_fu_2506_p3             |  select  |      0|   0|  19|           1|          19|
    |sel_tmp12_fu_2630_p3             |  select  |      0|   0|  19|           1|          19|
    |sel_tmp15_fu_2736_p3             |  select  |      0|   0|  19|           1|          19|
    |sel_tmp16_fu_3030_p3             |  select  |      0|   0|  19|           1|          19|
    |sel_tmp19_fu_2923_p3             |  select  |      0|   0|  19|           1|          19|
    |sel_tmp20_fu_3079_p3             |  select  |      0|   0|  19|           1|          19|
    |sel_tmp23_fu_3226_p3             |  select  |      0|   0|  19|           1|          19|
    |sel_tmp24_fu_3350_p3             |  select  |      0|   0|  19|           1|          19|
    |sel_tmp27_fu_3557_p3             |  select  |      0|   0|  19|           1|          19|
    |sel_tmp28_fu_3862_p3             |  select  |      0|   0|  19|           1|          19|
    |sel_tmp31_fu_3755_p3             |  select  |      0|   0|  19|           1|          19|
    |sel_tmp32_fu_3911_p3             |  select  |      0|   0|  19|           1|          19|
    |sel_tmp35_fu_4059_p3             |  select  |      0|   0|  19|           1|          19|
    |sel_tmp36_fu_4183_p3             |  select  |      0|   0|  19|           1|          19|
    |sel_tmp39_fu_4386_p3             |  select  |      0|   0|  19|           1|          19|
    |sel_tmp40_fu_4670_p3             |  select  |      0|   0|  19|           1|          19|
    |sel_tmp43_fu_4577_p3             |  select  |      0|   0|  19|           1|          19|
    |sel_tmp44_fu_4719_p3             |  select  |      0|   0|  19|           1|          19|
    |sel_tmp47_fu_4817_p3             |  select  |      0|   0|  19|           1|          19|
    |sel_tmp4_fu_2048_p3              |  select  |      0|   0|  19|           1|          19|
    |sel_tmp6_fu_2235_p3              |  select  |      0|   0|  19|           1|          19|
    |sel_tmp7_fu_2391_p3              |  select  |      0|   0|  19|           1|          19|
    |sel_tmp9_fu_2342_p3              |  select  |      0|   0|  19|           1|          19|
    |sel_tmp_fu_1946_p3               |  select  |      0|   0|  19|           1|          19|
    |sumA_2_0_1_fu_2349_p3            |  select  |      0|   0|  19|           1|          19|
    |sumA_2_0_2_fu_2408_p3            |  select  |      0|   0|  19|           1|          19|
    |sumA_2_1_1_fu_3037_p3            |  select  |      0|   0|  19|           1|          19|
    |sumA_2_1_2_fu_3096_p3            |  select  |      0|   0|  19|           1|          19|
    |sumA_2_1_fu_2647_p3              |  select  |      0|   0|  19|           1|          19|
    |sumA_2_2_1_fu_3869_p3            |  select  |      0|   0|  19|           1|          19|
    |sumA_2_2_2_fu_3928_p3            |  select  |      0|   0|  19|           1|          19|
    |sumA_2_2_fu_3367_p3              |  select  |      0|   0|  19|           1|          19|
    |sumA_2_3_1_fu_4677_p3            |  select  |      0|   0|  19|           1|          19|
    |sumA_2_3_2_fu_4736_p3            |  select  |      0|   0|  19|           1|          19|
    |sumA_2_3_fu_4200_p3              |  select  |      0|   0|  19|           1|          19|
    |sumA_2_fu_1963_p3                |  select  |      0|   0|  19|           1|          19|
    |sumB2_0_1_fu_2218_p3             |  select  |      0|   0|  19|           1|           1|
    |sumB2_0_2_fu_2499_p3             |  select  |      0|   0|  19|           1|           1|
    |sumB2_1_1_fu_2906_p3             |  select  |      0|   0|  19|           1|           1|
    |sumB2_1_2_fu_3219_p3             |  select  |      0|   0|  19|           1|           1|
    |sumB2_1_fu_2729_p3               |  select  |      0|   0|  19|           1|           1|
    |sumB2_2_1_fu_3738_p3             |  select  |      0|   0|  19|           1|           1|
    |sumB2_2_2_fu_4052_p3             |  select  |      0|   0|  19|           1|           1|
    |sumB2_2_fu_3550_p3               |  select  |      0|   0|  19|           1|           1|
    |sumB2_3_1_fu_4560_p3             |  select  |      0|   0|  19|           1|           1|
    |sumB2_3_2_fu_4810_p3             |  select  |      0|   0|  19|           1|           1|
    |sumB2_3_fu_4379_p3               |  select  |      0|   0|  19|           1|           1|
    |sumB2_fu_2041_p3                 |  select  |      0|   0|  19|           1|           1|
    |sumB_2_0_1_fu_2242_p3            |  select  |      0|   0|  19|           1|           1|
    |sumB_2_0_2_fu_2513_p3            |  select  |      0|   0|  19|           1|           1|
    |sumB_2_1_1_fu_2930_p3            |  select  |      0|   0|  19|           1|           1|
    |sumB_2_1_2_fu_3233_p3            |  select  |      0|   0|  19|           1|           1|
    |sumB_2_1_fu_2743_p3              |  select  |      0|   0|  19|           1|           1|
    |sumB_2_2_1_fu_3762_p3            |  select  |      0|   0|  19|           1|           1|
    |sumB_2_2_2_fu_4066_p3            |  select  |      0|   0|  19|           1|           1|
    |sumB_2_2_fu_3564_p3              |  select  |      0|   0|  19|           1|           1|
    |sumB_2_3_1_fu_4584_p3            |  select  |      0|   0|  19|           1|           1|
    |sumB_2_3_2_fu_4824_p3            |  select  |      0|   0|  19|           1|           1|
    |sumB_2_3_fu_4393_p3              |  select  |      0|   0|  19|           1|           1|
    |sumB_2_fu_2055_p3                |  select  |      0|   0|  19|           1|           1|
    |tmp_27_fu_2580_p3                |  select  |      0|   0|  20|           1|          20|
    |tmp_35_1_fu_3300_p3              |  select  |      0|   0|  20|           1|          20|
    |tmp_35_2_fu_4133_p3              |  select  |      0|   0|  20|           1|          20|
    |tmp_35_3_fu_4831_p3              |  select  |      0|   0|  20|           1|          20|
    |not_s_fu_1804_p2                 |    xor   |      0|   0|   2|           1|           2|
    |sel_tmp13_fu_2637_p2             |    xor   |      0|   0|   2|           1|           2|
    |sel_tmp17_fu_2913_p2             |    xor   |      0|   0|   2|           1|           2|
    |sel_tmp1_fu_1953_p2              |    xor   |      0|   0|   2|           1|           2|
    |sel_tmp21_fu_3086_p2             |    xor   |      0|   0|   2|           1|           2|
    |sel_tmp25_fu_3357_p2             |    xor   |      0|   0|   2|           1|           2|
    |sel_tmp29_fu_3745_p2             |    xor   |      0|   0|   2|           1|           2|
    |sel_tmp33_fu_3918_p2             |    xor   |      0|   0|   2|           1|           2|
    |sel_tmp37_fu_4190_p2             |    xor   |      0|   0|   2|           1|           2|
    |sel_tmp3_fu_2225_p2              |    xor   |      0|   0|   2|           1|           2|
    |sel_tmp41_fu_4567_p2             |    xor   |      0|   0|   2|           1|           2|
    |sel_tmp45_fu_4726_p2             |    xor   |      0|   0|   2|           1|           2|
    |sel_tmp8_fu_2398_p2              |    xor   |      0|   0|   2|           1|           2|
    +---------------------------------+----------+-------+----+----+------------+------------+
    |Total                            |          |      4|5661|4628|        2494|        3162|
    +---------------------------------+----------+-------+----+----+------------+------------+

    * Multiplexer: 
    +---------------------------------+-----+-----------+-----+-----------+
    |               Name              | LUT | Input Size| Bits| Total Bits|
    +---------------------------------+-----+-----------+-----+-----------+
    |ap_NS_fsm                        |  245|         57|    1|         57|
    |colBuffer_address0               |   21|          4|    5|         20|
    |col_reg_1285                     |    9|          2|    5|         10|
    |grp_fu_1367_p0                   |   15|          3|   32|         96|
    |grp_fu_1372_p0                   |   27|          5|   32|        160|
    |grp_fu_1375_p0                   |   15|          3|   32|         96|
    |grp_fu_1375_p1                   |   21|          4|   32|        128|
    |ii_address0                      |  142|         30|   10|        300|
    |ii_address1                      |  127|         25|   10|        250|
    |ii_d0                            |   15|          3|   18|         54|
    |indvars_iv1_reg_1296             |    9|          2|    8|         16|
    |indvars_iv4_reg_1307             |    9|          2|    8|         16|
    |indvars_iv7_reg_1319             |    9|          2|    8|         16|
    |indvars_iv_reg_1331              |    9|          2|    8|         16|
    |lineBuffer_address0              |   33|          6|   14|         84|
    |lineBuffer_d0                    |   15|          3|   16|         48|
    |nodeIdx_reg_1343                 |    9|          2|    8|         16|
    |reg_1405                         |    9|          2|   18|         36|
    |row_1_reg_1274                   |    9|          2|    5|         10|
    |row_reg_1263                     |    9|          2|    5|         10|
    |stage24Nodes_address0            |   44|          9|   10|         90|
    |stage24RectsExtend_0_1_address0  |   27|          5|    8|         40|
    |stage24RectsExtend_0_2_address0  |   27|          5|    8|         40|
    |stage24RectsExtend_0_3_address0  |   27|          5|    8|         40|
    |stage24RectsExtend_0_4_address0  |   27|          5|    8|         40|
    |stage24RectsExtend_0_address0    |   27|          5|    8|         40|
    |stage24RectsExtend_1_1_address0  |   27|          5|    8|         40|
    |stage24RectsExtend_1_2_address0  |   27|          5|    8|         40|
    |stage24RectsExtend_1_3_address0  |   27|          5|    8|         40|
    |stage24RectsExtend_1_4_address0  |   27|          5|    8|         40|
    |stage24RectsExtend_1_address0    |   27|          5|    8|         40|
    |stage24RectsExtend_2_1_address0  |   27|          5|    8|         40|
    |stage24RectsExtend_2_2_address0  |   27|          5|    8|         40|
    |stage24RectsExtend_2_3_address0  |   27|          5|    8|         40|
    |stage24RectsExtend_2_4_address0  |   27|          5|    8|         40|
    |stage24RectsExtend_2_address0    |   27|          5|    8|         40|
    |stageTmp_reg_1355                |    9|          2|   32|         64|
    +---------------------------------+-----+-----------+-----+-----------+
    |Total                            | 1215|        247|  437|       2193|
    +---------------------------------+-----+-----------+-----+-----------+

    * Register: 
    +----------------------------------+----+----+-----+-----------+
    |               Name               | FF | LUT| Bits| Const Bits|
    +----------------------------------+----+----+-----+-----------+
    |ap_CS_fsm                         |  56|   0|   56|          0|
    |col_reg_1285                      |   5|   0|    5|          0|
    |coordUpL_0_1_reg_5450             |  11|   0|   11|          0|
    |coordUpL_0_2_reg_5505             |  11|   0|   11|          0|
    |coordUpL_1_1_reg_5745             |  11|   0|   11|          0|
    |coordUpL_1_2_reg_5805             |  11|   0|   11|          0|
    |coordUpL_1_reg_5615               |  11|   0|   11|          0|
    |coordUpL_2_1_reg_6060             |  11|   0|   11|          0|
    |coordUpL_2_2_reg_6130             |  11|   0|   11|          0|
    |coordUpL_2_reg_5915               |  11|   0|   11|          0|
    |coordUpL_3_1_reg_6380             |  11|   0|   11|          0|
    |coordUpL_3_2_reg_6450             |  11|   0|   11|          0|
    |coordUpL_3_reg_6240               |  11|   0|   11|          0|
    |coordUpL_reg_5335                 |  11|   0|   11|          0|
    |coordUpR_0_1_reg_5475             |  11|   0|   11|          0|
    |coordUpR_0_2_reg_5535             |  11|   0|   11|          0|
    |coordUpR_1_1_reg_5775             |  11|   0|   11|          0|
    |coordUpR_1_2_reg_5835             |  11|   0|   11|          0|
    |coordUpR_1_reg_5650               |  11|   0|   11|          0|
    |coordUpR_2_1_reg_6095             |  11|   0|   11|          0|
    |coordUpR_2_2_reg_6160             |  11|   0|   11|          0|
    |coordUpR_2_reg_5965               |  11|   0|   11|          0|
    |coordUpR_3_1_reg_6415             |  11|   0|   11|          0|
    |coordUpR_3_2_reg_6480             |  11|   0|   11|          0|
    |coordUpR_3_reg_6285               |  11|   0|   11|          0|
    |coordUpR_reg_5360                 |  11|   0|   11|          0|
    |ii_addr_1_reg_5267                |   7|   0|   10|          3|
    |indvars_iv1_reg_1296              |   8|   0|    8|          0|
    |indvars_iv4_reg_1307              |   8|   0|    8|          0|
    |indvars_iv7_reg_1319              |   8|   0|    8|          0|
    |indvars_iv_next2_reg_6210         |   8|   0|    8|          0|
    |indvars_iv_next5_reg_5885         |   8|   0|    8|          0|
    |indvars_iv_next8_reg_5585         |   8|   0|    8|          0|
    |indvars_iv_next_reg_5330          |   8|   0|    8|          0|
    |indvars_iv_reg_1331               |   8|   0|    8|          0|
    |lValue_1_1_reg_6400               |  11|   0|   11|          0|
    |lValue_1_3_reg_6580               |  11|   0|   11|          0|
    |lineBuffer_addr_1_reg_5170        |  14|   0|   14|          0|
    |lineBuffer_addr_2_reg_5186        |  14|   0|   14|          0|
    |lineBuffer_load_reg_5175          |  16|   0|   16|          0|
    |mt1_reg_5490                      |  20|   0|   20|          0|
    |mt2_reg_5790                      |  20|   0|   20|          0|
    |mt3_reg_6115                      |  20|   0|   20|          0|
    |mt_reg_6435                       |  20|   0|   20|          0|
    |newIndex3_cast_reg_5550           |   8|   0|   32|         24|
    |newIndex6_cast_reg_5850           |   8|   0|   32|         24|
    |newIndex9_cast_reg_6175           |   8|   0|   32|         24|
    |newIndex_cast_reg_5295            |   8|   0|   32|         24|
    |nodeIdx_1_3_reg_6575              |   8|   0|    8|          0|
    |nodeIdx_cast_reg_5287             |   8|   0|   11|          3|
    |nodeIdx_reg_1343                  |   8|   0|    8|          0|
    |reg_1405                          |  18|   0|   18|          0|
    |reg_1410                          |   5|   0|    5|          0|
    |reg_1414                          |   5|   0|    5|          0|
    |reg_1418                          |   5|   0|    5|          0|
    |reg_1422                          |   5|   0|    5|          0|
    |reg_1426                          |   2|   0|    2|          0|
    |reg_1430                          |   5|   0|    5|          0|
    |reg_1434                          |   5|   0|    5|          0|
    |reg_1438                          |   4|   0|    4|          0|
    |reg_1442                          |   4|   0|    4|          0|
    |reg_1446                          |   2|   0|    2|          0|
    |reg_1450                          |  18|   0|   18|          0|
    |reg_1454                          |  32|   0|   32|          0|
    |reg_1460                          |  32|   0|   32|          0|
    |reg_1465                          |  32|   0|   32|          0|
    |reg_1470                          |  32|   0|   32|          0|
    |row_1_cast_reg_5219               |   5|   0|   32|         27|
    |row_1_reg_1274                    |   5|   0|    5|          0|
    |row_2_reg_5227                    |   5|   0|    5|          0|
    |row_cast_reg_5181                 |   5|   0|   32|         27|
    |row_reg_1263                      |   5|   0|    5|          0|
    |sel_tmp10_reg_5605                |   1|   0|    1|          0|
    |sel_tmp14_reg_5735                |   1|   0|    1|          0|
    |sel_tmp18_reg_5825                |   1|   0|    1|          0|
    |sel_tmp22_reg_5905                |   1|   0|    1|          0|
    |sel_tmp26_reg_6050                |   1|   0|    1|          0|
    |sel_tmp2_reg_5440                 |   1|   0|    1|          0|
    |sel_tmp30_reg_6150                |   1|   0|    1|          0|
    |sel_tmp34_reg_6230                |   1|   0|    1|          0|
    |sel_tmp38_reg_6370                |   1|   0|    1|          0|
    |sel_tmp42_reg_6470                |   1|   0|    1|          0|
    |sel_tmp46_reg_6510                |   1|   0|    1|          0|
    |sel_tmp5_reg_5525                 |   1|   0|    1|          0|
    |stage24RectsExtend_0_19_reg_5720  |   1|   0|    1|          0|
    |stage24RectsExtend_0_29_reg_6035  |   1|   0|    1|          0|
    |stage24RectsExtend_0_39_reg_6355  |   1|   0|    1|          0|
    |stage24RectsExtend_0_9_reg_5425   |   1|   0|    1|          0|
    |stageTmp_reg_1355                 |  32|   0|   32|          0|
    |sumA_2_0_2_reg_5610               |  19|   0|   19|          0|
    |sumA_2_1_2_reg_5910               |  19|   0|   19|          0|
    |sumA_2_1_reg_5740                 |  19|   0|   19|          0|
    |sumA_2_2_2_reg_6235               |  19|   0|   19|          0|
    |sumA_2_2_reg_6055                 |  19|   0|   19|          0|
    |sumA_2_3_2_reg_6515               |  19|   0|   19|          0|
    |sumA_2_3_reg_6375                 |  19|   0|   19|          0|
    |sumA_2_reg_5445                   |  19|   0|   19|          0|
    |sumB_2_0_1_reg_5530               |  19|   0|   19|          0|
    |sumB_2_0_2_reg_5640               |  19|   0|   19|          0|
    |sumB_2_1_1_reg_5830               |  19|   0|   19|          0|
    |sumB_2_1_2_reg_5955               |  19|   0|   19|          0|
    |sumB_2_1_reg_5770                 |  19|   0|   19|          0|
    |sumB_2_2_1_reg_6155               |  19|   0|   19|          0|
    |sumB_2_2_2_reg_6275               |  19|   0|   19|          0|
    |sumB_2_2_reg_6090                 |  19|   0|   19|          0|
    |sumB_2_3_1_reg_6475               |  19|   0|   19|          0|
    |sumB_2_3_2_reg_6540               |  19|   0|   19|          0|
    |sumB_2_3_reg_6410                 |  19|   0|   19|          0|
    |sumB_2_reg_5470                   |  19|   0|   19|          0|
    |sum_1_0_2_reg_5715                |  23|   0|   23|          0|
    |sum_1_1_2_reg_6030                |  23|   0|   23|          0|
    |sum_1_2_2_reg_6350                |  23|   0|   23|          0|
    |sum_1_3_2_reg_6545                |  23|   0|   23|          0|
    |tmp_11_reg_5282                   |  18|   0|   18|          0|
    |tmp_13_reg_5277                   |  18|   0|   18|          0|
    |tmp_14_reg_5262                   |  11|   0|   11|          0|
    |tmp_15_reg_5252                   |   5|   0|    5|          0|
    |tmp_16_reg_5935                   |  11|   0|   11|          0|
    |tmp_24_0_1_reg_5457               |   1|   0|    1|          0|
    |tmp_24_0_2_reg_5512               |   1|   0|    1|          0|
    |tmp_24_1_1_reg_5752               |   1|   0|    1|          0|
    |tmp_24_1_2_reg_5812               |   1|   0|    1|          0|
    |tmp_24_1_reg_5622                 |   1|   0|    1|          0|
    |tmp_24_2_1_reg_6067               |   1|   0|    1|          0|
    |tmp_24_2_2_reg_6137               |   1|   0|    1|          0|
    |tmp_24_2_reg_5922                 |   1|   0|    1|          0|
    |tmp_24_3_1_reg_6387               |   1|   0|    1|          0|
    |tmp_24_3_2_reg_6457               |   1|   0|    1|          0|
    |tmp_24_3_reg_6247                 |   1|   0|    1|          0|
    |tmp_24_reg_5342                   |   1|   0|    1|          0|
    |tmp_25_0_1_reg_5464               |   1|   0|    1|          0|
    |tmp_25_0_2_reg_5519               |   1|   0|    1|          0|
    |tmp_25_1_1_reg_5759               |   1|   0|    1|          0|
    |tmp_25_1_2_reg_5819               |   1|   0|    1|          0|
    |tmp_25_1_reg_5629                 |   1|   0|    1|          0|
    |tmp_25_2_1_reg_6074               |   1|   0|    1|          0|
    |tmp_25_2_2_reg_6144               |   1|   0|    1|          0|
    |tmp_25_2_reg_5929                 |   1|   0|    1|          0|
    |tmp_25_3_1_reg_6394               |   1|   0|    1|          0|
    |tmp_25_3_2_reg_6464               |   1|   0|    1|          0|
    |tmp_25_3_reg_6254                 |   1|   0|    1|          0|
    |tmp_25_reg_5349                   |   1|   0|    1|          0|
    |tmp_34_0_1_reg_5590               |  20|   0|   20|          0|
    |tmp_34_1_1_reg_5890               |  20|   0|   20|          0|
    |tmp_34_2_1_reg_6215               |  20|   0|   20|          0|
    |tmp_34_3_1_reg_6495               |  20|   0|   20|          0|
    |tmp_35_0_1_reg_5635               |  22|   0|   22|          0|
    |tmp_35_1_1_reg_5950               |  22|   0|   22|          0|
    |tmp_35_2_1_reg_6270               |  22|   0|   22|          0|
    |tmp_35_3_1_reg_6535               |  22|   0|   22|          0|
    |tmp_39_reg_5204                   |  16|   0|   16|          0|
    |tmp_3_reg_5194                    |   5|   0|    5|          0|
    |tmp_4_reg_5214                    |  16|   0|   16|          0|
    |tmp_50_reg_5199                   |  15|   0|   15|          0|
    |tmp_5_reg_5232                    |   8|   0|   11|          3|
    |tmp_62_reg_6550                   |   1|   0|    1|          0|
    |tmp_63_reg_6080                   |   2|   0|    2|          0|
    |tmp_65_reg_5945                   |   9|   0|    9|          0|
    |tmp_6_reg_5244                    |   8|   0|   11|          3|
    |tmp_8_1_reg_6260                  |  10|   0|   11|          1|
    |tmp_8_2_cast_reg_6525             |  32|   0|   32|          0|
    |tmp_8_2_reg_6520                  |  11|   0|   11|          0|
    |tmp_8_3_reg_6565                  |   9|   0|   11|          2|
    |tmp_reg_5158                      |  15|   0|   15|          0|
    +----------------------------------+----+----+-----+-----------+
    |Total                             |1761|   0| 1926|        165|
    +----------------------------------+----+----+-----+-----------+



================================================================
== Interface
================================================================
* Summary: 
+-------------+-----+-----+------------+-----------------+--------------+
|  RTL Ports  | Dir | Bits|  Protocol  |  Source Object  |    C Type    |
+-------------+-----+-----+------------+-----------------+--------------+
|ap_clk       |  in |    1| ap_ctrl_hs | detectFaceS24ii | return value |
|ap_rst       |  in |    1| ap_ctrl_hs | detectFaceS24ii | return value |
|ap_start     |  in |    1| ap_ctrl_hs | detectFaceS24ii | return value |
|ap_done      | out |    1| ap_ctrl_hs | detectFaceS24ii | return value |
|ap_idle      | out |    1| ap_ctrl_hs | detectFaceS24ii | return value |
|ap_ready     | out |    1| ap_ctrl_hs | detectFaceS24ii | return value |
|ap_return    | out |   32| ap_ctrl_hs | detectFaceS24ii | return value |
|newPixel     |  in |   32|   ap_none  |     newPixel    |    scalar    |
|newPixelCol  |  in |   32|   ap_none  |   newPixelCol   |    scalar    |
+-------------+-----+-----+------------+-----------------+--------------+

