

================================================================
== Vivado HLS Report for 'detectFaceS24ii'
================================================================
* Date:           Wed Feb 28 13:37:00 2018

* Version:        2017.2 (Build 1909853 on Thu Jun 15 18:55:24 MDT 2017)
* Project:        S24FaceDetectII
* Solution:       solution1
* Product family: artix7
* Target device:  xc7a200tfbg676-1


================================================================
== Performance Estimates
================================================================
+ Timing (ns): 
    * Summary: 
    +--------+-------+----------+------------+
    |  Clock | Target| Estimated| Uncertainty|
    +--------+-------+----------+------------+
    |ap_clk  |  10.00|     11.00|        1.25|
    +--------+-------+----------+------------+

+ Latency (clock cycles): 
    * Summary: 
    +------+------+------+------+---------+
    |   Latency   |   Interval  | Pipeline|
    |  min |  max |  min |  max |   Type  |
    +------+------+------+------+---------+
    |  2391|  2391|  2392|  2392|   none  |
    +------+------+------+------+---------+

    + Detail: 
        * Instance: 
        N/A

        * Loop: 
        +---------------+------+------+----------+-----------+-----------+------+----------+
        |               |   Latency   | Iteration|  Initiation Interval  | Trip |          |
        |   Loop Name   |  min |  max |  Latency |  achieved |   target  | Count| Pipelined|
        +---------------+------+------+----------+-----------+-----------+------+----------+
        |- Loop_Buffer  |    92|    92|         4|          -|          -|    23|    no    |
        |- Loop_iiRow   |   144|   144|         6|          -|          -|    24|    no    |
        |- Loop_Nodes   |  2150|  2150|        43|          -|          -|    50|    no    |
        +---------------+------+------+----------+-----------+-----------+------+----------+



================================================================
== Utilization Estimates
================================================================
* Summary: 
+-----------------+---------+-------+--------+--------+
|       Name      | BRAM_18K| DSP48E|   FF   |   LUT  |
+-----------------+---------+-------+--------+--------+
|DSP              |        -|      8|       -|       -|
|Expression       |        -|      -|    7037|    4987|
|FIFO             |        -|      -|       -|       -|
|Instance         |        -|      2|    2650|    1152|
|Memory           |       22|      -|      95|     210|
|Multiplexer      |        -|      -|       -|    2553|
|Register         |        -|      -|    2534|       -|
+-----------------+---------+-------+--------+--------+
|Total            |       22|     10|   12316|    8902|
+-----------------+---------+-------+--------+--------+
|Available        |      730|    740|  269200|  129000|
+-----------------+---------+-------+--------+--------+
|Utilization (%)  |        3|      1|       4|       6|
+-----------------+---------+-------+--------+--------+

+ Detail: 
    * Instance: 
    +--------------------------+----------------------+---------+-------+-----+-----+
    |         Instance         |        Module        | BRAM_18K| DSP48E|  FF | LUT |
    +--------------------------+----------------------+---------+-------+-----+-----+
    |detectFaceS24ii_fxdS_U0   |detectFaceS24ii_fxdS  |        0|      2|  205|  205|
    |detectFaceS24ii_fzec_U2   |detectFaceS24ii_fzec  |        0|      0|   66|   70|
    |detectFaceS24ii_mAem_U3   |detectFaceS24ii_mAem  |        0|      0|   85|   21|
    |detectFaceS24ii_mAem_U4   |detectFaceS24ii_mAem  |        0|      0|   85|   21|
    |detectFaceS24ii_mAem_U5   |detectFaceS24ii_mAem  |        0|      0|   85|   21|
    |detectFaceS24ii_mAem_U6   |detectFaceS24ii_mAem  |        0|      0|   85|   21|
    |detectFaceS24ii_mAem_U7   |detectFaceS24ii_mAem  |        0|      0|   85|   21|
    |detectFaceS24ii_mAem_U8   |detectFaceS24ii_mAem  |        0|      0|   85|   21|
    |detectFaceS24ii_mAem_U9   |detectFaceS24ii_mAem  |        0|      0|   85|   21|
    |detectFaceS24ii_mAem_U10  |detectFaceS24ii_mAem  |        0|      0|   85|   21|
    |detectFaceS24ii_mAem_U11  |detectFaceS24ii_mAem  |        0|      0|   85|   21|
    |detectFaceS24ii_mAem_U12  |detectFaceS24ii_mAem  |        0|      0|   85|   21|
    |detectFaceS24ii_mAem_U13  |detectFaceS24ii_mAem  |        0|      0|   85|   21|
    |detectFaceS24ii_mAem_U14  |detectFaceS24ii_mAem  |        0|      0|   85|   21|
    |detectFaceS24ii_mAem_U15  |detectFaceS24ii_mAem  |        0|      0|   85|   21|
    |detectFaceS24ii_mAem_U16  |detectFaceS24ii_mAem  |        0|      0|   85|   21|
    |detectFaceS24ii_mAem_U17  |detectFaceS24ii_mAem  |        0|      0|   85|   21|
    |detectFaceS24ii_mAem_U18  |detectFaceS24ii_mAem  |        0|      0|   85|   21|
    |detectFaceS24ii_mAem_U19  |detectFaceS24ii_mAem  |        0|      0|   85|   21|
    |detectFaceS24ii_mAem_U20  |detectFaceS24ii_mAem  |        0|      0|   85|   21|
    |detectFaceS24ii_mAem_U21  |detectFaceS24ii_mAem  |        0|      0|   85|   21|
    |detectFaceS24ii_mAem_U22  |detectFaceS24ii_mAem  |        0|      0|   85|   21|
    |detectFaceS24ii_mAem_U23  |detectFaceS24ii_mAem  |        0|      0|   85|   21|
    |detectFaceS24ii_mAem_U24  |detectFaceS24ii_mAem  |        0|      0|   85|   21|
    |detectFaceS24ii_mAem_U25  |detectFaceS24ii_mAem  |        0|      0|   85|   21|
    |detectFaceS24ii_mAem_U26  |detectFaceS24ii_mAem  |        0|      0|   85|   21|
    |detectFaceS24ii_syd2_U1   |detectFaceS24ii_syd2  |        0|      0|  339|  373|
    +--------------------------+----------------------+---------+-------+-----+-----+
    |Total                     |                      |        0|      2| 2650| 1152|
    +--------------------------+----------------------+---------+-------+-----+-----+

    * DSP48: 
    +--------------------------+----------------------+---------------------+
    |         Instance         |        Module        |      Expression     |
    +--------------------------+----------------------+---------------------+
    |detectFaceS24ii_aBew_U27  |detectFaceS24ii_aBew  | i0 + (i1 + i2) * i3 |
    |detectFaceS24ii_aBew_U29  |detectFaceS24ii_aBew  | i0 + (i1 + i2) * i3 |
    |detectFaceS24ii_aBew_U31  |detectFaceS24ii_aBew  | i0 + (i1 + i2) * i3 |
    |detectFaceS24ii_aBew_U33  |detectFaceS24ii_aBew  | i0 + (i1 + i2) * i3 |
    |detectFaceS24ii_aCeG_U28  |detectFaceS24ii_aCeG  | i0 + (i1 + i2) * i3 |
    |detectFaceS24ii_aCeG_U30  |detectFaceS24ii_aCeG  | i0 + (i1 + i2) * i3 |
    |detectFaceS24ii_aCeG_U32  |detectFaceS24ii_aCeG  | i0 + (i1 + i2) * i3 |
    |detectFaceS24ii_aCeG_U34  |detectFaceS24ii_aCeG  | i0 + (i1 + i2) * i3 |
    +--------------------------+----------------------+---------------------+

    * Memory: 
    +--------------------------+----------------------+---------+----+----+-------+-----+------+-------------+
    |          Memory          |        Module        | BRAM_18K| FF | LUT| Words | Bits| Banks| W*Bits*Banks|
    +--------------------------+----------------------+---------+----+----+-------+-----+------+-------------+
    |colBuffer_U               |detectFaceS24ii_ccud  |        0|  32|   6|     24|   16|     1|          384|
    |ii_0_U                    |detectFaceS24ii_idEe  |        1|   0|   0|    144|   18|     1|         2592|
    |ii_1_U                    |detectFaceS24ii_idEe  |        1|   0|   0|    144|   18|     1|         2592|
    |ii_2_U                    |detectFaceS24ii_idEe  |        1|   0|   0|    144|   18|     1|         2592|
    |ii_3_U                    |detectFaceS24ii_idEe  |        1|   0|   0|    144|   18|     1|         2592|
    |lineBuffer_U              |detectFaceS24ii_lbkb  |       16|   0|   0|  15360|   16|     1|       245760|
    |stage24Nodes_U            |detectFaceS24ii_shbi  |        2|   0|   0|    600|   32|     1|        19200|
    |stage24RectsExtend_0_U    |detectFaceS24ii_sibs  |        0|   5|  16|    200|    5|     1|         1000|
    |stage24RectsExtend_0_1_U  |detectFaceS24ii_sjbC  |        0|   5|  16|    200|    5|     1|         1000|
    |stage24RectsExtend_0_2_U  |detectFaceS24ii_skbM  |        0|   5|  16|    200|    5|     1|         1000|
    |stage24RectsExtend_0_3_U  |detectFaceS24ii_slbW  |        0|   5|  16|    200|    5|     1|         1000|
    |stage24RectsExtend_0_4_U  |detectFaceS24ii_smb6  |        0|   1|   4|    200|    1|     1|          200|
    |stage24RectsExtend_1_U    |detectFaceS24ii_sncg  |        0|   5|  16|    200|    5|     1|         1000|
    |stage24RectsExtend_1_1_U  |detectFaceS24ii_socq  |        0|   5|  16|    200|    5|     1|         1000|
    |stage24RectsExtend_1_2_U  |detectFaceS24ii_spcA  |        0|   5|  16|    200|    5|     1|         1000|
    |stage24RectsExtend_1_3_U  |detectFaceS24ii_sqcK  |        0|   5|  16|    200|    5|     1|         1000|
    |stage24RectsExtend_1_4_U  |detectFaceS24ii_srcU  |        0|   2|   7|    200|    2|     1|          400|
    |stage24RectsExtend_2_U    |detectFaceS24ii_ssc4  |        0|   5|  16|    200|    5|     1|         1000|
    |stage24RectsExtend_2_1_U  |detectFaceS24ii_stde  |        0|   5|  16|    200|    5|     1|         1000|
    |stage24RectsExtend_2_2_U  |detectFaceS24ii_sudo  |        0|   4|  13|    200|    4|     1|          800|
    |stage24RectsExtend_2_3_U  |detectFaceS24ii_svdy  |        0|   4|  13|    200|    4|     1|          800|
    |stage24RectsExtend_2_4_U  |detectFaceS24ii_swdI  |        0|   2|   7|    200|    2|     1|          400|
    +--------------------------+----------------------+---------+----+----+-------+-----+------+-------------+
    |Total                     |                      |       22|  95| 210|  19560|  199|    22|       288312|
    +--------------------------+----------------------+---------+----+----+-------+-----+------+-------------+

    * FIFO: 
    N/A

    * Expression: 
    +---------------------------------+----------+-------+----+----+------------+------------+
    |          Variable Name          | Operation| DSP48E| FF | LUT| Bitwidth P0| Bitwidth P1|
    +---------------------------------+----------+-------+----+----+------------+------------+
    |arrayNo10_fu_7903_p2             |     +    |      0|  11|   8|           2|           2|
    |arrayNo11_fu_7569_p2             |     +    |      0|  11|   8|           2|           2|
    |arrayNo1_fu_4690_p2              |     +    |      0|  11|   8|           2|           2|
    |arrayNo2_fu_5875_p2              |     +    |      0|  11|   8|           2|           2|
    |arrayNo3_fu_5638_p2              |     +    |      0|  11|   8|           2|           2|
    |arrayNo4_fu_6445_p2              |     +    |      0|  11|   8|           2|           2|
    |arrayNo5_fu_6892_p2              |     +    |      0|  11|   8|           2|           2|
    |arrayNo6_fu_4986_p2              |     +    |      0|  11|   8|           2|           2|
    |arrayNo7_fu_5266_p2              |     +    |      0|  11|   8|           2|           2|
    |arrayNo8_fu_6547_p2              |     +    |      0|  11|   8|           2|           2|
    |arrayNo9_fu_7467_p2              |     +    |      0|  11|   8|           2|           2|
    |arrayNo_fu_5536_p2               |     +    |      0|  11|   8|           2|           2|
    |coordDownL_0_1_fu_4863_p2        |     +    |      0|  38|  16|          11|          11|
    |coordDownL_0_2_fu_5154_p2        |     +    |      0|  38|  16|          11|          11|
    |coordDownL_1_1_fu_5748_p2        |     +    |      0|  38|  16|          11|          11|
    |coordDownL_1_2_fu_6043_p2        |     +    |      0|  38|  16|          11|          11|
    |coordDownL_1_fu_5432_p2          |     +    |      0|  38|  16|          11|          11|
    |coordDownL_2_1_fu_6657_p2        |     +    |      0|  38|  16|          11|          11|
    |coordDownL_2_2_fu_7064_p2        |     +    |      0|  38|  16|          11|          11|
    |coordDownL_2_fu_6309_p2          |     +    |      0|  38|  16|          11|          11|
    |coordDownL_3_1_fu_7679_p2        |     +    |      0|  38|  16|          11|          11|
    |coordDownL_3_2_fu_8075_p2        |     +    |      0|  38|  16|          11|          11|
    |coordDownL_3_fu_7330_p2          |     +    |      0|  38|  16|          11|          11|
    |coordDownL_fu_4633_p2            |     +    |      0|  38|  16|          11|          11|
    |coordDownR_0_1_fu_4868_p2        |     +    |      0|  38|  16|          11|          11|
    |coordDownR_0_2_fu_5159_p2        |     +    |      0|  38|  16|          11|          11|
    |coordDownR_1_1_fu_5753_p2        |     +    |      0|  38|  16|          11|          11|
    |coordDownR_1_2_fu_6048_p2        |     +    |      0|  38|  16|          11|          11|
    |coordDownR_1_fu_5437_p2          |     +    |      0|  38|  16|          11|          11|
    |coordDownR_2_1_fu_6662_p2        |     +    |      0|  38|  16|          11|          11|
    |coordDownR_2_2_fu_7069_p2        |     +    |      0|  38|  16|          11|          11|
    |coordDownR_2_fu_6314_p2          |     +    |      0|  38|  16|          11|          11|
    |coordDownR_3_1_fu_7684_p2        |     +    |      0|  38|  16|          11|          11|
    |coordDownR_3_2_fu_8080_p2        |     +    |      0|  38|  16|          11|          11|
    |coordDownR_3_fu_7335_p2          |     +    |      0|  38|  16|          11|          11|
    |coordDownR_fu_4638_p2            |     +    |      0|  38|  16|          11|          11|
    |coordUpL_0_1_fu_4757_p2          |     +    |      0|   0|  11|          11|          11|
    |coordUpL_0_2_fu_5050_p2          |     +    |      0|   0|  11|          11|          11|
    |coordUpL_1_1_fu_5604_p2          |     +    |      0|   0|  11|          11|          11|
    |coordUpL_1_2_fu_5939_p2          |     +    |      0|   0|  11|          11|          11|
    |coordUpL_1_fu_5334_p2            |     +    |      0|   0|  11|          11|          11|
    |coordUpL_2_1_fu_6513_p2          |     +    |      0|   0|  11|          11|          11|
    |coordUpL_2_2_fu_6956_p2          |     +    |      0|   0|  11|          11|          11|
    |coordUpL_2_fu_6211_p2            |     +    |      0|   0|  11|          11|          11|
    |coordUpL_3_1_fu_7535_p2          |     +    |      0|   0|  11|          11|          11|
    |coordUpL_3_2_fu_7967_p2          |     +    |      0|   0|  11|          11|          11|
    |coordUpL_3_fu_7232_p2            |     +    |      0|   0|  11|          11|          11|
    |coordUpL_fu_4568_p2              |     +    |      0|   0|  11|          11|          11|
    |coordUpR_0_1_fu_4828_p2          |     +    |      0|  38|  16|          11|          11|
    |coordUpR_0_2_fu_5115_p2          |     +    |      0|  38|  16|          11|          11|
    |coordUpR_1_1_fu_5713_p2          |     +    |      0|  38|  16|          11|          11|
    |coordUpR_1_2_fu_6004_p2          |     +    |      0|  38|  16|          11|          11|
    |coordUpR_1_fu_5397_p2            |     +    |      0|  38|  16|          11|          11|
    |coordUpR_2_1_fu_6622_p2          |     +    |      0|  38|  16|          11|          11|
    |coordUpR_2_2_fu_7025_p2          |     +    |      0|  38|  16|          11|          11|
    |coordUpR_2_fu_6274_p2            |     +    |      0|  38|  16|          11|          11|
    |coordUpR_3_1_fu_7644_p2          |     +    |      0|  38|  16|          11|          11|
    |coordUpR_3_2_fu_8036_p2          |     +    |      0|  38|  16|          11|          11|
    |coordUpR_3_fu_7295_p2            |     +    |      0|  38|  16|          11|          11|
    |coordUpR_fu_4598_p2              |     +    |      0|  38|  16|          11|          11|
    |indvars_iv_next2_fu_4444_p2      |     +    |      0|  29|  13|           3|           8|
    |indvars_iv_next5_fu_4450_p2      |     +    |      0|  29|  13|           3|           8|
    |indvars_iv_next8_fu_4456_p2      |     +    |      0|  29|  13|           3|           8|
    |indvars_iv_next_fu_4462_p2       |     +    |      0|  29|  13|           3|           8|
    |lValue_1_1_fu_7828_p2            |     +    |      0|  38|  16|          11|          11|
    |lValue_1_3_fu_8561_p2            |     +    |      0|  38|  16|          11|          11|
    |nodeIdx_1_3_fu_4438_p2           |     +    |      0|  29|  13|           3|           8|
    |row_2_fu_3636_p2                 |     +    |      0|  20|  10|           5|           1|
    |tmp117_fu_7222_p2                |     +    |      0|  23|  11|           6|           6|
    |tmp120_fu_7525_p2                |     +    |      0|  23|  11|           6|           6|
    |tmp121_fu_7957_p2                |     +    |      0|  23|  11|           6|           6|
    |tmp19_fu_4558_p2                 |     +    |      0|  23|  11|           6|           6|
    |tmp28_fu_4747_p2                 |     +    |      0|  23|  11|           6|           6|
    |tmp36_fu_5040_p2                 |     +    |      0|  23|  11|           6|           6|
    |tmp56_fu_5324_p2                 |     +    |      0|  23|  11|           6|           6|
    |tmp61_fu_5594_p2                 |     +    |      0|  23|  11|           6|           6|
    |tmp67_fu_5929_p2                 |     +    |      0|  23|  11|           6|           6|
    |tmp87_fu_6201_p2                 |     +    |      0|  23|  11|           6|           6|
    |tmp93_fu_6503_p2                 |     +    |      0|  23|  11|           6|           6|
    |tmp98_fu_6946_p2                 |     +    |      0|  23|  11|           6|           6|
    |tmp_111_fu_7461_p2               |     +    |      0|  11|   8|           2|           2|
    |tmp_117_fu_7897_p2               |     +    |      0|  11|   8|           2|           2|
    |tmp_11_fu_3501_p2                |     +    |      0|  50|  20|          14|          15|
    |tmp_128_fu_7559_p2               |     +    |      0|  11|   8|           2|           2|
    |tmp_14_10_fu_3910_p2             |     +    |      0|  38|  16|          11|           4|
    |tmp_14_11_fu_3930_p2             |     +    |      0|  38|  16|          11|           4|
    |tmp_14_12_fu_3950_p2             |     +    |      0|  38|  16|          11|           5|
    |tmp_14_13_fu_3970_p2             |     +    |      0|  38|  16|          11|           5|
    |tmp_14_14_fu_3990_p2             |     +    |      0|  38|  16|          11|           5|
    |tmp_14_15_fu_4010_p2             |     +    |      0|  38|  16|          11|           5|
    |tmp_14_16_fu_4030_p2             |     +    |      0|  38|  16|          11|           5|
    |tmp_14_17_fu_4050_p2             |     +    |      0|  38|  16|          11|           5|
    |tmp_14_18_fu_4070_p2             |     +    |      0|  38|  16|          11|           5|
    |tmp_14_1_fu_3695_p2              |     +    |      0|  38|  16|          11|           1|
    |tmp_14_2_fu_3850_p2              |     +    |      0|  38|  16|          11|           4|
    |tmp_14_3_fu_3716_p2              |     +    |      0|  38|  16|          11|           2|
    |tmp_14_4_fu_3870_p2              |     +    |      0|  38|  16|          11|           4|
    |tmp_14_5_fu_3749_p2              |     +    |      0|  38|  16|          11|           3|
    |tmp_14_6_fu_3890_p2              |     +    |      0|  38|  16|          11|           4|
    |tmp_14_7_fu_3770_p2              |     +    |      0|  38|  16|          11|           3|
    |tmp_14_8_fu_3790_p2              |     +    |      0|  38|  16|          11|           4|
    |tmp_14_9_fu_3810_p2              |     +    |      0|  38|  16|          11|           4|
    |tmp_14_fu_4574_p2                |     +    |      0|  11|   8|           2|           2|
    |tmp_14_s_fu_3830_p2              |     +    |      0|  38|  16|          11|           4|
    |tmp_16_10_fu_4290_p2             |     +    |      0|  38|  16|          11|           5|
    |tmp_16_11_fu_4310_p2             |     +    |      0|  38|  16|          11|           5|
    |tmp_16_12_fu_4330_p2             |     +    |      0|  38|  16|          11|           5|
    |tmp_16_13_fu_4350_p2             |     +    |      0|  38|  16|          11|           5|
    |tmp_16_14_fu_4370_p2             |     +    |      0|  38|  16|          11|           5|
    |tmp_16_1_fu_4150_p2              |     +    |      0|  38|  16|          11|           4|
    |tmp_16_2_fu_4170_p2              |     +    |      0|  38|  16|          11|           4|
    |tmp_16_3_fu_4190_p2              |     +    |      0|  38|  16|          11|           4|
    |tmp_16_4_fu_4210_p2              |     +    |      0|  38|  16|          11|           4|
    |tmp_16_5_fu_4230_p2              |     +    |      0|  38|  16|          11|           4|
    |tmp_16_6_fu_4250_p2              |     +    |      0|  38|  16|          11|           5|
    |tmp_16_7_fu_4270_p2              |     +    |      0|  38|  16|          11|           5|
    |tmp_16_8_fu_4090_p2              |     +    |      0|  38|  16|          11|           4|
    |tmp_16_9_fu_4110_p2              |     +    |      0|  38|  16|          11|           4|
    |tmp_16_s_fu_4130_p2              |     +    |      0|  38|  16|          11|           4|
    |tmp_26_fu_3539_p2                |     +    |      0|   0|  11|          15|          15|
    |tmp_28_fu_4968_p2                |     +    |      0|   0|  11|          20|          20|
    |tmp_29_fu_4980_p2                |     +    |      0|  11|   8|           2|           2|
    |tmp_2_8_fu_8259_p2               |     +    |      0|  38|  16|           2|          11|
    |tmp_2_fu_3618_p2                 |     +    |      0|   0|  11|          16|          16|
    |tmp_30_fu_3545_p2                |     +    |      0|   0|  11|          15|          15|
    |tmp_34_1_fu_5857_p2              |     +    |      0|   0|  11|          20|          20|
    |tmp_34_2_fu_6874_p2              |     +    |      0|   0|  11|          20|          20|
    |tmp_34_3_fu_7885_p2              |     +    |      0|   0|  11|          20|          20|
    |tmp_37_fu_5260_p2                |     +    |      0|  11|   8|           2|           2|
    |tmp_3_fu_3561_p2                 |     +    |      0|  20|  10|           5|           1|
    |tmp_47_fu_3591_p2                |     +    |      0|   0|  11|          15|          15|
    |tmp_51_fu_3597_p2                |     +    |      0|   0|  11|          15|          15|
    |tmp_53_fu_5530_p2                |     +    |      0|  11|   8|           2|           2|
    |tmp_61_fu_5869_p2                |     +    |      0|  11|   8|           2|           2|
    |tmp_68_fu_5628_p2                |     +    |      0|  11|   8|           2|           2|
    |tmp_81_fu_6439_p2                |     +    |      0|  11|   8|           2|           2|
    |tmp_87_fu_6886_p2                |     +    |      0|  11|   8|           2|           2|
    |tmp_98_fu_6537_p2                |     +    |      0|  11|   8|           2|           2|
    |tmp_9_fu_4413_p2                 |     +    |      0|  59|  23|          18|          18|
    |tmp_s_fu_4390_p2                 |     +    |      0|  38|  16|          11|           5|
    |grp_fu_2897_p2                   |     -    |      0|  59|  23|          18|          18|
    |grp_fu_2903_p2                   |     -    |      0|  59|  23|          18|          18|
    |grp_fu_2909_p2                   |     -    |      0|  59|  23|          18|          18|
    |grp_fu_2915_p2                   |     -    |      0|  59|  23|          18|          18|
    |grp_fu_2921_p2                   |     -    |      0|  59|  23|          18|          18|
    |grp_fu_2927_p2                   |     -    |      0|  59|  23|          18|          18|
    |grp_fu_2933_p2                   |     -    |      0|  59|  23|          18|          18|
    |grp_fu_2939_p2                   |     -    |      0|  59|  23|          18|          18|
    |mt1_fu_4974_p2                   |     -    |      0|   0|  11|           1|          20|
    |mt2_fu_5863_p2                   |     -    |      0|   0|  11|           1|          20|
    |mt3_fu_6880_p2                   |     -    |      0|   0|  11|           1|          20|
    |mt_fu_7891_p2                    |     -    |      0|   0|  11|           1|          20|
    |sumA_0_1_fu_5080_p2              |     -    |      0|  62|  24|          19|          19|
    |sumA_0_2_fu_5362_p2              |     -    |      0|  62|  24|          19|          19|
    |sumA_1_1_fu_5969_p2              |     -    |      0|  62|  24|          19|          19|
    |sumA_1_2_fu_6239_p2              |     -    |      0|  62|  24|          19|          19|
    |sumA_1_fu_5678_p2                |     -    |      0|  62|  24|          19|          19|
    |sumA_221_1_fu_6990_p2            |     -    |      0|  62|  24|          19|          19|
    |sumA_221_2_fu_7260_p2            |     -    |      0|  62|  24|          19|          19|
    |sumA_324_1_fu_8001_p2            |     -    |      0|  62|  24|          19|          19|
    |sumA_324_2_fu_8195_p2            |     -    |      0|  62|  24|          19|          19|
    |sumA_4_fu_7609_p2                |     -    |      0|  62|  24|          19|          19|
    |sumA_fu_4793_p2                  |     -    |      0|  62|  24|          19|          19|
    |sumA_s_fu_6587_p2                |     -    |      0|  62|  24|          19|          19|
    |sumB_0_1_fu_5223_p2              |     -    |      0|  62|  24|           1|          19|
    |sumB_0_2_fu_5493_p2              |     -    |      0|  62|  24|           1|          19|
    |sumB_116_1_fu_6112_p2            |     -    |      0|  62|  24|           1|          19|
    |sumB_116_2_fu_6402_p2            |     -    |      0|  62|  24|           1|          19|
    |sumB_1_0_1_fu_5233_p2            |     -    |      0|  62|  24|          19|          19|
    |sumB_1_0_2_fu_5503_p2            |     -    |      0|  62|  24|          19|          19|
    |sumB_1_1_1_fu_6122_p2            |     -    |      0|  62|  24|          19|          19|
    |sumB_1_1_2_fu_6412_p2            |     -    |      0|  62|  24|          19|          19|
    |sumB_1_1_fu_5823_p2              |     -    |      0|  62|  24|          19|          19|
    |sumB_1_2_1_fu_7143_p2            |     -    |      0|  62|  24|          19|          19|
    |sumB_1_2_2_fu_7434_p2            |     -    |      0|  62|  24|          19|          19|
    |sumB_1_2_fu_6840_p2              |     -    |      0|  62|  24|          19|          19|
    |sumB_1_3_1_fu_8146_p2            |     -    |      0|  62|  24|          19|          19|
    |sumB_1_3_2_fu_8279_p2            |     -    |      0|  62|  24|          19|          19|
    |sumB_1_3_fu_7851_p2              |     -    |      0|  62|  24|          19|          19|
    |sumB_1_fu_4934_p2                |     -    |      0|  62|  24|          19|          19|
    |sumB_220_1_fu_7133_p2            |     -    |      0|  62|  24|           1|          19|
    |sumB_220_2_fu_7424_p2            |     -    |      0|  62|  24|           1|          19|
    |sumB_3_1_fu_8136_p2              |     -    |      0|  62|  24|           1|          19|
    |sumB_3_2_fu_8269_p2              |     -    |      0|  62|  24|           1|          19|
    |sumB_3_fu_7841_p2                |     -    |      0|  62|  24|           1|          19|
    |sumB_4_fu_6830_p2                |     -    |      0|  62|  24|           1|          19|
    |sumB_fu_4924_p2                  |     -    |      0|  62|  24|           1|          19|
    |sumB_s_fu_5813_p2                |     -    |      0|  62|  24|           1|          19|
    |tmp_12_fu_6378_p2                |     -    |      0|  38|  16|          11|          11|
    |tmp_19_fu_4548_p2                |     -    |      0|   0|  11|          11|          11|
    |tmp_1_fu_3614_p2                 |     -    |      0|   0|  11|          16|          16|
    |tmp_20_fu_4627_p2                |     -    |      0|  38|  16|          11|          11|
    |tmp_21_0_1_fu_4737_p2            |     -    |      0|   0|  11|          11|          11|
    |tmp_21_0_2_fu_5034_p2            |     -    |      0|   0|  11|          11|          11|
    |tmp_21_1_1_fu_5584_p2            |     -    |      0|   0|  11|          11|          11|
    |tmp_21_1_2_fu_5923_p2            |     -    |      0|   0|  11|          11|          11|
    |tmp_21_1_fu_5314_p2              |     -    |      0|   0|  11|          11|          11|
    |tmp_21_2_1_fu_6493_p2            |     -    |      0|   0|  11|          11|          11|
    |tmp_21_2_2_fu_6940_p2            |     -    |      0|   0|  11|          11|          11|
    |tmp_21_2_fu_6191_p2              |     -    |      0|   0|  11|          11|          11|
    |tmp_21_3_1_fu_7515_p2            |     -    |      0|   0|  11|          11|          11|
    |tmp_21_3_2_fu_7951_p2            |     -    |      0|   0|  11|          11|          11|
    |tmp_21_3_fu_7212_p2              |     -    |      0|   0|  11|          11|          11|
    |tmp_23_0_1_fu_4857_p2            |     -    |      0|  38|  16|          11|          11|
    |tmp_23_0_2_fu_5144_p2            |     -    |      0|  35|  15|          10|          10|
    |tmp_23_1_1_fu_5742_p2            |     -    |      0|  38|  16|          11|          11|
    |tmp_23_1_2_fu_6033_p2            |     -    |      0|  35|  15|          10|          10|
    |tmp_23_1_fu_5426_p2              |     -    |      0|  38|  16|          11|          11|
    |tmp_23_2_1_fu_6651_p2            |     -    |      0|  38|  16|          11|          11|
    |tmp_23_2_2_fu_7054_p2            |     -    |      0|  35|  15|          10|          10|
    |tmp_23_2_fu_6303_p2              |     -    |      0|  38|  16|          11|          11|
    |tmp_23_3_1_fu_7673_p2            |     -    |      0|  38|  16|          11|          11|
    |tmp_23_3_2_fu_8065_p2            |     -    |      0|  35|  15|          10|          10|
    |tmp_23_3_fu_7324_p2              |     -    |      0|  38|  16|          11|          11|
    |tmp_4_fu_3609_p2                 |     -    |      0|  53|  21|          16|          16|
    |tmp_5_fu_3666_p2                 |     -    |      0|  38|  16|          11|          11|
    |tmp_8_1_fu_7409_p2               |     -    |      0|  38|  16|          11|          11|
    |tmp_8_2_fu_8248_p2               |     -    |      0|  38|  16|          11|          11|
    |tmp_8_3_fu_8458_p2               |     -    |      0|  38|  16|          11|          11|
    |sel_tmp10_fu_5380_p2             |    and   |      0|   0|   2|           1|           1|
    |sel_tmp14_fu_5696_p2             |    and   |      0|   0|   2|           1|           1|
    |sel_tmp18_fu_5987_p2             |    and   |      0|   0|   2|           1|           1|
    |sel_tmp22_fu_6257_p2             |    and   |      0|   0|   2|           1|           1|
    |sel_tmp26_fu_6605_p2             |    and   |      0|   0|   2|           1|           1|
    |sel_tmp2_fu_4811_p2              |    and   |      0|   0|   2|           1|           1|
    |sel_tmp30_fu_7008_p2             |    and   |      0|   0|   2|           1|           1|
    |sel_tmp34_fu_7278_p2             |    and   |      0|   0|   2|           1|           1|
    |sel_tmp38_fu_7627_p2             |    and   |      0|   0|   2|           1|           1|
    |sel_tmp42_fu_8019_p2             |    and   |      0|   0|   2|           1|           1|
    |sel_tmp46_fu_8213_p2             |    and   |      0|   0|   2|           1|           1|
    |sel_tmp5_fu_5098_p2              |    and   |      0|   0|   2|           1|           1|
    |tmp_112_fu_8404_p2               |    and   |      0|   0|   2|           1|           1|
    |tmp_116_fu_8410_p2               |    and   |      0|   0|   2|           1|           1|
    |tmp_140_fu_8541_p2               |    and   |      0|   0|   2|           1|           1|
    |tmp_142_fu_8547_p2               |    and   |      0|   0|   2|           1|           1|
    |tmp_18_fu_4504_p2                |    and   |      0|   0|   2|           1|           1|
    |tmp_50_fu_6786_p2                |    and   |      0|   0|   2|           1|           1|
    |tmp_55_fu_6792_p2                |    and   |      0|   0|   2|           1|           1|
    |tmp_82_fu_7808_p2                |    and   |      0|   0|   2|           1|           1|
    |tmp_86_fu_7814_p2                |    and   |      0|   0|   2|           1|           1|
    |exitcond1_fu_4424_p2             |   icmp   |      0|   0|   4|           8|           7|
    |exitcond3_fu_3630_p2             |   icmp   |      0|   0|   2|           5|           5|
    |exitcond4_fu_3555_p2             |   icmp   |      0|   0|   2|           5|           5|
    |grp_fu_2944_p2                   |   icmp   |      0|   0|   2|           5|           1|
    |grp_fu_2950_p2                   |   icmp   |      0|   0|   2|           5|           1|
    |grp_fu_2982_p2                   |   icmp   |      0|   0|   2|           5|           1|
    |grp_fu_2988_p2                   |   icmp   |      0|   0|   2|           5|           1|
    |grp_fu_3485_p2                   |   icmp   |      0|   0|   2|           5|           1|
    |grp_fu_3491_p2                   |   icmp   |      0|   0|   2|           5|           1|
    |notlhs1_fu_4486_p2               |   icmp   |      0|   0|   4|           8|           2|
    |notlhs2_fu_6768_p2               |   icmp   |      0|   0|   4|           8|           2|
    |notlhs3_fu_7772_p2               |   icmp   |      0|   0|   4|           8|           2|
    |notlhs4_fu_7790_p2               |   icmp   |      0|   0|   4|           8|           2|
    |notlhs5_fu_8368_p2               |   icmp   |      0|   0|   4|           8|           2|
    |notlhs6_fu_8386_p2               |   icmp   |      0|   0|   4|           8|           2|
    |notlhs7_fu_8505_p2               |   icmp   |      0|   0|   4|           8|           2|
    |notlhs8_fu_8523_p2               |   icmp   |      0|   0|   4|           8|           2|
    |notlhs_fu_6750_p2                |   icmp   |      0|   0|   4|           8|           2|
    |notrhs1_fu_4492_p2               |   icmp   |      0|   0|  13|          23|           1|
    |notrhs2_fu_6774_p2               |   icmp   |      0|   0|  13|          23|           1|
    |notrhs3_fu_7778_p2               |   icmp   |      0|   0|  13|          23|           1|
    |notrhs4_fu_7796_p2               |   icmp   |      0|   0|  13|          23|           1|
    |notrhs5_fu_8374_p2               |   icmp   |      0|   0|  13|          23|           1|
    |notrhs6_fu_8392_p2               |   icmp   |      0|   0|  13|          23|           1|
    |notrhs7_fu_8511_p2               |   icmp   |      0|   0|  13|          23|           1|
    |notrhs8_fu_8529_p2               |   icmp   |      0|   0|  13|          23|           1|
    |notrhs_fu_6756_p2                |   icmp   |      0|   0|  13|          23|           1|
    |newIndex3_fu_3737_p2             |    or    |      0|   0|   9|           9|           1|
    |nodeIdx_1_1_fu_8226_p2           |    or    |      0|   0|   8|           8|           2|
    |nodeIdx_1_2_fu_8436_p2           |    or    |      0|   0|   8|           8|           2|
    |nodeIdx_1_s_fu_7387_p2           |    or    |      0|   0|   8|           8|           1|
    |tmp_109_fu_8380_p2               |    or    |      0|   0|   2|           1|           1|
    |tmp_110_fu_8398_p2               |    or    |      0|   0|   2|           1|           1|
    |tmp_138_fu_8517_p2               |    or    |      0|   0|   2|           1|           1|
    |tmp_139_fu_8535_p2               |    or    |      0|   0|   2|           1|           1|
    |tmp_16_fu_4498_p2                |    or    |      0|   0|   2|           1|           1|
    |tmp_48_fu_6762_p2                |    or    |      0|   0|   2|           1|           1|
    |tmp_49_fu_6780_p2                |    or    |      0|   0|   2|           1|           1|
    |tmp_6_fu_3689_p2                 |    or    |      0|   0|  11|          11|           1|
    |tmp_79_fu_7784_p2                |    or    |      0|   0|   2|           1|           1|
    |tmp_80_fu_7802_p2                |    or    |      0|   0|   2|           1|           1|
    |tmp_93_fu_6809_p2                |    or    |      0|   0|   2|           2|           2|
    |tmp_9_2_fu_8420_p2               |    or    |      0|   0|  32|          32|           1|
    |lValue_1_1_v_cast_ca_fu_7820_p3  |  select  |      0|   0|   2|           1|           1|
    |lValue_1_2_fu_8428_p3            |  select  |      0|   0|  32|           1|          32|
    |lValue_1_3_v_cast_ca_fu_8553_p3  |  select  |      0|   0|   2|           1|           1|
    |lValue_1_v_cast_fu_6798_p3       |  select  |      0|   0|   3|           1|           1|
    |sel_tmp11_fu_5516_p3             |  select  |      0|   0|  19|           1|          19|
    |sel_tmp12_fu_5684_p3             |  select  |      0|   0|  19|           1|          19|
    |sel_tmp15_fu_5839_p3             |  select  |      0|   0|  19|           1|          19|
    |sel_tmp16_fu_5975_p3             |  select  |      0|   0|  19|           1|          19|
    |sel_tmp19_fu_6135_p3             |  select  |      0|   0|  19|           1|          19|
    |sel_tmp20_fu_6245_p3             |  select  |      0|   0|  19|           1|          19|
    |sel_tmp23_fu_6425_p3             |  select  |      0|   0|  19|           1|          19|
    |sel_tmp24_fu_6593_p3             |  select  |      0|   0|  19|           1|          19|
    |sel_tmp27_fu_6856_p3             |  select  |      0|   0|  19|           1|          19|
    |sel_tmp28_fu_6996_p3             |  select  |      0|   0|  19|           1|          19|
    |sel_tmp31_fu_7156_p3             |  select  |      0|   0|  19|           1|          19|
    |sel_tmp32_fu_7266_p3             |  select  |      0|   0|  19|           1|          19|
    |sel_tmp35_fu_7447_p3             |  select  |      0|   0|  19|           1|          19|
    |sel_tmp36_fu_7615_p3             |  select  |      0|   0|  19|           1|          19|
    |sel_tmp39_fu_7867_p3             |  select  |      0|   0|  19|           1|          19|
    |sel_tmp40_fu_8007_p3             |  select  |      0|   0|  19|           1|          19|
    |sel_tmp43_fu_8159_p3             |  select  |      0|   0|  19|           1|          19|
    |sel_tmp44_fu_8201_p3             |  select  |      0|   0|  19|           1|          19|
    |sel_tmp47_fu_8292_p3             |  select  |      0|   0|  19|           1|          19|
    |sel_tmp4_fu_4950_p3              |  select  |      0|   0|  19|           1|          19|
    |sel_tmp6_fu_5246_p3              |  select  |      0|   0|  19|           1|          19|
    |sel_tmp7_fu_5368_p3              |  select  |      0|   0|  19|           1|          19|
    |sel_tmp9_fu_5086_p3              |  select  |      0|   0|  19|           1|          19|
    |sel_tmp_fu_4799_p3               |  select  |      0|   0|  19|           1|          19|
    |sumA_2_0_1_fu_5103_p3            |  select  |      0|   0|  19|           1|          19|
    |sumA_2_0_2_fu_5385_p3            |  select  |      0|   0|  19|           1|          19|
    |sumA_2_1_1_fu_5992_p3            |  select  |      0|   0|  19|           1|          19|
    |sumA_2_1_2_fu_6262_p3            |  select  |      0|   0|  19|           1|          19|
    |sumA_2_1_fu_5701_p3              |  select  |      0|   0|  19|           1|          19|
    |sumA_2_2_1_fu_7013_p3            |  select  |      0|   0|  19|           1|          19|
    |sumA_2_2_2_fu_7283_p3            |  select  |      0|   0|  19|           1|          19|
    |sumA_2_2_fu_6610_p3              |  select  |      0|   0|  19|           1|          19|
    |sumA_2_3_1_fu_8024_p3            |  select  |      0|   0|  19|           1|          19|
    |sumA_2_3_2_fu_8218_p3            |  select  |      0|   0|  19|           1|          19|
    |sumA_2_3_fu_7632_p3              |  select  |      0|   0|  19|           1|          19|
    |sumA_2_fu_4816_p3                |  select  |      0|   0|  19|           1|          19|
    |sumB2_0_1_fu_5239_p3             |  select  |      0|   0|  19|           1|           1|
    |sumB2_0_2_fu_5509_p3             |  select  |      0|   0|  19|           1|           1|
    |sumB2_1_1_fu_6128_p3             |  select  |      0|   0|  19|           1|           1|
    |sumB2_1_2_fu_6418_p3             |  select  |      0|   0|  19|           1|           1|
    |sumB2_1_fu_5829_p3               |  select  |      0|   0|  19|           1|           1|
    |sumB2_2_1_fu_7149_p3             |  select  |      0|   0|  19|           1|           1|
    |sumB2_2_2_fu_7440_p3             |  select  |      0|   0|  19|           1|           1|
    |sumB2_2_fu_6846_p3               |  select  |      0|   0|  19|           1|           1|
    |sumB2_3_1_fu_8152_p3             |  select  |      0|   0|  19|           1|           1|
    |sumB2_3_2_fu_8285_p3             |  select  |      0|   0|  19|           1|           1|
    |sumB2_3_fu_7857_p3               |  select  |      0|   0|  19|           1|           1|
    |sumB2_fu_4940_p3                 |  select  |      0|   0|  19|           1|           1|
    |sumB_2_0_1_fu_5253_p3            |  select  |      0|   0|  19|           1|           1|
    |sumB_2_0_2_fu_5523_p3            |  select  |      0|   0|  19|           1|           1|
    |sumB_2_1_1_fu_6142_p3            |  select  |      0|   0|  19|           1|           1|
    |sumB_2_1_2_fu_6432_p3            |  select  |      0|   0|  19|           1|           1|
    |sumB_2_1_fu_5846_p3              |  select  |      0|   0|  19|           1|           1|
    |sumB_2_2_1_fu_7163_p3            |  select  |      0|   0|  19|           1|           1|
    |sumB_2_2_2_fu_7454_p3            |  select  |      0|   0|  19|           1|           1|
    |sumB_2_2_fu_6863_p3              |  select  |      0|   0|  19|           1|           1|
    |sumB_2_3_1_fu_8166_p3            |  select  |      0|   0|  19|           1|           1|
    |sumB_2_3_2_fu_8299_p3            |  select  |      0|   0|  19|           1|           1|
    |sumB_2_3_fu_7874_p3              |  select  |      0|   0|  19|           1|           1|
    |sumB_2_fu_4957_p3                |  select  |      0|   0|  19|           1|           1|
    |tmp_31_fu_5066_p3                |  select  |      0|   0|  20|           1|          20|
    |tmp_35_1_fu_5955_p3              |  select  |      0|   0|  20|           1|          20|
    |tmp_35_2_fu_6976_p3              |  select  |      0|   0|  20|           1|          20|
    |tmp_35_3_fu_7987_p3              |  select  |      0|   0|  20|           1|          20|
    |not_s_fu_4510_p2                 |    xor   |      0|   0|   2|           1|           2|
    |sel_tmp13_fu_5691_p2             |    xor   |      0|   0|   2|           1|           2|
    |sel_tmp17_fu_5982_p2             |    xor   |      0|   0|   2|           1|           2|
    |sel_tmp1_fu_4806_p2              |    xor   |      0|   0|   2|           1|           2|
    |sel_tmp21_fu_6252_p2             |    xor   |      0|   0|   2|           1|           2|
    |sel_tmp25_fu_6600_p2             |    xor   |      0|   0|   2|           1|           2|
    |sel_tmp29_fu_7003_p2             |    xor   |      0|   0|   2|           1|           2|
    |sel_tmp33_fu_7273_p2             |    xor   |      0|   0|   2|           1|           2|
    |sel_tmp37_fu_7622_p2             |    xor   |      0|   0|   2|           1|           2|
    |sel_tmp3_fu_5093_p2              |    xor   |      0|   0|   2|           1|           2|
    |sel_tmp41_fu_8014_p2             |    xor   |      0|   0|   2|           1|           2|
    |sel_tmp45_fu_8208_p2             |    xor   |      0|   0|   2|           1|           2|
    |sel_tmp8_fu_5375_p2              |    xor   |      0|   0|   2|           1|           2|
    +---------------------------------+----------+-------+----+----+------------+------------+
    |Total                            |          |      0|7037|4987|        2749|        3254|
    +---------------------------------+----------+-------+----+----+------------+------------+

    * Multiplexer: 
    +---------------------------------+-----+-----------+-----+-----------+
    |               Name              | LUT | Input Size| Bits| Total Bits|
    +---------------------------------+-----+-----------+-----+-----------+
    |ap_NS_fsm                        |  245|         57|    1|         57|
    |colBuffer_address0               |   21|          4|    5|         20|
    |grp_fu_2883_p0                   |   15|          3|   32|         96|
    |grp_fu_2888_p0                   |   27|          5|   32|        160|
    |grp_fu_2891_p0                   |   15|          3|   32|         96|
    |grp_fu_2891_p1                   |   21|          4|   32|        128|
    |grp_fu_2897_p1                   |   15|          3|   18|         54|
    |grp_fu_2903_p1                   |   15|          3|   18|         54|
    |grp_fu_2909_p1                   |   15|          3|   18|         54|
    |grp_fu_2915_p1                   |   15|          3|   18|         54|
    |grp_fu_2921_p1                   |   15|          3|   18|         54|
    |grp_fu_2927_p1                   |   15|          3|   18|         54|
    |grp_fu_2933_p1                   |   15|          3|   18|         54|
    |grp_fu_2956_p5                   |   15|          3|    2|          6|
    |grp_fu_2994_p5                   |   15|          3|    2|          6|
    |grp_fu_3007_p5                   |   15|          3|    2|          6|
    |grp_fu_3020_p5                   |   15|          3|    2|          6|
    |grp_fu_3033_p5                   |   15|          3|    2|          6|
    |grp_fu_3046_p5                   |   15|          3|    2|          6|
    |grp_fu_3059_p5                   |   15|          3|    2|          6|
    |grp_fu_3072_p5                   |   15|          3|    2|          6|
    |grp_fu_3085_p5                   |   15|          3|    2|          6|
    |grp_fu_3124_p5                   |   15|          3|    2|          6|
    |grp_fu_3137_p5                   |   15|          3|    2|          6|
    |grp_fu_3150_p5                   |   15|          3|    2|          6|
    |grp_fu_3163_p5                   |   15|          3|    2|          6|
    |grp_fu_3202_p5                   |   15|          3|    2|          6|
    |grp_fu_3215_p5                   |   15|          3|    2|          6|
    |grp_fu_3228_p5                   |   15|          3|    2|          6|
    |grp_fu_3241_p5                   |   15|          3|    2|          6|
    |ii_0_address0                    |  145|         31|    8|        248|
    |ii_0_address1                    |  145|         31|    8|        248|
    |ii_0_d0                          |   15|          3|   18|         54|
    |ii_0_d1                          |   15|          3|   18|         54|
    |ii_1_address0                    |  145|         31|    8|        248|
    |ii_1_address1                    |  145|         31|    8|        248|
    |ii_1_d0                          |   15|          3|   18|         54|
    |ii_1_d1                          |   15|          3|   18|         54|
    |ii_2_address0                    |  145|         31|    8|        248|
    |ii_2_address1                    |  145|         31|    8|        248|
    |ii_2_d0                          |   15|          3|   18|         54|
    |ii_2_d1                          |   15|          3|   18|         54|
    |ii_3_address0                    |  145|         31|    8|        248|
    |ii_3_address1                    |  145|         31|    8|        248|
    |ii_3_d0                          |   15|          3|   18|         54|
    |ii_3_d1                          |   15|          3|   18|         54|
    |indvars_iv1_reg_2812             |    9|          2|    8|         16|
    |indvars_iv4_reg_2823             |    9|          2|    8|         16|
    |indvars_iv7_reg_2835             |    9|          2|    8|         16|
    |indvars_iv_reg_2847              |    9|          2|    8|         16|
    |lineBuffer_address0              |   33|          6|   14|         84|
    |lineBuffer_d0                    |   15|          3|   16|         48|
    |nodeIdx_reg_2859                 |    9|          2|    8|         16|
    |row_1_reg_2801                   |    9|          2|    5|         10|
    |row_reg_2790                     |    9|          2|    5|         10|
    |stage24Nodes_address0            |   44|          9|   10|         90|
    |stage24RectsExtend_0_1_address0  |   27|          5|    8|         40|
    |stage24RectsExtend_0_2_address0  |   27|          5|    8|         40|
    |stage24RectsExtend_0_3_address0  |   27|          5|    8|         40|
    |stage24RectsExtend_0_4_address0  |   27|          5|    8|         40|
    |stage24RectsExtend_0_address0    |   27|          5|    8|         40|
    |stage24RectsExtend_1_1_address0  |   27|          5|    8|         40|
    |stage24RectsExtend_1_2_address0  |   27|          5|    8|         40|
    |stage24RectsExtend_1_3_address0  |   27|          5|    8|         40|
    |stage24RectsExtend_1_4_address0  |   27|          5|    8|         40|
    |stage24RectsExtend_1_address0    |   27|          5|    8|         40|
    |stage24RectsExtend_2_1_address0  |   27|          5|    8|         40|
    |stage24RectsExtend_2_2_address0  |   27|          5|    8|         40|
    |stage24RectsExtend_2_3_address0  |   27|          5|    8|         40|
    |stage24RectsExtend_2_4_address0  |   27|          5|    8|         40|
    |stage24RectsExtend_2_address0    |   27|          5|    8|         40|
    |stageTmp_reg_2871                |    9|          2|   32|         64|
    +---------------------------------+-----+-----------+-----+-----------+
    |Total                            | 2553|        529|  744|       4439|
    +---------------------------------+-----+-----------+-----+-----------+

    * Register: 
    +-----------------------------------+----+----+-----+-----------+
    |                Name               | FF | LUT| Bits| Const Bits|
    +-----------------------------------+----+----+-----+-----------+
    |ap_CS_fsm                          |  56|   0|   56|          0|
    |arrayNo10_reg_10964                |   2|   0|    2|          0|
    |arrayNo11_reg_10879                |   2|   0|    2|          0|
    |arrayNo1_reg_9164                  |   2|   0|    2|          0|
    |arrayNo2_reg_9860                  |   2|   0|    2|          0|
    |arrayNo3_reg_9780                  |   2|   0|    2|          0|
    |arrayNo4_reg_10243                 |   2|   0|    2|          0|
    |arrayNo5_reg_10412                 |   2|   0|    2|          0|
    |arrayNo6_reg_9318                  |   2|   0|    2|          0|
    |arrayNo7_reg_9492                  |   2|   0|    2|          0|
    |arrayNo8_reg_10327                 |   2|   0|    2|          0|
    |arrayNo9_reg_10795                 |   2|   0|    2|          0|
    |arrayNo_reg_9696                   |   2|   0|    2|          0|
    |colBuffer_load_reg_8876            |  16|   0|   16|          0|
    |coordUpL_0_1_reg_9214              |  11|   0|   11|          0|
    |coordUpL_0_2_reg_9363              |  11|   0|   11|          0|
    |coordUpL_1_1_reg_9746              |  11|   0|   11|          0|
    |coordUpL_1_2_reg_9905              |  11|   0|   11|          0|
    |coordUpL_1_reg_9542                |  11|   0|   11|          0|
    |coordUpL_2_1_reg_10293             |  11|   0|   11|          0|
    |coordUpL_2_2_reg_10457             |  11|   0|   11|          0|
    |coordUpL_2_reg_10074               |  11|   0|   11|          0|
    |coordUpL_3_1_reg_10845             |  11|   0|   11|          0|
    |coordUpL_3_2_reg_11009             |  11|   0|   11|          0|
    |coordUpL_3_reg_10631               |  11|   0|   11|          0|
    |coordUpL_reg_9024                  |  11|   0|   11|          0|
    |ii_0_addr_reg_8753                 |   7|   0|    8|          1|
    |ii_0_load_reg_8824                 |  18|   0|   18|          0|
    |ii_1_addr_1_reg_8804               |   7|   0|    8|          1|
    |ii_1_addr_reg_8778                 |   7|   0|    8|          1|
    |ii_3_addr_1_reg_8814               |   7|   0|    8|          1|
    |ii_3_addr_reg_8788                 |   7|   0|    8|          1|
    |indvars_iv1_reg_2812               |   8|   0|    8|          0|
    |indvars_iv4_reg_2823               |   8|   0|    8|          0|
    |indvars_iv7_reg_2835               |   8|   0|    8|          0|
    |indvars_iv_next2_reg_9004          |   8|   0|    8|          0|
    |indvars_iv_next5_reg_9009          |   8|   0|    8|          0|
    |indvars_iv_next8_reg_9014          |   8|   0|    8|          0|
    |indvars_iv_next_reg_9019           |   8|   0|    8|          0|
    |indvars_iv_reg_2847                |   8|   0|    8|          0|
    |lValue_1_1_reg_10944               |  11|   0|   11|          0|
    |lValue_1_3_reg_11203               |  11|   0|   11|          0|
    |lValue_1_reg_10392                 |  11|   0|   11|          0|
    |lineBuffer_addr_1_reg_8671         |  14|   0|   14|          0|
    |lineBuffer_addr_2_reg_8687         |  14|   0|   14|          0|
    |lineBuffer_load_reg_8676           |  16|   0|   16|          0|
    |mt1_reg_9308                       |  20|   0|   20|          0|
    |mt2_reg_9850                       |  20|   0|   20|          0|
    |mt3_reg_10402                      |  20|   0|   20|          0|
    |mt_reg_10954                       |  20|   0|   20|          0|
    |newIndex37_cast_reg_8964           |   8|   0|   32|         24|
    |newIndex39_reg_9104                |   9|   0|    9|          0|
    |newIndex3_cast_reg_8798            |   8|   0|   32|         24|
    |newIndex40_reg_9054                |   9|   0|    9|          0|
    |newIndex43_reg_9303                |   9|   0|    9|          0|
    |newIndex44_reg_9238                |   9|   0|    9|          0|
    |newIndex47_reg_9442                |   9|   0|    9|          0|
    |newIndex48_reg_9382                |   9|   0|    9|          0|
    |newIndex51_reg_9626                |   9|   0|    9|          0|
    |newIndex52_reg_9566                |   9|   0|    9|          0|
    |newIndex55_cast_reg_9447           |   8|   0|   32|         24|
    |newIndex55_reg_9840                |   9|   0|    9|          0|
    |newIndex56_reg_9770                |   9|   0|    9|          0|
    |newIndex59_reg_9984                |   9|   0|    9|          0|
    |newIndex60_reg_9924                |   9|   0|    9|          0|
    |newIndex63_reg_10158               |   9|   0|    9|          0|
    |newIndex64_reg_10098               |   9|   0|    9|          0|
    |newIndex67_reg_10387               |   9|   0|    9|          0|
    |newIndex68_reg_10317               |   9|   0|    9|          0|
    |newIndex71_reg_10541               |   9|   0|    9|          0|
    |newIndex72_reg_10476               |   9|   0|    9|          0|
    |newIndex74_cast_reg_9989           |   8|   0|   32|         24|
    |newIndex75_reg_10715               |   9|   0|    9|          0|
    |newIndex76_reg_10655               |   9|   0|    9|          0|
    |newIndex79_reg_10939               |   9|   0|    9|          0|
    |newIndex80_reg_10869               |   9|   0|    9|          0|
    |newIndex83_reg_11093               |   9|   0|    9|          0|
    |newIndex84_reg_11028               |   9|   0|    9|          0|
    |newIndex93_cast_reg_10546          |   8|   0|   32|         24|
    |newIndex_cast_reg_8748             |   8|   0|   32|         24|
    |nodeIdx_1_3_reg_8999               |   8|   0|    8|          0|
    |nodeIdx_cast_reg_8956              |   8|   0|   11|          3|
    |nodeIdx_reg_2859                   |   8|   0|    8|          0|
    |reg_3280                           |  18|   0|   18|          0|
    |reg_3285                           |  18|   0|   18|          0|
    |reg_3290                           |  18|   0|   18|          0|
    |reg_3295                           |  18|   0|   18|          0|
    |reg_3300                           |  18|   0|   18|          0|
    |reg_3305                           |  18|   0|   18|          0|
    |reg_3310                           |  18|   0|   18|          0|
    |reg_3315                           |  18|   0|   18|          0|
    |reg_3320                           |   5|   0|    5|          0|
    |reg_3324                           |   5|   0|    5|          0|
    |reg_3328                           |  18|   0|   18|          0|
    |reg_3332                           |  18|   0|   18|          0|
    |reg_3336                           |   5|   0|    5|          0|
    |reg_3340                           |   5|   0|    5|          0|
    |reg_3344                           |   2|   0|    2|          0|
    |reg_3348                           |   5|   0|    5|          0|
    |reg_3352                           |   5|   0|    5|          0|
    |reg_3356                           |   4|   0|    4|          0|
    |reg_3360                           |   4|   0|    4|          0|
    |reg_3364                           |   2|   0|    2|          0|
    |reg_3368                           |  18|   0|   18|          0|
    |reg_3372                           |  18|   0|   18|          0|
    |reg_3376                           |  18|   0|   18|          0|
    |reg_3380                           |  18|   0|   18|          0|
    |reg_3384                           |  18|   0|   18|          0|
    |reg_3388                           |  18|   0|   18|          0|
    |reg_3392                           |   2|   0|    2|          0|
    |reg_3396                           |   2|   0|    2|          0|
    |reg_3400                           |  18|   0|   18|          0|
    |reg_3404                           |  18|   0|   18|          0|
    |reg_3408                           |  18|   0|   18|          0|
    |reg_3412                           |  18|   0|   18|          0|
    |reg_3416                           |  18|   0|   18|          0|
    |reg_3420                           |  18|   0|   18|          0|
    |reg_3424                           |  32|   0|   32|          0|
    |reg_3430                           |  32|   0|   32|          0|
    |reg_3435                           |  18|   0|   18|          0|
    |reg_3439                           |  18|   0|   18|          0|
    |reg_3443                           |  18|   0|   18|          0|
    |reg_3447                           |  18|   0|   18|          0|
    |reg_3451                           |  18|   0|   18|          0|
    |reg_3455                           |  18|   0|   18|          0|
    |reg_3459                           |  32|   0|   32|          0|
    |reg_3464                           |  18|   0|   18|          0|
    |reg_3468                           |  18|   0|   18|          0|
    |reg_3472                           |  32|   0|   32|          0|
    |reg_3477                           |  18|   0|   18|          0|
    |reg_3481                           |  18|   0|   18|          0|
    |row_1_reg_2801                     |   5|   0|    5|          0|
    |row_2_reg_8723                     |   5|   0|    5|          0|
    |row_cast_reg_8682                  |   5|   0|   32|         27|
    |row_reg_2790                       |   5|   0|    5|          0|
    |sel_tmp10_reg_9571                 |   1|   0|    1|          0|
    |sel_tmp14_reg_9790                 |   1|   0|    1|          0|
    |sel_tmp18_reg_9934                 |   1|   0|    1|          0|
    |sel_tmp22_reg_10103                |   1|   0|    1|          0|
    |sel_tmp26_reg_10337                |   1|   0|    1|          0|
    |sel_tmp2_reg_9253                  |   1|   0|    1|          0|
    |sel_tmp30_reg_10491                |   1|   0|    1|          0|
    |sel_tmp34_reg_10660                |   1|   0|    1|          0|
    |sel_tmp38_reg_10889                |   1|   0|    1|          0|
    |sel_tmp42_reg_11043                |   1|   0|    1|          0|
    |sel_tmp46_reg_11143                |   1|   0|    1|          0|
    |sel_tmp5_reg_9392                  |   1|   0|    1|          0|
    |stage24RectsExtend_0_19_reg_9686   |   1|   0|    1|          0|
    |stage24RectsExtend_0_29_reg_10233  |   1|   0|    1|          0|
    |stage24RectsExtend_0_39_reg_10785  |   1|   0|    1|          0|
    |stage24RectsExtend_0_9_reg_9159    |   1|   0|    1|          0|
    |stageTmp_reg_2871                  |  32|   0|   32|          0|
    |sumA_2_0_1_reg_9397                |  19|   0|   19|          0|
    |sumA_2_0_2_reg_9576                |  19|   0|   19|          0|
    |sumA_2_1_1_reg_9939                |  19|   0|   19|          0|
    |sumA_2_1_2_reg_10108               |  19|   0|   19|          0|
    |sumA_2_1_reg_9795                  |  19|   0|   19|          0|
    |sumA_2_2_1_reg_10496               |  19|   0|   19|          0|
    |sumA_2_2_2_reg_10665               |  19|   0|   19|          0|
    |sumA_2_2_reg_10342                 |  19|   0|   19|          0|
    |sumA_2_3_1_reg_11048               |  19|   0|   19|          0|
    |sumA_2_3_2_reg_11148               |  19|   0|   19|          0|
    |sumA_2_3_reg_10894                 |  19|   0|   19|          0|
    |sumA_2_reg_9258                    |  19|   0|   19|          0|
    |sumB_2_0_1_reg_9482                |  19|   0|   19|          0|
    |sumB_2_0_2_reg_9681                |  19|   0|   19|          0|
    |sumB_2_1_1_reg_10024               |  19|   0|   19|          0|
    |sumB_2_1_2_reg_10228               |  19|   0|   19|          0|
    |sumB_2_2_1_reg_10581               |  19|   0|   19|          0|
    |sumB_2_2_2_reg_10780               |  19|   0|   19|          0|
    |sumB_2_3_1_reg_11098               |  19|   0|   19|          0|
    |sumB_2_3_2_reg_11168               |  19|   0|   19|          0|
    |sum_1_0_2_reg_9785                 |  23|   0|   23|          0|
    |sum_1_1_2_reg_10332                |  23|   0|   23|          0|
    |sum_1_2_2_reg_10884                |  23|   0|   23|          0|
    |sum_1_3_2_reg_11173                |  23|   0|   23|          0|
    |tmp_104_reg_9537                   |   2|   0|    2|          0|
    |tmp_106_reg_9548                   |   2|   0|    2|          0|
    |tmp_108_reg_9741                   |   2|   0|    2|          0|
    |tmp_111_reg_10790                  |   2|   0|    2|          0|
    |tmp_113_reg_9752                   |   2|   0|    2|          0|
    |tmp_116_reg_11178                  |   1|   0|    1|          0|
    |tmp_117_reg_10959                  |   2|   0|    2|          0|
    |tmp_128_reg_10874                  |   2|   0|    2|          0|
    |tmp_12_reg_10213                   |  11|   0|   11|          0|
    |tmp_135_reg_10069                  |   2|   0|    2|          0|
    |tmp_137_reg_10080                  |   2|   0|    2|          0|
    |tmp_143_reg_10288                  |   2|   0|    2|          0|
    |tmp_144_reg_10299                  |   2|   0|    2|          0|
    |tmp_149_reg_10626                  |   2|   0|    2|          0|
    |tmp_14_reg_9030                    |   2|   0|    2|          0|
    |tmp_150_reg_10637                  |   2|   0|    2|          0|
    |tmp_151_reg_10840                  |   2|   0|    2|          0|
    |tmp_152_reg_10851                  |   2|   0|    2|          0|
    |tmp_15_10_reg_8896                 |  18|   0|   18|          0|
    |tmp_15_11_reg_8901                 |  18|   0|   18|          0|
    |tmp_15_12_reg_8906                 |  18|   0|   18|          0|
    |tmp_15_13_reg_8911                 |  18|   0|   18|          0|
    |tmp_15_8_reg_8881                  |  18|   0|   18|          0|
    |tmp_15_9_reg_8886                  |  18|   0|   18|          0|
    |tmp_15_s_reg_8891                  |  18|   0|   18|          0|
    |tmp_21_reg_9041                    |   1|   0|    1|          0|
    |tmp_22_reg_9048                    |   1|   0|    1|          0|
    |tmp_24_0_1_reg_9225                |   1|   0|    1|          0|
    |tmp_24_0_2_reg_9369                |   1|   0|    1|          0|
    |tmp_24_1_1_reg_9757                |   1|   0|    1|          0|
    |tmp_24_1_2_reg_9911                |   1|   0|    1|          0|
    |tmp_24_1_reg_9553                  |   1|   0|    1|          0|
    |tmp_24_2_1_reg_10304               |   1|   0|    1|          0|
    |tmp_24_2_2_reg_10463               |   1|   0|    1|          0|
    |tmp_24_2_reg_10085                 |   1|   0|    1|          0|
    |tmp_24_3_1_reg_10856               |   1|   0|    1|          0|
    |tmp_24_3_2_reg_11015               |   1|   0|    1|          0|
    |tmp_24_3_reg_10642                 |   1|   0|    1|          0|
    |tmp_25_0_1_reg_9232                |   1|   0|    1|          0|
    |tmp_25_0_2_reg_9376                |   1|   0|    1|          0|
    |tmp_25_1_1_reg_9764                |   1|   0|    1|          0|
    |tmp_25_1_2_reg_9918                |   1|   0|    1|          0|
    |tmp_25_1_reg_9560                  |   1|   0|    1|          0|
    |tmp_25_2_1_reg_10311               |   1|   0|    1|          0|
    |tmp_25_2_2_reg_10470               |   1|   0|    1|          0|
    |tmp_25_2_reg_10092                 |   1|   0|    1|          0|
    |tmp_25_3_1_reg_10863               |   1|   0|    1|          0|
    |tmp_25_3_2_reg_11022               |   1|   0|    1|          0|
    |tmp_25_3_reg_10649                 |   1|   0|    1|          0|
    |tmp_29_reg_9313                    |   2|   0|    2|          0|
    |tmp_2_8_reg_11163                  |  11|   0|   11|          0|
    |tmp_31_reg_9387                    |  20|   0|   20|          0|
    |tmp_35_1_reg_9929                  |  20|   0|   20|          0|
    |tmp_35_2_reg_10486                 |  20|   0|   20|          0|
    |tmp_35_3_reg_11038                 |  20|   0|   20|          0|
    |tmp_36_reg_8705                    |  16|   0|   16|          0|
    |tmp_37_reg_9487                    |   2|   0|    2|          0|
    |tmp_3_reg_8695                     |   5|   0|    5|          0|
    |tmp_4_reg_8715                     |  16|   0|   16|          0|
    |tmp_51_reg_8700                    |  15|   0|   15|          0|
    |tmp_53_reg_9691                    |   2|   0|    2|          0|
    |tmp_5_reg_8728                     |   8|   0|   11|          3|
    |tmp_61_reg_9855                    |   2|   0|    2|          0|
    |tmp_62_reg_9036                    |   2|   0|    2|          0|
    |tmp_67_reg_9209                    |   2|   0|    2|          0|
    |tmp_68_reg_9775                    |   2|   0|    2|          0|
    |tmp_69_reg_9220                    |   2|   0|    2|          0|
    |tmp_6_reg_8758                     |   8|   0|   11|          3|
    |tmp_74_reg_9243                    |   2|   0|    2|          0|
    |tmp_76_reg_9248                    |   2|   0|    2|          0|
    |tmp_81_reg_10238                   |   2|   0|    2|          0|
    |tmp_87_reg_10407                   |   2|   0|    2|          0|
    |tmp_8_1_reg_10770                  |  10|   0|   11|          1|
    |tmp_8_2_cast_reg_11153             |  32|   0|   32|          0|
    |tmp_8_3_reg_11193                  |   9|   0|   11|          2|
    |tmp_98_reg_10322                   |   2|   0|    2|          0|
    |tmp_99_reg_10223                   |   9|   0|    9|          0|
    |tmp_reg_8659                       |  15|   0|   15|          0|
    +-----------------------------------+----+----+-----+-----------+
    |Total                              |2534|   0| 2722|        188|
    +-----------------------------------+----+----+-----+-----------+



================================================================
== Interface
================================================================
* Summary: 
+-------------+-----+-----+------------+-----------------+--------------+
|  RTL Ports  | Dir | Bits|  Protocol  |  Source Object  |    C Type    |
+-------------+-----+-----+------------+-----------------+--------------+
|ap_clk       |  in |    1| ap_ctrl_hs | detectFaceS24ii | return value |
|ap_rst       |  in |    1| ap_ctrl_hs | detectFaceS24ii | return value |
|ap_start     |  in |    1| ap_ctrl_hs | detectFaceS24ii | return value |
|ap_done      | out |    1| ap_ctrl_hs | detectFaceS24ii | return value |
|ap_idle      | out |    1| ap_ctrl_hs | detectFaceS24ii | return value |
|ap_ready     | out |    1| ap_ctrl_hs | detectFaceS24ii | return value |
|ap_return    | out |   32| ap_ctrl_hs | detectFaceS24ii | return value |
|newPixel     |  in |   32|   ap_none  |     newPixel    |    scalar    |
|newPixelCol  |  in |   32|   ap_none  |   newPixelCol   |    scalar    |
+-------------+-----+-----+------------+-----------------+--------------+

