

================================================================
== Vivado HLS Report for 'detectFaceS24ii'
================================================================
* Date:           Wed Feb 28 11:38:43 2018

* Version:        2017.2 (Build 1909853 on Thu Jun 15 18:55:24 MDT 2017)
* Project:        S24FaceDetectII
* Solution:       solution1
* Product family: artix7
* Target device:  xc7a200tfbg676-1


================================================================
== Performance Estimates
================================================================
+ Timing (ns): 
    * Summary: 
    +--------+-------+----------+------------+
    |  Clock | Target| Estimated| Uncertainty|
    +--------+-------+----------+------------+
    |ap_clk  |  10.00|      9.77|        1.25|
    +--------+-------+----------+------------+

+ Latency (clock cycles): 
    * Summary: 
    +------+------+------+------+---------+
    |   Latency   |   Interval  | Pipeline|
    |  min |  max |  min |  max |   Type  |
    +------+------+------+------+---------+
    |  5023|  5023|  5024|  5024|   none  |
    +------+------+------+------+---------+

    + Detail: 
        * Instance: 
        N/A

        * Loop: 
        +---------------+------+------+----------+-----------+-----------+------+----------+
        |               |   Latency   | Iteration|  Initiation Interval  | Trip |          |
        |   Loop Name   |  min |  max |  Latency |  achieved |   target  | Count| Pipelined|
        +---------------+------+------+----------+-----------+-----------+------+----------+
        |- Loop_Buffer  |    92|    92|         4|          -|          -|    23|    no    |
        |- Loop_iiRow   |  1776|  1776|        74|          -|          -|    24|    no    |
        | + Loop_iiCol  |    69|    69|         3|          -|          -|    23|    no    |
        |- Loop_Nodes   |  3150|  3150|        63|          -|          -|    50|    no    |
        +---------------+------+------+----------+-----------+-----------+------+----------+



================================================================
== Utilization Estimates
================================================================
* Summary: 
+-----------------+---------+-------+--------+--------+
|       Name      | BRAM_18K| DSP48E|   FF   |   LUT  |
+-----------------+---------+-------+--------+--------+
|DSP              |        -|      4|       -|       -|
|Expression       |        -|      4|    5783|    4682|
|FIFO             |        -|      -|       -|       -|
|Instance         |        -|     18|    2422|    1414|
|Memory           |       20|      -|      95|     210|
|Multiplexer      |        -|      -|       -|    1466|
|Register         |        -|      -|    2086|       -|
+-----------------+---------+-------+--------+--------+
|Total            |       20|     26|   10386|    7772|
+-----------------+---------+-------+--------+--------+
|Available        |      730|    740|  269200|  129000|
+-----------------+---------+-------+--------+--------+
|Utilization (%)  |        2|      3|       3|       6|
+-----------------+---------+-------+--------+--------+

+ Detail: 
    * Instance: 
    +--------------------------+----------------------+---------+-------+-----+-----+
    |         Instance         |        Module        | BRAM_18K| DSP48E|  FF | LUT |
    +--------------------------+----------------------+---------+-------+-----+-----+
    |detectFaceS24ii_fvdy_U0   |detectFaceS24ii_fvdy  |        0|      2|  205|  205|
    |detectFaceS24ii_fxdS_U2   |detectFaceS24ii_fxdS  |        0|      0|   66|   70|
    |detectFaceS24ii_mCeG_U8   |detectFaceS24ii_mCeG  |        0|      0|   69|   15|
    |detectFaceS24ii_mCeG_U11  |detectFaceS24ii_mCeG  |        0|      0|   69|   15|
    |detectFaceS24ii_mCeG_U12  |detectFaceS24ii_mCeG  |        0|      0|   69|   15|
    |detectFaceS24ii_mCeG_U14  |detectFaceS24ii_mCeG  |        0|      0|   69|   15|
    |detectFaceS24ii_mzec_U4   |detectFaceS24ii_mzec  |        0|      4|  173|   54|
    |detectFaceS24ii_mzec_U7   |detectFaceS24ii_mzec  |        0|      4|  173|   54|
    |detectFaceS24ii_mzec_U9   |detectFaceS24ii_mzec  |        0|      4|  173|   54|
    |detectFaceS24ii_mzec_U13  |detectFaceS24ii_mzec  |        0|      4|  173|   54|
    |detectFaceS24ii_swdI_U1   |detectFaceS24ii_swdI  |        0|      0|  339|  373|
    |detectFaceS24ii_uAem_U5   |detectFaceS24ii_uAem  |        0|      0|  142|   78|
    |detectFaceS24ii_uBew_U6   |detectFaceS24ii_uBew  |        0|      0|  154|   87|
    |detectFaceS24ii_uBew_U10  |detectFaceS24ii_uBew  |        0|      0|  154|   87|
    |detectFaceS24ii_uyd2_U3   |detectFaceS24ii_uyd2  |        0|      0|  394|  238|
    +--------------------------+----------------------+---------+-------+-----+-----+
    |Total                     |                      |        0|     18| 2422| 1414|
    +--------------------------+----------------------+---------+-------+-----+-----+

    * DSP48: 
    +--------------------------+----------------------+---------------------+
    |         Instance         |        Module        |      Expression     |
    +--------------------------+----------------------+---------------------+
    |detectFaceS24ii_aDeQ_U15  |detectFaceS24ii_aDeQ  | i0 + (i1 + i2) * i3 |
    |detectFaceS24ii_aDeQ_U16  |detectFaceS24ii_aDeQ  | i0 + (i1 + i2) * i3 |
    |detectFaceS24ii_aDeQ_U17  |detectFaceS24ii_aDeQ  | i0 + (i1 + i2) * i3 |
    |detectFaceS24ii_aDeQ_U18  |detectFaceS24ii_aDeQ  | i0 + (i1 + i2) * i3 |
    +--------------------------+----------------------+---------------------+

    * Memory: 
    +--------------------------+----------------------+---------+----+----+-------+-----+------+-------------+
    |          Memory          |        Module        | BRAM_18K| FF | LUT| Words | Bits| Banks| W*Bits*Banks|
    +--------------------------+----------------------+---------+----+----+-------+-----+------+-------------+
    |colBuffer_U               |detectFaceS24ii_ccud  |        0|  32|   6|     24|   16|     1|          384|
    |ii_U                      |detectFaceS24ii_ii    |        1|   0|   0|    576|   18|     1|        10368|
    |lineBuffer_U              |detectFaceS24ii_lbkb  |       16|   0|   0|  15360|   16|     1|       245760|
    |stage24Nodes_0_U          |detectFaceS24ii_sdEe  |        1|   0|   0|    200|   32|     1|         6400|
    |stage24RectsExtend_0_U    |detectFaceS24ii_seOg  |        0|   5|  16|    200|    5|     1|         1000|
    |stage24RectsExtend_0_1_U  |detectFaceS24ii_sfYi  |        0|   5|  16|    200|    5|     1|         1000|
    |stage24RectsExtend_0_2_U  |detectFaceS24ii_sg8j  |        0|   5|  16|    200|    5|     1|         1000|
    |stage24RectsExtend_0_3_U  |detectFaceS24ii_shbi  |        0|   5|  16|    200|    5|     1|         1000|
    |stage24RectsExtend_0_4_U  |detectFaceS24ii_sibs  |        0|   1|   4|    200|    1|     1|          200|
    |stage24RectsExtend_1_U    |detectFaceS24ii_sjbC  |        0|   5|  16|    200|    5|     1|         1000|
    |stage24RectsExtend_1_1_U  |detectFaceS24ii_skbM  |        0|   5|  16|    200|    5|     1|         1000|
    |stage24RectsExtend_1_2_U  |detectFaceS24ii_slbW  |        0|   5|  16|    200|    5|     1|         1000|
    |stage24RectsExtend_1_3_U  |detectFaceS24ii_smb6  |        0|   5|  16|    200|    5|     1|         1000|
    |stage24RectsExtend_1_4_U  |detectFaceS24ii_sncg  |        0|   2|   7|    200|    2|     1|          400|
    |stage24RectsExtend_2_U    |detectFaceS24ii_socq  |        0|   5|  16|    200|    5|     1|         1000|
    |stage24RectsExtend_2_1_U  |detectFaceS24ii_spcA  |        0|   5|  16|    200|    5|     1|         1000|
    |stage24RectsExtend_2_2_U  |detectFaceS24ii_sqcK  |        0|   4|  13|    200|    4|     1|          800|
    |stage24RectsExtend_2_3_U  |detectFaceS24ii_srcU  |        0|   4|  13|    200|    4|     1|          800|
    |stage24RectsExtend_2_4_U  |detectFaceS24ii_ssc4  |        0|   2|   7|    200|    2|     1|          400|
    |stage24Nodes_1_U          |detectFaceS24ii_stde  |        1|   0|   0|    200|   32|     1|         6400|
    |stage24Nodes_2_U          |detectFaceS24ii_sudo  |        1|   0|   0|    200|   32|     1|         6400|
    +--------------------------+----------------------+---------+----+----+-------+-----+------+-------------+
    |Total                     |                      |       20|  95| 210|  19560|  209|    21|       288312|
    +--------------------------+----------------------+---------+----+----+-------+-----+------+-------------+

    * FIFO: 
    N/A

    * Expression: 
    +---------------------------------+----------+-------+----+----+------------+------------+
    |          Variable Name          | Operation| DSP48E| FF | LUT| Bitwidth P0| Bitwidth P1|
    +---------------------------------+----------+-------+----+----+------------+------------+
    |tmp_35_0_1_fu_3335_p2            |     *    |      1|   0|  73|          20|           2|
    |tmp_35_1_1_fu_4185_p2            |     *    |      1|   0|  73|          20|           2|
    |tmp_35_2_1_fu_2707_p2            |     *    |      1|   0|  73|          20|           2|
    |tmp_35_3_1_fu_4950_p2            |     *    |      1|   0|  73|          20|           2|
    |coordDownL_0_1_fu_2959_p2        |     +    |      0|  38|  16|          11|          11|
    |coordDownL_0_2_fu_3155_p2        |     +    |      0|  38|  16|          11|          11|
    |coordDownL_1_1_fu_3651_p2        |     +    |      0|  38|  16|          11|          11|
    |coordDownL_1_2_fu_3986_p2        |     +    |      0|  38|  16|          11|          11|
    |coordDownL_1_fu_3421_p2          |     +    |      0|  38|  16|          11|          11|
    |coordDownL_2_1_fu_2275_p2        |     +    |      0|  38|  16|          11|          11|
    |coordDownL_2_2_fu_2475_p2        |     +    |      0|  38|  16|          11|          11|
    |coordDownL_2_fu_2077_p2          |     +    |      0|  38|  16|          11|          11|
    |coordDownL_3_1_fu_4630_p2        |     +    |      0|  38|  16|          11|          11|
    |coordDownL_3_2_fu_4834_p2        |     +    |      0|  38|  16|          11|          11|
    |coordDownL_3_fu_4271_p2          |     +    |      0|  38|  16|          11|          11|
    |coordDownL_fu_2679_p2            |     +    |      0|  38|  16|          11|          11|
    |coordDownR_0_1_fu_2969_p2        |     +    |      0|  38|  16|          11|          11|
    |coordDownR_0_2_fu_3165_p2        |     +    |      0|  38|  16|          11|          11|
    |coordDownR_1_1_fu_3661_p2        |     +    |      0|  38|  16|          11|          11|
    |coordDownR_1_2_fu_3996_p2        |     +    |      0|  38|  16|          11|          11|
    |coordDownR_1_fu_3431_p2          |     +    |      0|  38|  16|          11|          11|
    |coordDownR_2_1_fu_2285_p2        |     +    |      0|  38|  16|          11|          11|
    |coordDownR_2_2_fu_2485_p2        |     +    |      0|  38|  16|          11|          11|
    |coordDownR_2_fu_2087_p2          |     +    |      0|  38|  16|          11|          11|
    |coordDownR_3_1_fu_4640_p2        |     +    |      0|  38|  16|          11|          11|
    |coordDownR_3_2_fu_4844_p2        |     +    |      0|  38|  16|          11|          11|
    |coordDownR_3_fu_4281_p2          |     +    |      0|  38|  16|          11|          11|
    |coordDownR_fu_2689_p2            |     +    |      0|  38|  16|          11|          11|
    |coordUpL_0_1_fu_2845_p2          |     +    |      0|   0|  11|          11|          11|
    |coordUpL_0_2_fu_3054_p2          |     +    |      0|   0|  11|          11|          11|
    |coordUpL_1_1_fu_3561_p2          |     +    |      0|   0|  11|          11|          11|
    |coordUpL_1_2_fu_3854_p2          |     +    |      0|   0|  11|          11|          11|
    |coordUpL_1_fu_3322_p2            |     +    |      0|   0|  11|          11|          11|
    |coordUpL_2_1_fu_2189_p2          |     +    |      0|   0|  11|          11|          11|
    |coordUpL_2_2_fu_2366_p2          |     +    |      0|   0|  11|          11|          11|
    |coordUpL_2_fu_2032_p2            |     +    |      0|   0|  11|          11|          11|
    |coordUpL_3_1_fu_4411_p2          |     +    |      0|   0|  11|          11|          11|
    |coordUpL_3_2_fu_4733_p2          |     +    |      0|   0|  11|          11|          11|
    |coordUpL_3_fu_4172_p2            |     +    |      0|   0|  11|          11|          11|
    |coordUpL_fu_2546_p2              |     +    |      0|   0|  11|          11|          11|
    |coordUpR_0_1_fu_2924_p2          |     +    |      0|  38|  16|          11|          11|
    |coordUpR_0_2_fu_3116_p2          |     +    |      0|  38|  16|          11|          11|
    |coordUpR_1_1_fu_3616_p2          |     +    |      0|  38|  16|          11|          11|
    |coordUpR_1_2_fu_3947_p2          |     +    |      0|  38|  16|          11|          11|
    |coordUpR_1_fu_3386_p2            |     +    |      0|  38|  16|          11|          11|
    |coordUpR_2_1_fu_2240_p2          |     +    |      0|  38|  16|          11|          11|
    |coordUpR_2_2_fu_2436_p2          |     +    |      0|  38|  16|          11|          11|
    |coordUpR_2_fu_2042_p2            |     +    |      0|  38|  16|          11|          11|
    |coordUpR_3_1_fu_4595_p2          |     +    |      0|  38|  16|          11|          11|
    |coordUpR_3_2_fu_4795_p2          |     +    |      0|  38|  16|          11|          11|
    |coordUpR_3_fu_4236_p2            |     +    |      0|  38|  16|          11|          11|
    |coordUpR_fu_2644_p2              |     +    |      0|  38|  16|          11|          11|
    |grp_fu_5154_p0                   |     +    |      0|  41|  17|          12|          12|
    |indvars_iv_next1_fu_1924_p2      |     +    |      0|  29|  13|           3|           8|
    |indvars_iv_next2_fu_4024_p2      |     +    |      0|  29|  13|           3|           8|
    |indvars_iv_next3_fu_1906_p2      |     +    |      0|  29|  13|           3|           8|
    |indvars_iv_next4_fu_2496_p2      |     +    |      0|  29|  13|           3|           8|
    |indvars_iv_next5_fu_1930_p2      |     +    |      0|  29|  13|           3|           8|
    |indvars_iv_next6_fu_1912_p2      |     +    |      0|  29|  13|           3|           8|
    |indvars_iv_next7_fu_1918_p2      |     +    |      0|  29|  13|           3|           8|
    |indvars_iv_next_fu_3184_p2       |     +    |      0|  29|  13|           3|           8|
    |lValue_1_3_fu_5297_p2            |     +    |      0|  41|  17|          12|          12|
    |nodeIdx_1_3_fu_5303_p2           |     +    |      0|  29|  13|           3|           8|
    |row_2_fu_1759_p2                 |     +    |      0|  20|  10|           5|           1|
    |sum_1_0_2_fu_3465_p2             |     +    |      0|  74|  28|          23|          23|
    |sum_1_1_2_fu_4315_p2             |     +    |      0|  74|  28|          23|          23|
    |sum_1_2_2_fu_2874_p2             |     +    |      0|  74|  28|          23|          23|
    |sum_1_3_2_fu_5020_p2             |     +    |      0|  74|  28|          23|          23|
    |tmp21_fu_2536_p2                 |     +    |      0|  23|  11|           6|           6|
    |tmp22_fu_2835_p2                 |     +    |      0|  23|  11|           6|           6|
    |tmp23_fu_3044_p2                 |     +    |      0|  23|  11|           6|           6|
    |tmp38_fu_3312_p2                 |     +    |      0|  23|  11|           6|           6|
    |tmp39_fu_3551_p2                 |     +    |      0|  23|  11|           6|           6|
    |tmp40_fu_3844_p2                 |     +    |      0|  23|  11|           6|           6|
    |tmp52_fu_2022_p2                 |     +    |      0|  23|  11|           6|           6|
    |tmp53_fu_2179_p2                 |     +    |      0|  23|  11|           6|           6|
    |tmp54_fu_2356_p2                 |     +    |      0|  23|  11|           6|           6|
    |tmp66_fu_4162_p2                 |     +    |      0|  23|  11|           6|           6|
    |tmp67_fu_4401_p2                 |     +    |      0|  23|  11|           6|           6|
    |tmp68_fu_4723_p2                 |     +    |      0|  23|  11|           6|           6|
    |tmp_11_fu_1866_p2                |     +    |      0|   0|  11|          18|          18|
    |tmp_12_fu_1821_p2                |     +    |      0|  38|  16|          11|          11|
    |tmp_14_fu_1831_p2                |     +    |      0|  38|  16|          11|          11|
    |tmp_15_fu_1815_p2                |     +    |      0|  20|  10|           5|           1|
    |tmp_16_fu_1625_p2                |     +    |      0|  50|  20|          14|          15|
    |tmp_26_fu_2990_p2                |     +    |      0|   0|  11|          20|          20|
    |tmp_2_13_fu_3869_p2              |     +    |      0|  38|  16|           2|          11|
    |tmp_2_fu_1742_p2                 |     +    |      0|   0|  11|          16|          16|
    |tmp_34_0_1_fu_3225_p2            |     +    |      0|  65|  25|          20|          20|
    |tmp_34_1_1_fu_4065_p2            |     +    |      0|  65|  25|          20|          20|
    |tmp_34_1_fu_3790_p2              |     +    |      0|   0|  11|          20|          20|
    |tmp_34_2_1_fu_2587_p2            |     +    |      0|  65|  25|          20|          20|
    |tmp_34_2_fu_2302_p2              |     +    |      0|   0|  11|          20|          20|
    |tmp_34_3_1_fu_4890_p2            |     +    |      0|  65|  25|          20|          20|
    |tmp_34_3_fu_4669_p2              |     +    |      0|   0|  11|          20|          20|
    |tmp_38_fu_1663_p2                |     +    |      0|   0|  11|          15|          15|
    |tmp_39_fu_1669_p2                |     +    |      0|   0|  11|          15|          15|
    |tmp_3_fu_1685_p2                 |     +    |      0|  20|  10|           5|           1|
    |tmp_45_fu_1715_p2                |     +    |      0|   0|  11|          15|          15|
    |tmp_52_fu_1721_p2                |     +    |      0|   0|  11|          15|          15|
    |tmp_s_fu_1836_p2                 |     +    |      0|  38|  16|          11|           5|
    |mt1_fu_2996_p2                   |     -    |      0|   0|  11|           1|          20|
    |mt2_fu_3796_p2                   |     -    |      0|   0|  11|           1|          20|
    |mt3_fu_2308_p2                   |     -    |      0|   0|  11|           1|          20|
    |mt_fu_4675_p2                    |     -    |      0|   0|  11|           1|          20|
    |sumA_0_1_fu_3198_p2              |     -    |      0|  62|  24|          19|          19|
    |sumA_0_2_fu_3247_p2              |     -    |      0|  62|  24|          19|          19|
    |sumA_1_1_fu_4038_p2              |     -    |      0|  62|  24|          19|          19|
    |sumA_1_2_fu_4087_p2              |     -    |      0|  62|  24|          19|          19|
    |sumA_1_fu_3486_p2                |     -    |      0|  62|  24|          19|          19|
    |sumA_221_1_fu_2560_p2            |     -    |      0|  62|  24|          19|          19|
    |sumA_221_2_fu_2609_p2            |     -    |      0|  62|  24|          19|          19|
    |sumA_324_1_fu_4863_p2            |     -    |      0|  62|  24|          19|          19|
    |sumA_324_2_fu_4912_p2            |     -    |      0|  62|  24|          19|          19|
    |sumA_4_fu_4336_p2                |     -    |      0|  62|  24|          19|          19|
    |sumA_fu_2770_p2                  |     -    |      0|  62|  24|          19|          19|
    |sumA_s_fu_2114_p2                |     -    |      0|  62|  24|          19|          19|
    |sumB_0_1_fu_3064_p2              |     -    |      0|  62|  24|           1|          19|
    |sumB_0_2_fu_3345_p2              |     -    |      0|  62|  24|           1|          19|
    |sumB_116_1_fu_3895_p2            |     -    |      0|  62|  24|           1|          19|
    |sumB_116_2_fu_4195_p2            |     -    |      0|  62|  24|           1|          19|
    |sumB_1_0_1_fu_3074_p2            |     -    |      0|  62|  24|          19|          19|
    |sumB_1_0_2_fu_3355_p2            |     -    |      0|  62|  24|          19|          19|
    |sumB_1_1_1_fu_3905_p2            |     -    |      0|  62|  24|          19|          19|
    |sumB_1_1_2_fu_4205_p2            |     -    |      0|  62|  24|          19|          19|
    |sumB_1_1_fu_3585_p2              |     -    |      0|  62|  24|          19|          19|
    |sumB_1_2_1_fu_2394_p2            |     -    |      0|  62|  24|          19|          19|
    |sumB_1_2_2_fu_2727_p2            |     -    |      0|  62|  24|          19|          19|
    |sumB_1_2_fu_2209_p2              |     -    |      0|  62|  24|          19|          19|
    |sumB_1_3_1_fu_4753_p2            |     -    |      0|  62|  24|          19|          19|
    |sumB_1_3_2_fu_4970_p2            |     -    |      0|  62|  24|          19|          19|
    |sumB_1_3_fu_4564_p2              |     -    |      0|  62|  24|          19|          19|
    |sumB_1_fu_2893_p2                |     -    |      0|  62|  24|          19|          19|
    |sumB_220_1_fu_2384_p2            |     -    |      0|  62|  24|           1|          19|
    |sumB_220_2_fu_2717_p2            |     -    |      0|  62|  24|           1|          19|
    |sumB_3_1_fu_4743_p2              |     -    |      0|  62|  24|           1|          19|
    |sumB_3_2_fu_4960_p2              |     -    |      0|  62|  24|           1|          19|
    |sumB_3_fu_4554_p2                |     -    |      0|  62|  24|           1|          19|
    |sumB_4_fu_2199_p2                |     -    |      0|  62|  24|           1|          19|
    |sumB_fu_2883_p2                  |     -    |      0|  62|  24|           1|          19|
    |sumB_s_fu_3575_p2                |     -    |      0|  62|  24|           1|          19|
    |tmp_10_fu_1860_p2                |     -    |      0|   0|  11|          18|          18|
    |tmp_13_fu_1846_p2                |     -    |      0|  59|  23|          18|          18|
    |tmp_1_fu_1738_p2                 |     -    |      0|   0|  11|          16|          16|
    |tmp_21_0_1_fu_2829_p2            |     -    |      0|   0|  11|          11|          11|
    |tmp_21_0_2_fu_3038_p2            |     -    |      0|   0|  11|          11|          11|
    |tmp_21_1_1_fu_3545_p2            |     -    |      0|   0|  11|          11|          11|
    |tmp_21_1_2_fu_3838_p2            |     -    |      0|   0|  11|          11|          11|
    |tmp_21_1_fu_3306_p2              |     -    |      0|   0|  11|          11|          11|
    |tmp_21_2_1_fu_2173_p2            |     -    |      0|   0|  11|          11|          11|
    |tmp_21_2_2_fu_2350_p2            |     -    |      0|   0|  11|          11|          11|
    |tmp_21_2_fu_2016_p2              |     -    |      0|   0|  11|          11|          11|
    |tmp_21_3_1_fu_4395_p2            |     -    |      0|   0|  11|          11|          11|
    |tmp_21_3_2_fu_4717_p2            |     -    |      0|   0|  11|          11|          11|
    |tmp_21_3_fu_4156_p2              |     -    |      0|   0|  11|          11|          11|
    |tmp_21_fu_4429_p2                |     -    |      0|  38|  16|          11|          11|
    |tmp_22_fu_2530_p2                |     -    |      0|   0|  11|          11|          11|
    |tmp_23_0_1_fu_2953_p2            |     -    |      0|  38|  16|          11|          11|
    |tmp_23_0_2_fu_3145_p2            |     -    |      0|  35|  15|          10|          10|
    |tmp_23_1_1_fu_3645_p2            |     -    |      0|  38|  16|          11|          11|
    |tmp_23_1_2_fu_3976_p2            |     -    |      0|  35|  15|          10|          10|
    |tmp_23_1_fu_3415_p2              |     -    |      0|  38|  16|          11|          11|
    |tmp_23_2_1_fu_2269_p2            |     -    |      0|  38|  16|          11|          11|
    |tmp_23_2_2_fu_2465_p2            |     -    |      0|  35|  15|          10|          10|
    |tmp_23_2_fu_2071_p2              |     -    |      0|  38|  16|          11|          11|
    |tmp_23_3_1_fu_4624_p2            |     -    |      0|  38|  16|          11|          11|
    |tmp_23_3_2_fu_4824_p2            |     -    |      0|  35|  15|          10|          10|
    |tmp_23_3_fu_4265_p2              |     -    |      0|  38|  16|          11|          11|
    |tmp_23_fu_2673_p2                |     -    |      0|  38|  16|          11|          11|
    |tmp_4_fu_1733_p2                 |     -    |      0|  53|  21|          16|          16|
    |tmp_5_fu_1789_p2                 |     -    |      0|  38|  16|          11|          11|
    |tmp_8_1_fu_5111_p2               |     -    |      0|  38|  16|          11|          11|
    |tmp_8_2_fu_3694_p2               |     -    |      0|  38|  16|          11|          11|
    |tmp_8_3_fu_5195_p2               |     -    |      0|  38|  16|          11|          11|
    |sel_tmp10_fu_3265_p2             |    and   |      0|   0|   2|           1|           1|
    |sel_tmp14_fu_3504_p2             |    and   |      0|   0|   2|           1|           1|
    |sel_tmp18_fu_3923_p2             |    and   |      0|   0|   2|           1|           1|
    |sel_tmp22_fu_4105_p2             |    and   |      0|   0|   2|           1|           1|
    |sel_tmp26_fu_2132_p2             |    and   |      0|   0|   2|           1|           1|
    |sel_tmp2_fu_2788_p2              |    and   |      0|   0|   2|           1|           1|
    |sel_tmp30_fu_2412_p2             |    and   |      0|   0|   2|           1|           1|
    |sel_tmp34_fu_2627_p2             |    and   |      0|   0|   2|           1|           1|
    |sel_tmp38_fu_4354_p2             |    and   |      0|   0|   2|           1|           1|
    |sel_tmp42_fu_4771_p2             |    and   |      0|   0|   2|           1|           1|
    |sel_tmp46_fu_4930_p2             |    and   |      0|   0|   2|           1|           1|
    |sel_tmp5_fu_3092_p2              |    and   |      0|   0|   2|           1|           1|
    |tmp_20_fu_1972_p2                |    and   |      0|   0|   2|           1|           1|
    |tmp_34_fu_4506_p2                |    and   |      0|   0|   2|           1|           1|
    |tmp_36_fu_4512_p2                |    and   |      0|   0|   2|           1|           1|
    |tmp_48_fu_5129_p2                |    and   |      0|   0|   2|           1|           1|
    |tmp_50_fu_5135_p2                |    and   |      0|   0|   2|           1|           1|
    |tmp_62_fu_3772_p2                |    and   |      0|   0|   2|           1|           1|
    |tmp_64_fu_3778_p2                |    and   |      0|   0|   2|           1|           1|
    |tmp_73_fu_5277_p2                |    and   |      0|   0|   2|           1|           1|
    |tmp_75_fu_5283_p2                |    and   |      0|   0|   2|           1|           1|
    |exitcond1_fu_1892_p2             |   icmp   |      0|   0|   4|           8|           7|
    |exitcond2_fu_1809_p2             |   icmp   |      0|   0|   2|           5|           5|
    |exitcond3_fu_1753_p2             |   icmp   |      0|   0|   2|           5|           5|
    |exitcond4_fu_1679_p2             |   icmp   |      0|   0|   2|           5|           5|
    |grp_fu_1521_p2                   |   icmp   |      0|   0|   2|           5|           1|
    |grp_fu_1527_p2                   |   icmp   |      0|   0|   2|           5|           1|
    |grp_fu_1533_p2                   |   icmp   |      0|   0|   2|           5|           1|
    |grp_fu_1539_p2                   |   icmp   |      0|   0|   2|           5|           1|
    |grp_fu_1609_p2                   |   icmp   |      0|   0|   2|           5|           1|
    |grp_fu_1615_p2                   |   icmp   |      0|   0|   2|           5|           1|
    |notlhs1_fu_1954_p2               |   icmp   |      0|   0|   4|           8|           2|
    |notlhs2_fu_4488_p2               |   icmp   |      0|   0|   4|           8|           2|
    |notlhs3_fu_5061_p2               |   icmp   |      0|   0|   4|           8|           2|
    |notlhs4_fu_5073_p2               |   icmp   |      0|   0|   4|           8|           2|
    |notlhs5_fu_3736_p2               |   icmp   |      0|   0|   4|           8|           2|
    |notlhs6_fu_3754_p2               |   icmp   |      0|   0|   4|           8|           2|
    |notlhs7_fu_5241_p2               |   icmp   |      0|   0|   4|           8|           2|
    |notlhs8_fu_5259_p2               |   icmp   |      0|   0|   4|           8|           2|
    |notlhs_fu_4470_p2                |   icmp   |      0|   0|   4|           8|           2|
    |notrhs1_fu_1960_p2               |   icmp   |      0|   0|  13|          23|           1|
    |notrhs2_fu_4494_p2               |   icmp   |      0|   0|  13|          23|           1|
    |notrhs3_fu_5067_p2               |   icmp   |      0|   0|  13|          23|           1|
    |notrhs4_fu_5079_p2               |   icmp   |      0|   0|  13|          23|           1|
    |notrhs5_fu_3742_p2               |   icmp   |      0|   0|  13|          23|           1|
    |notrhs6_fu_3760_p2               |   icmp   |      0|   0|  13|          23|           1|
    |notrhs7_fu_5247_p2               |   icmp   |      0|   0|  13|          23|           1|
    |notrhs8_fu_5265_p2               |   icmp   |      0|   0|  13|          23|           1|
    |notrhs_fu_4476_p2                |   icmp   |      0|   0|  13|          23|           1|
    |nodeIdx_1_1_fu_3672_p2           |    or    |      0|   0|   8|           8|           2|
    |nodeIdx_1_2_fu_5173_p2           |    or    |      0|   0|   8|           8|           2|
    |nodeIdx_1_s_fu_5089_p2           |    or    |      0|   0|   8|           8|           1|
    |tmp_17_fu_1966_p2                |    or    |      0|   0|   2|           1|           1|
    |tmp_32_fu_4482_p2                |    or    |      0|   0|   2|           1|           1|
    |tmp_33_fu_4500_p2                |    or    |      0|   0|   2|           1|           1|
    |tmp_46_fu_5121_p2                |    or    |      0|   0|   2|           1|           1|
    |tmp_47_fu_5125_p2                |    or    |      0|   0|   2|           1|           1|
    |tmp_60_fu_3748_p2                |    or    |      0|   0|   2|           1|           1|
    |tmp_61_fu_3766_p2                |    or    |      0|   0|   2|           1|           1|
    |tmp_66_fu_4530_p2                |    or    |      0|   0|   2|           2|           2|
    |tmp_6_fu_1800_p2                 |    or    |      0|   0|  11|          11|           1|
    |tmp_71_fu_5253_p2                |    or    |      0|   0|   2|           1|           1|
    |tmp_72_fu_5271_p2                |    or    |      0|   0|   2|           1|           1|
    |tmp_9_2_fu_3863_p2               |    or    |      0|   0|  32|          32|           1|
    |grp_fu_3885_p0                   |  select  |      0|   0|  32|           1|          32|
    |lValue_1_1_v_cast_ca_fu_5140_p3  |  select  |      0|   0|   2|           1|           1|
    |lValue_1_3_v_cast_ca_fu_5289_p3  |  select  |      0|   0|   2|           1|           1|
    |lValue_1_v_cast_fu_4518_p3       |  select  |      0|   0|   3|           1|           1|
    |sel_tmp11_fu_3368_p3             |  select  |      0|   0|  19|           1|          19|
    |sel_tmp12_fu_3492_p3             |  select  |      0|   0|  19|           1|          19|
    |sel_tmp15_fu_3598_p3             |  select  |      0|   0|  19|           1|          19|
    |sel_tmp16_fu_4044_p3             |  select  |      0|   0|  19|           1|          19|
    |sel_tmp19_fu_3928_p3             |  select  |      0|   0|  19|           1|          19|
    |sel_tmp20_fu_4093_p3             |  select  |      0|   0|  19|           1|          19|
    |sel_tmp23_fu_4218_p3             |  select  |      0|   0|  19|           1|          19|
    |sel_tmp24_fu_2120_p3             |  select  |      0|   0|  19|           1|          19|
    |sel_tmp27_fu_2222_p3             |  select  |      0|   0|  19|           1|          19|
    |sel_tmp28_fu_2566_p3             |  select  |      0|   0|  19|           1|          19|
    |sel_tmp31_fu_2417_p3             |  select  |      0|   0|  19|           1|          19|
    |sel_tmp32_fu_2615_p3             |  select  |      0|   0|  19|           1|          19|
    |sel_tmp35_fu_2740_p3             |  select  |      0|   0|  19|           1|          19|
    |sel_tmp36_fu_4342_p3             |  select  |      0|   0|  19|           1|          19|
    |sel_tmp39_fu_4577_p3             |  select  |      0|   0|  19|           1|          19|
    |sel_tmp40_fu_4869_p3             |  select  |      0|   0|  19|           1|          19|
    |sel_tmp43_fu_4776_p3             |  select  |      0|   0|  19|           1|          19|
    |sel_tmp44_fu_4918_p3             |  select  |      0|   0|  19|           1|          19|
    |sel_tmp47_fu_4983_p3             |  select  |      0|   0|  19|           1|          19|
    |sel_tmp4_fu_2906_p3              |  select  |      0|   0|  19|           1|          19|
    |sel_tmp6_fu_3097_p3              |  select  |      0|   0|  19|           1|          19|
    |sel_tmp7_fu_3253_p3              |  select  |      0|   0|  19|           1|          19|
    |sel_tmp9_fu_3204_p3              |  select  |      0|   0|  19|           1|          19|
    |sel_tmp_fu_2776_p3               |  select  |      0|   0|  19|           1|          19|
    |sumA_2_0_1_fu_3211_p3            |  select  |      0|   0|  19|           1|          19|
    |sumA_2_0_2_fu_3270_p3            |  select  |      0|   0|  19|           1|          19|
    |sumA_2_1_1_fu_4051_p3            |  select  |      0|   0|  19|           1|          19|
    |sumA_2_1_2_fu_4110_p3            |  select  |      0|   0|  19|           1|          19|
    |sumA_2_1_fu_3509_p3              |  select  |      0|   0|  19|           1|          19|
    |sumA_2_2_1_fu_2573_p3            |  select  |      0|   0|  19|           1|          19|
    |sumA_2_2_2_fu_2632_p3            |  select  |      0|   0|  19|           1|          19|
    |sumA_2_2_fu_2137_p3              |  select  |      0|   0|  19|           1|          19|
    |sumA_2_3_1_fu_4876_p3            |  select  |      0|   0|  19|           1|          19|
    |sumA_2_3_2_fu_4935_p3            |  select  |      0|   0|  19|           1|          19|
    |sumA_2_3_fu_4359_p3              |  select  |      0|   0|  19|           1|          19|
    |sumA_2_fu_2793_p3                |  select  |      0|   0|  19|           1|          19|
    |sumB2_0_1_fu_3080_p3             |  select  |      0|   0|  19|           1|           1|
    |sumB2_0_2_fu_3361_p3             |  select  |      0|   0|  19|           1|           1|
    |sumB2_1_1_fu_3911_p3             |  select  |      0|   0|  19|           1|           1|
    |sumB2_1_2_fu_4211_p3             |  select  |      0|   0|  19|           1|           1|
    |sumB2_1_fu_3591_p3               |  select  |      0|   0|  19|           1|           1|
    |sumB2_2_1_fu_2400_p3             |  select  |      0|   0|  19|           1|           1|
    |sumB2_2_2_fu_2733_p3             |  select  |      0|   0|  19|           1|           1|
    |sumB2_2_fu_2215_p3               |  select  |      0|   0|  19|           1|           1|
    |sumB2_3_1_fu_4759_p3             |  select  |      0|   0|  19|           1|           1|
    |sumB2_3_2_fu_4976_p3             |  select  |      0|   0|  19|           1|           1|
    |sumB2_3_fu_4570_p3               |  select  |      0|   0|  19|           1|           1|
    |sumB2_fu_2899_p3                 |  select  |      0|   0|  19|           1|           1|
    |sumB_2_0_1_fu_3104_p3            |  select  |      0|   0|  19|           1|           1|
    |sumB_2_0_2_fu_3375_p3            |  select  |      0|   0|  19|           1|           1|
    |sumB_2_1_1_fu_3935_p3            |  select  |      0|   0|  19|           1|           1|
    |sumB_2_1_2_fu_4225_p3            |  select  |      0|   0|  19|           1|           1|
    |sumB_2_1_fu_3605_p3              |  select  |      0|   0|  19|           1|           1|
    |sumB_2_2_1_fu_2424_p3            |  select  |      0|   0|  19|           1|           1|
    |sumB_2_2_2_fu_2747_p3            |  select  |      0|   0|  19|           1|           1|
    |sumB_2_2_fu_2229_p3              |  select  |      0|   0|  19|           1|           1|
    |sumB_2_3_1_fu_4783_p3            |  select  |      0|   0|  19|           1|           1|
    |sumB_2_3_2_fu_4990_p3            |  select  |      0|   0|  19|           1|           1|
    |sumB_2_3_fu_4584_p3              |  select  |      0|   0|  19|           1|           1|
    |sumB_2_fu_2913_p3                |  select  |      0|   0|  19|           1|           1|
    |tmp_27_fu_3442_p3                |  select  |      0|   0|  20|           1|          20|
    |tmp_35_1_fu_4292_p3              |  select  |      0|   0|  20|           1|          20|
    |tmp_35_2_fu_2851_p3              |  select  |      0|   0|  20|           1|          20|
    |tmp_35_3_fu_4997_p3              |  select  |      0|   0|  20|           1|          20|
    |not_s_fu_1978_p2                 |    xor   |      0|   0|   2|           1|           2|
    |sel_tmp13_fu_3499_p2             |    xor   |      0|   0|   2|           1|           2|
    |sel_tmp17_fu_3918_p2             |    xor   |      0|   0|   2|           1|           2|
    |sel_tmp1_fu_2783_p2              |    xor   |      0|   0|   2|           1|           2|
    |sel_tmp21_fu_4100_p2             |    xor   |      0|   0|   2|           1|           2|
    |sel_tmp25_fu_2127_p2             |    xor   |      0|   0|   2|           1|           2|
    |sel_tmp29_fu_2407_p2             |    xor   |      0|   0|   2|           1|           2|
    |sel_tmp33_fu_2622_p2             |    xor   |      0|   0|   2|           1|           2|
    |sel_tmp37_fu_4349_p2             |    xor   |      0|   0|   2|           1|           2|
    |sel_tmp3_fu_3087_p2              |    xor   |      0|   0|   2|           1|           2|
    |sel_tmp41_fu_4766_p2             |    xor   |      0|   0|   2|           1|           2|
    |sel_tmp45_fu_4925_p2             |    xor   |      0|   0|   2|           1|           2|
    |sel_tmp8_fu_3260_p2              |    xor   |      0|   0|   2|           1|           2|
    +---------------------------------+----------+-------+----+----+------------+------------+
    |Total                            |          |      4|5783|4682|        2508|        3196|
    +---------------------------------+----------+-------+----+----+------------+------------+

    * Multiplexer: 
    +---------------------------------+-----+-----------+-----+-----------+
    |               Name              | LUT | Input Size| Bits| Total Bits|
    +---------------------------------+-----+-----------+-----+-----------+
    |ap_NS_fsm                        |  385|         78|    1|         78|
    |colBuffer_address0               |   21|          4|    5|         20|
    |col_reg_1381                     |    9|          2|    5|         10|
    |grp_fu_1507_p0                   |   15|          3|   32|         96|
    |grp_fu_1507_p1                   |   27|          5|   32|        160|
    |grp_fu_1512_p0                   |   27|          5|   32|        160|
    |grp_fu_1515_p0                   |   15|          3|   32|         96|
    |grp_fu_1515_p1                   |   15|          3|   32|         96|
    |ii_address0                      |  142|         30|   10|        300|
    |ii_address1                      |  127|         25|   10|        250|
    |ii_d0                            |   15|          3|   18|         54|
    |indvars_iv1_reg_1392             |    9|          2|    8|         16|
    |indvars_iv2_reg_1403             |    9|          2|    8|         16|
    |indvars_iv3_reg_1460             |    9|          2|    8|         16|
    |indvars_iv4_reg_1471             |    9|          2|    8|         16|
    |indvars_iv5_reg_1415             |    9|          2|    8|         16|
    |indvars_iv6_reg_1426             |    9|          2|    8|         16|
    |indvars_iv9_reg_1438             |    9|          2|    8|         16|
    |indvars_iv_reg_1449              |    9|          2|    8|         16|
    |lineBuffer_address0              |   33|          6|   14|         84|
    |lineBuffer_d0                    |   15|          3|   16|         48|
    |nodeIdx_reg_1483                 |    9|          2|    8|         16|
    |reg_1545                         |    9|          2|   18|         36|
    |row_1_reg_1370                   |    9|          2|    5|         10|
    |row_reg_1359                     |    9|          2|    5|         10|
    |stage24Nodes_0_address0          |   44|          9|    8|         72|
    |stage24Nodes_1_address0          |   27|          5|    8|         40|
    |stage24Nodes_2_address0          |   27|          5|    8|         40|
    |stage24RectsExtend_0_1_address0  |   27|          5|    8|         40|
    |stage24RectsExtend_0_2_address0  |   27|          5|    8|         40|
    |stage24RectsExtend_0_3_address0  |   27|          5|    8|         40|
    |stage24RectsExtend_0_4_address0  |   27|          5|    8|         40|
    |stage24RectsExtend_0_address0    |   27|          5|    8|         40|
    |stage24RectsExtend_1_1_address0  |   27|          5|    8|         40|
    |stage24RectsExtend_1_2_address0  |   27|          5|    8|         40|
    |stage24RectsExtend_1_3_address0  |   27|          5|    8|         40|
    |stage24RectsExtend_1_4_address0  |   27|          5|    8|         40|
    |stage24RectsExtend_1_address0    |   27|          5|    8|         40|
    |stage24RectsExtend_2_1_address0  |   27|          5|    8|         40|
    |stage24RectsExtend_2_2_address0  |   27|          5|    8|         40|
    |stage24RectsExtend_2_3_address0  |   27|          5|    8|         40|
    |stage24RectsExtend_2_4_address0  |   27|          5|    8|         40|
    |stage24RectsExtend_2_address0    |   27|          5|    8|         40|
    |stageTmp_reg_1495                |    9|          2|   32|         64|
    +---------------------------------+-----+-----------+-----+-----------+
    |Total                            | 1466|        290|  515|       2468|
    +---------------------------------+-----+-----------+-----+-----------+

    * Register: 
    +----------------------------------+----+----+-----+-----------+
    |               Name               | FF | LUT| Bits| Const Bits|
    +----------------------------------+----+----+-----+-----------+
    |ap_CS_fsm                         |  77|   0|   77|          0|
    |col_reg_1381                      |   5|   0|    5|          0|
    |coordUpL_0_1_reg_6125             |  11|   0|   11|          0|
    |coordUpL_0_2_reg_6190             |  11|   0|   11|          0|
    |coordUpL_1_1_reg_6435             |  11|   0|   11|          0|
    |coordUpL_1_2_reg_6506             |  11|   0|   11|          0|
    |coordUpL_1_reg_6300               |  11|   0|   11|          0|
    |coordUpL_2_1_reg_5835             |  11|   0|   11|          0|
    |coordUpL_2_2_reg_5890             |  11|   0|   11|          0|
    |coordUpL_2_reg_5720               |  11|   0|   11|          0|
    |coordUpL_3_1_reg_6767             |  11|   0|   11|          0|
    |coordUpL_3_2_reg_6843             |  11|   0|   11|          0|
    |coordUpL_3_reg_6632               |  11|   0|   11|          0|
    |coordUpL_reg_5975                 |  11|   0|   11|          0|
    |coordUpR_0_1_reg_6155             |  11|   0|   11|          0|
    |coordUpR_0_2_reg_6220             |  11|   0|   11|          0|
    |coordUpR_1_1_reg_6465             |  11|   0|   11|          0|
    |coordUpR_1_2_reg_6542             |  11|   0|   11|          0|
    |coordUpR_1_reg_6335               |  11|   0|   11|          0|
    |coordUpR_2_1_reg_5860             |  11|   0|   11|          0|
    |coordUpR_2_2_reg_5955             |  11|   0|   11|          0|
    |coordUpR_2_reg_5745               |  11|   0|   11|          0|
    |coordUpR_3_1_reg_6807             |  11|   0|   11|          0|
    |coordUpR_3_2_reg_6873             |  11|   0|   11|          0|
    |coordUpR_3_reg_6672               |  11|   0|   11|          0|
    |coordUpR_reg_6025                 |  11|   0|   11|          0|
    |ii_addr_1_reg_5612                |   7|   0|   10|          3|
    |indvars_iv15_cast_reg_5647        |   8|   0|   32|         24|
    |indvars_iv1_cast_reg_5632         |   8|   0|   32|         24|
    |indvars_iv1_reg_1392              |   8|   0|    8|          0|
    |indvars_iv2_reg_1403              |   8|   0|    8|          0|
    |indvars_iv3_reg_1460              |   8|   0|    8|          0|
    |indvars_iv4_reg_1471              |   8|   0|    8|          0|
    |indvars_iv5_cast_reg_5637         |   8|   0|   32|         24|
    |indvars_iv5_reg_1415              |   8|   0|    8|          0|
    |indvars_iv6_reg_1426              |   8|   0|    8|          0|
    |indvars_iv9_cast_reg_5642         |   8|   0|   32|         24|
    |indvars_iv9_reg_1438              |   8|   0|    8|          0|
    |indvars_iv_next1_reg_5710         |   8|   0|    8|          0|
    |indvars_iv_next2_reg_6597         |   8|   0|    8|          0|
    |indvars_iv_next3_reg_5695         |   8|   0|    8|          0|
    |indvars_iv_next4_reg_5970         |   8|   0|    8|          0|
    |indvars_iv_next5_reg_5715         |   8|   0|    8|          0|
    |indvars_iv_next6_reg_5700         |   8|   0|    8|          0|
    |indvars_iv_next7_reg_5705         |   8|   0|    8|          0|
    |indvars_iv_next_reg_6270          |   8|   0|    8|          0|
    |indvars_iv_reg_1449               |   8|   0|    8|          0|
    |lValue_1_1_reg_6963               |  12|   0|   12|          0|
    |lValue_1_2_reg_6526               |  32|   0|   32|          0|
    |lValue_1_3_reg_6979               |  12|   0|   12|          0|
    |lValue_1_reg_6822                 |  11|   0|   11|          0|
    |lineBuffer_addr_1_reg_5515        |  14|   0|   14|          0|
    |lineBuffer_addr_2_reg_5531        |  14|   0|   14|          0|
    |lineBuffer_load_reg_5520          |  16|   0|   16|          0|
    |mt1_reg_6175                      |  20|   0|   20|          0|
    |mt2_reg_6491                      |  20|   0|   20|          0|
    |mt3_reg_5875                      |  20|   0|   20|          0|
    |mt_reg_6828                       |  20|   0|   20|          0|
    |newIndex11_cast_reg_5660          |   8|   0|   32|         24|
    |newIndex16_cast_reg_6562          |   8|   0|   32|         24|
    |newIndex4_cast_reg_5910           |   8|   0|   32|         24|
    |newIndex_cast_reg_6235            |   8|   0|   32|         24|
    |nodeIdx_1_3_reg_6985              |   8|   0|    8|          0|
    |nodeIdx_cast_cast_reg_5652        |   8|   0|   11|          3|
    |nodeIdx_reg_1483                  |   8|   0|    8|          0|
    |notlhs3_reg_6933                  |   1|   0|    1|          0|
    |notlhs4_reg_6943                  |   1|   0|    1|          0|
    |notrhs3_reg_6938                  |   1|   0|    1|          0|
    |notrhs4_reg_6948                  |   1|   0|    1|          0|
    |reg_1545                          |  18|   0|   18|          0|
    |reg_1550                          |   5|   0|    5|          0|
    |reg_1554                          |   5|   0|    5|          0|
    |reg_1558                          |   5|   0|    5|          0|
    |reg_1562                          |   5|   0|    5|          0|
    |reg_1566                          |   2|   0|    2|          0|
    |reg_1570                          |   5|   0|    5|          0|
    |reg_1574                          |   5|   0|    5|          0|
    |reg_1578                          |   4|   0|    4|          0|
    |reg_1582                          |   4|   0|    4|          0|
    |reg_1586                          |   2|   0|    2|          0|
    |reg_1590                          |  18|   0|   18|          0|
    |reg_1594                          |  32|   0|   32|          0|
    |reg_1599                          |  32|   0|   32|          0|
    |reg_1604                          |  32|   0|   32|          0|
    |row_1_cast_reg_5564               |   5|   0|   32|         27|
    |row_1_reg_1370                    |   5|   0|    5|          0|
    |row_2_reg_5572                    |   5|   0|    5|          0|
    |row_cast_reg_5526                 |   5|   0|   32|         27|
    |row_reg_1359                      |   5|   0|    5|          0|
    |sel_tmp10_reg_6290                |   1|   0|    1|          0|
    |sel_tmp14_reg_6425                |   1|   0|    1|          0|
    |sel_tmp18_reg_6532                |   1|   0|    1|          0|
    |sel_tmp22_reg_6617                |   1|   0|    1|          0|
    |sel_tmp26_reg_5825                |   1|   0|    1|          0|
    |sel_tmp2_reg_6115                 |   1|   0|    1|          0|
    |sel_tmp30_reg_5945                |   1|   0|    1|          0|
    |sel_tmp34_reg_6010                |   1|   0|    1|          0|
    |sel_tmp38_reg_6757                |   1|   0|    1|          0|
    |sel_tmp42_reg_6863                |   1|   0|    1|          0|
    |sel_tmp46_reg_6903                |   1|   0|    1|          0|
    |sel_tmp5_reg_6210                 |   1|   0|    1|          0|
    |stage24RectsExtend_0_19_reg_6410  |   1|   0|    1|          0|
    |stage24RectsExtend_0_29_reg_5810  |   1|   0|    1|          0|
    |stage24RectsExtend_0_39_reg_6742  |   1|   0|    1|          0|
    |stage24RectsExtend_0_9_reg_6100   |   1|   0|    1|          0|
    |stageTmp_reg_1495                 |  32|   0|   32|          0|
    |sumA_2_0_2_reg_6295               |  19|   0|   19|          0|
    |sumA_2_1_2_reg_6622               |  19|   0|   19|          0|
    |sumA_2_1_reg_6430                 |  19|   0|   19|          0|
    |sumA_2_2_2_reg_6015               |  19|   0|   19|          0|
    |sumA_2_2_reg_5830                 |  19|   0|   19|          0|
    |sumA_2_3_2_reg_6908               |  19|   0|   19|          0|
    |sumA_2_3_reg_6762                 |  19|   0|   19|          0|
    |sumA_2_reg_6120                   |  19|   0|   19|          0|
    |sumB_2_0_1_reg_6215               |  19|   0|   19|          0|
    |sumB_2_0_2_reg_6325               |  19|   0|   19|          0|
    |sumB_2_1_1_reg_6537               |  19|   0|   19|          0|
    |sumB_2_1_2_reg_6662               |  19|   0|   19|          0|
    |sumB_2_1_reg_6460                 |  19|   0|   19|          0|
    |sumB_2_2_1_reg_5950               |  19|   0|   19|          0|
    |sumB_2_2_2_reg_6095               |  19|   0|   19|          0|
    |sumB_2_2_reg_5855                 |  19|   0|   19|          0|
    |sumB_2_3_1_reg_6868               |  19|   0|   19|          0|
    |sumB_2_3_2_reg_6923               |  19|   0|   19|          0|
    |sumB_2_3_reg_6802                 |  19|   0|   19|          0|
    |sumB_2_reg_6150                   |  19|   0|   19|          0|
    |sum_1_0_2_reg_6405                |  23|   0|   23|          0|
    |sum_1_1_2_reg_6737                |  23|   0|   23|          0|
    |sum_1_2_2_reg_6145                |  23|   0|   23|          0|
    |sum_1_3_2_reg_6928                |  23|   0|   23|          0|
    |tmp_11_reg_5627                   |  18|   0|   18|          0|
    |tmp_13_reg_5622                   |  18|   0|   18|          0|
    |tmp_14_reg_5607                   |  11|   0|   11|          0|
    |tmp_15_reg_5597                   |   5|   0|    5|          0|
    |tmp_24_0_1_reg_6132               |   1|   0|    1|          0|
    |tmp_24_0_2_reg_6197               |   1|   0|    1|          0|
    |tmp_24_1_1_reg_6442               |   1|   0|    1|          0|
    |tmp_24_1_2_reg_6513               |   1|   0|    1|          0|
    |tmp_24_1_reg_6307                 |   1|   0|    1|          0|
    |tmp_24_2_1_reg_5842               |   1|   0|    1|          0|
    |tmp_24_2_2_reg_5897               |   1|   0|    1|          0|
    |tmp_24_2_reg_5727                 |   1|   0|    1|          0|
    |tmp_24_3_1_reg_6774               |   1|   0|    1|          0|
    |tmp_24_3_2_reg_6850               |   1|   0|    1|          0|
    |tmp_24_3_reg_6639                 |   1|   0|    1|          0|
    |tmp_24_reg_5982                   |   1|   0|    1|          0|
    |tmp_25_0_1_reg_6139               |   1|   0|    1|          0|
    |tmp_25_0_2_reg_6204               |   1|   0|    1|          0|
    |tmp_25_1_1_reg_6449               |   1|   0|    1|          0|
    |tmp_25_1_2_reg_6520               |   1|   0|    1|          0|
    |tmp_25_1_reg_6314                 |   1|   0|    1|          0|
    |tmp_25_2_1_reg_5849               |   1|   0|    1|          0|
    |tmp_25_2_2_reg_5904               |   1|   0|    1|          0|
    |tmp_25_2_reg_5734                 |   1|   0|    1|          0|
    |tmp_25_3_1_reg_6781               |   1|   0|    1|          0|
    |tmp_25_3_2_reg_6857               |   1|   0|    1|          0|
    |tmp_25_3_reg_6646                 |   1|   0|    1|          0|
    |tmp_25_reg_5989                   |   1|   0|    1|          0|
    |tmp_34_0_1_reg_6275               |  20|   0|   20|          0|
    |tmp_34_1_1_reg_6602               |  20|   0|   20|          0|
    |tmp_34_2_1_reg_5995               |  20|   0|   20|          0|
    |tmp_34_3_1_reg_6888               |  20|   0|   20|          0|
    |tmp_35_0_1_reg_6320               |  22|   0|   22|          0|
    |tmp_35_1_1_reg_6657               |  22|   0|   22|          0|
    |tmp_35_2_1_reg_6090               |  22|   0|   22|          0|
    |tmp_35_3_1_reg_6918               |  22|   0|   22|          0|
    |tmp_37_reg_7010                   |  32|   0|   32|          0|
    |tmp_3_reg_5539                    |   5|   0|    5|          0|
    |tmp_40_reg_5549                   |  16|   0|   16|          0|
    |tmp_49_reg_6953                   |   1|   0|    1|          0|
    |tmp_4_reg_5559                    |  16|   0|   16|          0|
    |tmp_51_reg_7040                   |  32|   0|   32|          0|
    |tmp_52_reg_5544                   |  15|   0|   15|          0|
    |tmp_5_reg_5577                    |   8|   0|   11|          3|
    |tmp_64_reg_6486                   |   1|   0|    1|          0|
    |tmp_65_reg_7060                   |  32|   0|   32|          0|
    |tmp_66_reg_6787                   |   2|   0|    2|          0|
    |tmp_68_reg_6792                   |   9|   0|    9|          0|
    |tmp_6_reg_5589                    |   8|   0|   11|          3|
    |tmp_70_reg_6990                   |  31|   0|   31|          0|
    |tmp_76_reg_7090                   |  32|   0|   32|          0|
    |tmp_79_reg_7020                   |  31|   0|   31|          0|
    |tmp_82_reg_6627                   |  31|   0|   31|          0|
    |tmp_85_reg_7070                   |  31|   0|   31|          0|
    |tmp_8_2_reg_6480                  |  11|   0|   11|          0|
    |tmp_reg_5503                      |  15|   0|   15|          0|
    +----------------------------------+----+----+-----+-----------+
    |Total                             |2086|   0| 2344|        258|
    +----------------------------------+----+----+-----+-----------+



================================================================
== Interface
================================================================
* Summary: 
+-------------+-----+-----+------------+-----------------+--------------+
|  RTL Ports  | Dir | Bits|  Protocol  |  Source Object  |    C Type    |
+-------------+-----+-----+------------+-----------------+--------------+
|ap_clk       |  in |    1| ap_ctrl_hs | detectFaceS24ii | return value |
|ap_rst       |  in |    1| ap_ctrl_hs | detectFaceS24ii | return value |
|ap_start     |  in |    1| ap_ctrl_hs | detectFaceS24ii | return value |
|ap_done      | out |    1| ap_ctrl_hs | detectFaceS24ii | return value |
|ap_idle      | out |    1| ap_ctrl_hs | detectFaceS24ii | return value |
|ap_ready     | out |    1| ap_ctrl_hs | detectFaceS24ii | return value |
|ap_return    | out |   32| ap_ctrl_hs | detectFaceS24ii | return value |
|newPixel     |  in |   32|   ap_none  |     newPixel    |    scalar    |
|newPixelCol  |  in |   32|   ap_none  |   newPixelCol   |    scalar    |
+-------------+-----+-----+------------+-----------------+--------------+

